/home/james/Desktop/Team-D_group_project/group_d_ros2_ws/install/lane_keeping/lib/python3.8/site-packages/lane_keeping/lane_keeping.py
/home/james/Desktop/Team-D_group_project/group_d_ros2_ws/install/lane_keeping/lib/python3.8/site-packages/lane_keeping/__init__.py
/home/james/Desktop/Team-D_group_project/group_d_ros2_ws/install/lane_keeping/lib/python3.8/site-packages/lane_keeping/cli.py
/home/james/Desktop/Team-D_group_project/group_d_ros2_ws/install/lane_keeping/lib/python3.8/site-packages/lane_keeping/__pycache__/lane_keeping.cpython-38.pyc
/home/james/Desktop/Team-D_group_project/group_d_ros2_ws/install/lane_keeping/lib/python3.8/site-packages/lane_keeping/__pycache__/__init__.cpython-38.pyc
/home/james/Desktop/Team-D_group_project/group_d_ros2_ws/install/lane_keeping/lib/python3.8/site-packages/lane_keeping/__pycache__/cli.cpython-38.pyc
/home/james/Desktop/Team-D_group_project/group_d_ros2_ws/install/lane_keeping/share/ament_index/resource_index/packages/lane_keeping
/home/james/Desktop/Team-D_group_project/group_d_ros2_ws/install/lane_keeping/share/lane_keeping/package.xml
/home/james/Desktop/Team-D_group_project/group_d_ros2_ws/install/lane_keeping/share/lane_keeping/launch/lane_keeping.launch.py
/home/james/Desktop/Team-D_group_project/group_d_ros2_ws/install/lane_keeping/share/lane_keeping/rviz/lane_keeping.rviz
/home/james/Desktop/Team-D_group_project/group_d_ros2_ws/install/lane_keeping/share/lane_keeping/worlds/lane_keeping.sdf
/home/james/Desktop/Team-D_group_project/group_d_ros2_ws/install/lane_keeping/share/lane_keeping/worlds/lane_keeping.world
/home/james/Desktop/Team-D_group_project/group_d_ros2_ws/install/lane_keeping/lib/python3.8/site-packages/lane_keeping-0.0.0-py3.8.egg-info/PKG-INFO
/home/james/Desktop/Team-D_group_project/group_d_ros2_ws/install/lane_keeping/lib/python3.8/site-packages/lane_keeping-0.0.0-py3.8.egg-info/dependency_links.txt
/home/james/Desktop/Team-D_group_project/group_d_ros2_ws/install/lane_keeping/lib/python3.8/site-packages/lane_keeping-0.0.0-py3.8.egg-info/SOURCES.txt
/home/james/Desktop/Team-D_group_project/group_d_ros2_ws/install/lane_keeping/lib/python3.8/site-packages/lane_keeping-0.0.0-py3.8.egg-info/entry_points.txt
/home/james/Desktop/Team-D_group_project/group_d_ros2_ws/install/lane_keeping/lib/python3.8/site-packages/lane_keeping-0.0.0-py3.8.egg-info/zip-safe
/home/james/Desktop/Team-D_group_project/group_d_ros2_ws/install/lane_keeping/lib/python3.8/site-packages/lane_keeping-0.0.0-py3.8.egg-info/requires.txt
/home/james/Desktop/Team-D_group_project/group_d_ros2_ws/install/lane_keeping/lib/python3.8/site-packages/lane_keeping-0.0.0-py3.8.egg-info/top_level.txt
/home/james/Desktop/Team-D_group_project/group_d_ros2_ws/install/lane_keeping/lib/lane_keeping/lane_keeping
