running egg_info
writing ../../build/voice_recognition/voice_recognition.egg-info/PKG-INFO
writing dependency_links to ../../build/voice_recognition/voice_recognition.egg-info/dependency_links.txt
writing entry points to ../../build/voice_recognition/voice_recognition.egg-info/entry_points.txt
writing requirements to ../../build/voice_recognition/voice_recognition.egg-info/requires.txt
writing top-level names to ../../build/voice_recognition/voice_recognition.egg-info/top_level.txt
reading manifest file '../../build/voice_recognition/voice_recognition.egg-info/SOURCES.txt'
writing manifest file '../../build/voice_recognition/voice_recognition.egg-info/SOURCES.txt'
running build
running build_py
running install
running install_lib
running install_data
running install_egg_info
removing '/home/james/Desktop/Team-D_group_project/group_d_ros2_ws/install/voice_recognition/lib/python3.8/site-packages/voice_recognition-0.0.0-py3.8.egg-info' (and everything under it)
Copying ../../build/voice_recognition/voice_recognition.egg-info to /home/james/Desktop/Team-D_group_project/group_d_ros2_ws/install/voice_recognition/lib/python3.8/site-packages/voice_recognition-0.0.0-py3.8.egg-info
running install_scripts
Installing client_node script to /home/james/Desktop/Team-D_group_project/group_d_ros2_ws/install/voice_recognition/lib/voice_recognition
Installing server_node script to /home/james/Desktop/Team-D_group_project/group_d_ros2_ws/install/voice_recognition/lib/voice_recognition
writing list of installed files to '/home/james/Desktop/Team-D_group_project/group_d_ros2_ws/build/voice_recognition/install.log'
