[2.483s] Invoking command in '/home/james/Desktop/Team-D_group_project/group_d_ros2_ws/src/voice_recognition': PYTHONPATH=/home/james/Desktop/Team-D_group_project/group_d_ros2_ws/build/voice_recognition/prefix_override:/home/james/Desktop/Team-D_group_project/group_d_ros2_ws/install/voice_recognition/lib/python3.8/site-packages:${PYTHONPATH} /usr/bin/python3 setup.py egg_info --egg-base ../../build/voice_recognition build --build-base /home/james/Desktop/Team-D_group_project/group_d_ros2_ws/build/voice_recognition/build install --record /home/james/Desktop/Team-D_group_project/group_d_ros2_ws/build/voice_recognition/install.log --install-scripts $base/lib/voice_recognition --single-version-externally-managed
[2.835s] running egg_info
[2.861s] writing ../../build/voice_recognition/voice_recognition.egg-info/PKG-INFO
[2.861s] writing dependency_links to ../../build/voice_recognition/voice_recognition.egg-info/dependency_links.txt
[2.861s] writing entry points to ../../build/voice_recognition/voice_recognition.egg-info/entry_points.txt
[2.861s] writing requirements to ../../build/voice_recognition/voice_recognition.egg-info/requires.txt
[2.861s] writing top-level names to ../../build/voice_recognition/voice_recognition.egg-info/top_level.txt
[2.898s] reading manifest file '../../build/voice_recognition/voice_recognition.egg-info/SOURCES.txt'
[2.908s] writing manifest file '../../build/voice_recognition/voice_recognition.egg-info/SOURCES.txt'
[2.909s] running build
[2.909s] running build_py
[2.911s] running install
[2.922s] running install_lib
[2.922s] running install_data
[2.922s] running install_egg_info
[2.937s] removing '/home/james/Desktop/Team-D_group_project/group_d_ros2_ws/install/voice_recognition/lib/python3.8/site-packages/voice_recognition-0.0.0-py3.8.egg-info' (and everything under it)
[2.938s] Copying ../../build/voice_recognition/voice_recognition.egg-info to /home/james/Desktop/Team-D_group_project/group_d_ros2_ws/install/voice_recognition/lib/python3.8/site-packages/voice_recognition-0.0.0-py3.8.egg-info
[2.940s] running install_scripts
[2.987s] Installing client_node script to /home/james/Desktop/Team-D_group_project/group_d_ros2_ws/install/voice_recognition/lib/voice_recognition
[2.998s] Installing server_node script to /home/james/Desktop/Team-D_group_project/group_d_ros2_ws/install/voice_recognition/lib/voice_recognition
[3.000s] writing list of installed files to '/home/james/Desktop/Team-D_group_project/group_d_ros2_ws/build/voice_recognition/install.log'
[3.078s] Invoked command in '/home/james/Desktop/Team-D_group_project/group_d_ros2_ws/src/voice_recognition' returned '0': PYTHONPATH=/home/james/Desktop/Team-D_group_project/group_d_ros2_ws/build/voice_recognition/prefix_override:/home/james/Desktop/Team-D_group_project/group_d_ros2_ws/install/voice_recognition/lib/python3.8/site-packages:${PYTHONPATH} /usr/bin/python3 setup.py egg_info --egg-base ../../build/voice_recognition build --build-base /home/james/Desktop/Team-D_group_project/group_d_ros2_ws/build/voice_recognition/build install --record /home/james/Desktop/Team-D_group_project/group_d_ros2_ws/build/voice_recognition/install.log --install-scripts $base/lib/voice_recognition --single-version-externally-managed
