/home/james/Desktop/Team-D_group_project/group_d_ros2_ws/install/logging_monitoring/lib/python3.8/site-packages/logging_monitoring/obstacle_avoidance.py
/home/james/Desktop/Team-D_group_project/group_d_ros2_ws/install/logging_monitoring/lib/python3.8/site-packages/logging_monitoring/battery_power_node.py
/home/james/Desktop/Team-D_group_project/group_d_ros2_ws/install/logging_monitoring/lib/python3.8/site-packages/logging_monitoring/__init__.py
/home/james/Desktop/Team-D_group_project/group_d_ros2_ws/install/logging_monitoring/lib/python3.8/site-packages/logging_monitoring/sensor_data_simulator.py
/home/james/Desktop/Team-D_group_project/group_d_ros2_ws/install/logging_monitoring/lib/python3.8/site-packages/logging_monitoring/gesture_recognition_monitor_node.py
/home/james/Desktop/Team-D_group_project/group_d_ros2_ws/install/logging_monitoring/lib/python3.8/site-packages/logging_monitoring/emotion_recognition.py
/home/james/Desktop/Team-D_group_project/group_d_ros2_ws/install/logging_monitoring/lib/python3.8/site-packages/logging_monitoring/logging_node.py
/home/james/Desktop/Team-D_group_project/group_d_ros2_ws/install/logging_monitoring/lib/python3.8/site-packages/logging_monitoring/voice_recognition_monitor_node.py
/home/james/Desktop/Team-D_group_project/group_d_ros2_ws/install/logging_monitoring/lib/python3.8/site-packages/logging_monitoring/__pycache__/obstacle_avoidance.cpython-38.pyc
/home/james/Desktop/Team-D_group_project/group_d_ros2_ws/install/logging_monitoring/lib/python3.8/site-packages/logging_monitoring/__pycache__/battery_power_node.cpython-38.pyc
/home/james/Desktop/Team-D_group_project/group_d_ros2_ws/install/logging_monitoring/lib/python3.8/site-packages/logging_monitoring/__pycache__/__init__.cpython-38.pyc
/home/james/Desktop/Team-D_group_project/group_d_ros2_ws/install/logging_monitoring/lib/python3.8/site-packages/logging_monitoring/__pycache__/sensor_data_simulator.cpython-38.pyc
/home/james/Desktop/Team-D_group_project/group_d_ros2_ws/install/logging_monitoring/lib/python3.8/site-packages/logging_monitoring/__pycache__/gesture_recognition_monitor_node.cpython-38.pyc
/home/james/Desktop/Team-D_group_project/group_d_ros2_ws/install/logging_monitoring/lib/python3.8/site-packages/logging_monitoring/__pycache__/emotion_recognition.cpython-38.pyc
/home/james/Desktop/Team-D_group_project/group_d_ros2_ws/install/logging_monitoring/lib/python3.8/site-packages/logging_monitoring/__pycache__/logging_node.cpython-38.pyc
/home/james/Desktop/Team-D_group_project/group_d_ros2_ws/install/logging_monitoring/lib/python3.8/site-packages/logging_monitoring/__pycache__/voice_recognition_monitor_node.cpython-38.pyc
/home/james/Desktop/Team-D_group_project/group_d_ros2_ws/install/logging_monitoring/share/ament_index/resource_index/packages/logging_monitoring
/home/james/Desktop/Team-D_group_project/group_d_ros2_ws/install/logging_monitoring/share/logging_monitoring/package.xml
/home/james/Desktop/Team-D_group_project/group_d_ros2_ws/install/logging_monitoring/lib/python3.8/site-packages/logging_monitoring-0.0.0-py3.8.egg-info/PKG-INFO
/home/james/Desktop/Team-D_group_project/group_d_ros2_ws/install/logging_monitoring/lib/python3.8/site-packages/logging_monitoring-0.0.0-py3.8.egg-info/dependency_links.txt
/home/james/Desktop/Team-D_group_project/group_d_ros2_ws/install/logging_monitoring/lib/python3.8/site-packages/logging_monitoring-0.0.0-py3.8.egg-info/SOURCES.txt
/home/james/Desktop/Team-D_group_project/group_d_ros2_ws/install/logging_monitoring/lib/python3.8/site-packages/logging_monitoring-0.0.0-py3.8.egg-info/entry_points.txt
/home/james/Desktop/Team-D_group_project/group_d_ros2_ws/install/logging_monitoring/lib/python3.8/site-packages/logging_monitoring-0.0.0-py3.8.egg-info/zip-safe
/home/james/Desktop/Team-D_group_project/group_d_ros2_ws/install/logging_monitoring/lib/python3.8/site-packages/logging_monitoring-0.0.0-py3.8.egg-info/requires.txt
/home/james/Desktop/Team-D_group_project/group_d_ros2_ws/install/logging_monitoring/lib/python3.8/site-packages/logging_monitoring-0.0.0-py3.8.egg-info/top_level.txt
/home/james/Desktop/Team-D_group_project/group_d_ros2_ws/install/logging_monitoring/lib/logging_monitoring/battery_power_node
/home/james/Desktop/Team-D_group_project/group_d_ros2_ws/install/logging_monitoring/lib/logging_monitoring/error_warning_node
/home/james/Desktop/Team-D_group_project/group_d_ros2_ws/install/logging_monitoring/lib/logging_monitoring/localization_mapping_node
/home/james/Desktop/Team-D_group_project/group_d_ros2_ws/install/logging_monitoring/lib/logging_monitoring/logging_node
/home/james/Desktop/Team-D_group_project/group_d_ros2_ws/install/logging_monitoring/lib/logging_monitoring/navigation_node
/home/james/Desktop/Team-D_group_project/group_d_ros2_ws/install/logging_monitoring/lib/logging_monitoring/sensor_data_node
/home/james/Desktop/Team-D_group_project/group_d_ros2_ws/install/logging_monitoring/lib/logging_monitoring/system_health_node
