running egg_info
creating ../../build/cam_pub_sub/cam_pub_sub.egg-info
writing ../../build/cam_pub_sub/cam_pub_sub.egg-info/PKG-INFO
writing dependency_links to ../../build/cam_pub_sub/cam_pub_sub.egg-info/dependency_links.txt
writing entry points to ../../build/cam_pub_sub/cam_pub_sub.egg-info/entry_points.txt
writing requirements to ../../build/cam_pub_sub/cam_pub_sub.egg-info/requires.txt
writing top-level names to ../../build/cam_pub_sub/cam_pub_sub.egg-info/top_level.txt
writing manifest file '../../build/cam_pub_sub/cam_pub_sub.egg-info/SOURCES.txt'
reading manifest file '../../build/cam_pub_sub/cam_pub_sub.egg-info/SOURCES.txt'
writing manifest file '../../build/cam_pub_sub/cam_pub_sub.egg-info/SOURCES.txt'
running build
running build_py
creating /home/james/Desktop/Team-D_group_project/group_d_ros2_ws/build/cam_pub_sub/build
creating /home/james/Desktop/Team-D_group_project/group_d_ros2_ws/build/cam_pub_sub/build/lib
creating /home/james/Desktop/Team-D_group_project/group_d_ros2_ws/build/cam_pub_sub/build/lib/cam_pub_sub
copying cam_pub_sub/cam_pub.py -> /home/james/Desktop/Team-D_group_project/group_d_ros2_ws/build/cam_pub_sub/build/lib/cam_pub_sub
copying cam_pub_sub/__init__.py -> /home/james/Desktop/Team-D_group_project/group_d_ros2_ws/build/cam_pub_sub/build/lib/cam_pub_sub
copying cam_pub_sub/cam_sub.py -> /home/james/Desktop/Team-D_group_project/group_d_ros2_ws/build/cam_pub_sub/build/lib/cam_pub_sub
running install
running install_lib
creating /home/james/Desktop/Team-D_group_project/group_d_ros2_ws/install/cam_pub_sub/lib/python3.8/site-packages/cam_pub_sub
copying /home/james/Desktop/Team-D_group_project/group_d_ros2_ws/build/cam_pub_sub/build/lib/cam_pub_sub/cam_pub.py -> /home/james/Desktop/Team-D_group_project/group_d_ros2_ws/install/cam_pub_sub/lib/python3.8/site-packages/cam_pub_sub
copying /home/james/Desktop/Team-D_group_project/group_d_ros2_ws/build/cam_pub_sub/build/lib/cam_pub_sub/__init__.py -> /home/james/Desktop/Team-D_group_project/group_d_ros2_ws/install/cam_pub_sub/lib/python3.8/site-packages/cam_pub_sub
copying /home/james/Desktop/Team-D_group_project/group_d_ros2_ws/build/cam_pub_sub/build/lib/cam_pub_sub/cam_sub.py -> /home/james/Desktop/Team-D_group_project/group_d_ros2_ws/install/cam_pub_sub/lib/python3.8/site-packages/cam_pub_sub
byte-compiling /home/james/Desktop/Team-D_group_project/group_d_ros2_ws/install/cam_pub_sub/lib/python3.8/site-packages/cam_pub_sub/cam_pub.py to cam_pub.cpython-38.pyc
byte-compiling /home/james/Desktop/Team-D_group_project/group_d_ros2_ws/install/cam_pub_sub/lib/python3.8/site-packages/cam_pub_sub/__init__.py to __init__.cpython-38.pyc
byte-compiling /home/james/Desktop/Team-D_group_project/group_d_ros2_ws/install/cam_pub_sub/lib/python3.8/site-packages/cam_pub_sub/cam_sub.py to cam_sub.cpython-38.pyc
running install_data
creating /home/james/Desktop/Team-D_group_project/group_d_ros2_ws/install/cam_pub_sub/share/ament_index
creating /home/james/Desktop/Team-D_group_project/group_d_ros2_ws/install/cam_pub_sub/share/ament_index/resource_index
creating /home/james/Desktop/Team-D_group_project/group_d_ros2_ws/install/cam_pub_sub/share/ament_index/resource_index/packages
copying resource/cam_pub_sub -> /home/james/Desktop/Team-D_group_project/group_d_ros2_ws/install/cam_pub_sub/share/ament_index/resource_index/packages
copying package.xml -> /home/james/Desktop/Team-D_group_project/group_d_ros2_ws/install/cam_pub_sub/share/cam_pub_sub
creating /home/james/Desktop/Team-D_group_project/group_d_ros2_ws/install/cam_pub_sub/share/cam_pub_sub/launch
copying launch/cam_launch.py -> /home/james/Desktop/Team-D_group_project/group_d_ros2_ws/install/cam_pub_sub/share/cam_pub_sub/launch
running install_egg_info
Copying ../../build/cam_pub_sub/cam_pub_sub.egg-info to /home/james/Desktop/Team-D_group_project/group_d_ros2_ws/install/cam_pub_sub/lib/python3.8/site-packages/cam_pub_sub-0.0.0-py3.8.egg-info
running install_scripts
Installing cam_pub script to /home/james/Desktop/Team-D_group_project/group_d_ros2_ws/install/cam_pub_sub/lib/cam_pub_sub
Installing cam_sub script to /home/james/Desktop/Team-D_group_project/group_d_ros2_ws/install/cam_pub_sub/lib/cam_pub_sub
writing list of installed files to '/home/james/Desktop/Team-D_group_project/group_d_ros2_ws/build/cam_pub_sub/install.log'
