[2.054s] Invoking command in '/home/james/Desktop/Team-D_group_project/group_d_ros2_ws/src/emotion_recognition': PYTHONPATH=/home/james/Desktop/Team-D_group_project/group_d_ros2_ws/build/emotion_recognition/prefix_override:/home/james/Desktop/Team-D_group_project/group_d_ros2_ws/install/emotion_recognition/lib/python3.8/site-packages:${PYTHONPATH} /usr/bin/python3 setup.py egg_info --egg-base ../../build/emotion_recognition build --build-base /home/james/Desktop/Team-D_group_project/group_d_ros2_ws/build/emotion_recognition/build install --record /home/james/Desktop/Team-D_group_project/group_d_ros2_ws/build/emotion_recognition/install.log --single-version-externally-managed
[2.390s] running egg_info
[2.393s] writing ../../build/emotion_recognition/emotion_recognition.egg-info/PKG-INFO
[2.395s] writing dependency_links to ../../build/emotion_recognition/emotion_recognition.egg-info/dependency_links.txt
[2.396s] writing entry points to ../../build/emotion_recognition/emotion_recognition.egg-info/entry_points.txt
[2.396s] writing requirements to ../../build/emotion_recognition/emotion_recognition.egg-info/requires.txt
[2.397s] writing top-level names to ../../build/emotion_recognition/emotion_recognition.egg-info/top_level.txt
[2.440s] reading manifest file '../../build/emotion_recognition/emotion_recognition.egg-info/SOURCES.txt'
[2.441s] writing manifest file '../../build/emotion_recognition/emotion_recognition.egg-info/SOURCES.txt'
[2.442s] running build
[2.442s] running build_py
[2.442s] running install
[2.443s] running install_lib
[2.445s] running install_egg_info
[2.447s] removing '/home/james/Desktop/Team-D_group_project/group_d_ros2_ws/install/emotion_recognition/lib/python3.8/site-packages/emotion_recognition-0.0.0-py3.8.egg-info' (and everything under it)
[2.456s] Copying ../../build/emotion_recognition/emotion_recognition.egg-info to /home/james/Desktop/Team-D_group_project/group_d_ros2_ws/install/emotion_recognition/lib/python3.8/site-packages/emotion_recognition-0.0.0-py3.8.egg-info
[2.457s] running install_scripts
[2.483s] Installing camera_node script to /home/james/Desktop/Team-D_group_project/group_d_ros2_ws/install/emotion_recognition/lib/emotion_recognition
[2.486s] Installing emotion_cli script to /home/james/Desktop/Team-D_group_project/group_d_ros2_ws/install/emotion_recognition/lib/emotion_recognition
[2.486s] Installing emotion_recognition_node script to /home/james/Desktop/Team-D_group_project/group_d_ros2_ws/install/emotion_recognition/lib/emotion_recognition
[2.486s] writing list of installed files to '/home/james/Desktop/Team-D_group_project/group_d_ros2_ws/build/emotion_recognition/install.log'
[2.609s] Invoked command in '/home/james/Desktop/Team-D_group_project/group_d_ros2_ws/src/emotion_recognition' returned '0': PYTHONPATH=/home/james/Desktop/Team-D_group_project/group_d_ros2_ws/build/emotion_recognition/prefix_override:/home/james/Desktop/Team-D_group_project/group_d_ros2_ws/install/emotion_recognition/lib/python3.8/site-packages:${PYTHONPATH} /usr/bin/python3 setup.py egg_info --egg-base ../../build/emotion_recognition build --build-base /home/james/Desktop/Team-D_group_project/group_d_ros2_ws/build/emotion_recognition/build install --record /home/james/Desktop/Team-D_group_project/group_d_ros2_ws/build/emotion_recognition/install.log --single-version-externally-managed
