[1.537s] Invoking command in '/home/james/Desktop/Team-D_group_project/group_d_ros2_ws/src/gesture_pub_sub': AMENT_PREFIX_PATH=/home/james/Desktop/Team-D_group_project/group_d_ros2_ws/install/cam_pub_sub:/home/james/Desktop/Team-D_group_project/group_d_ros2_ws/install/gesture_interface:/home/james/Desktop/Team-D_group_project/group_d_ros2_ws/install/cam_interface:${AMENT_PREFIX_PATH} CMAKE_PREFIX_PATH=/home/james/Desktop/Team-D_group_project/group_d_ros2_ws/install/gesture_interface:/home/james/Desktop/Team-D_group_project/group_d_ros2_ws/install/cam_interface LD_LIBRARY_PATH=/home/james/Desktop/Team-D_group_project/group_d_ros2_ws/install/gesture_interface/lib:/home/james/Desktop/Team-D_group_project/group_d_ros2_ws/install/cam_interface/lib:${LD_LIBRARY_PATH} PYTHONPATH=/home/james/Desktop/Team-D_group_project/group_d_ros2_ws/build/gesture_pub_sub/prefix_override:/home/james/Desktop/Team-D_group_project/group_d_ros2_ws/install/gesture_pub_sub/lib/python3.8/site-packages:/home/james/Desktop/Team-D_group_project/group_d_ros2_ws/install/cam_pub_sub/lib/python3.8/site-packages:/home/james/Desktop/Team-D_group_project/group_d_ros2_ws/install/gesture_interface/lib/python3.8/site-packages:/home/james/Desktop/Team-D_group_project/group_d_ros2_ws/install/cam_interface/lib/python3.8/site-packages:${PYTHONPATH} /usr/bin/python3 setup.py egg_info --egg-base ../../build/gesture_pub_sub build --build-base /home/james/Desktop/Team-D_group_project/group_d_ros2_ws/build/gesture_pub_sub/build install --record /home/james/Desktop/Team-D_group_project/group_d_ros2_ws/build/gesture_pub_sub/install.log --install-scripts $base/lib/gesture_pub_sub --single-version-externally-managed
[1.771s] running egg_info
[1.772s] creating ../../build/gesture_pub_sub/gesture_pub_sub.egg-info
[1.773s] writing ../../build/gesture_pub_sub/gesture_pub_sub.egg-info/PKG-INFO
[1.774s] writing dependency_links to ../../build/gesture_pub_sub/gesture_pub_sub.egg-info/dependency_links.txt
[1.774s] writing entry points to ../../build/gesture_pub_sub/gesture_pub_sub.egg-info/entry_points.txt
[1.774s] writing requirements to ../../build/gesture_pub_sub/gesture_pub_sub.egg-info/requires.txt
[1.774s] writing top-level names to ../../build/gesture_pub_sub/gesture_pub_sub.egg-info/top_level.txt
[1.775s] writing manifest file '../../build/gesture_pub_sub/gesture_pub_sub.egg-info/SOURCES.txt'
[1.826s] reading manifest file '../../build/gesture_pub_sub/gesture_pub_sub.egg-info/SOURCES.txt'
[1.828s] writing manifest file '../../build/gesture_pub_sub/gesture_pub_sub.egg-info/SOURCES.txt'
[1.829s] running build
[1.829s] running build_py
[1.829s] creating /home/james/Desktop/Team-D_group_project/group_d_ros2_ws/build/gesture_pub_sub/build
[1.830s] creating /home/james/Desktop/Team-D_group_project/group_d_ros2_ws/build/gesture_pub_sub/build/lib
[1.830s] creating /home/james/Desktop/Team-D_group_project/group_d_ros2_ws/build/gesture_pub_sub/build/lib/gesture_pub_sub
[1.830s] copying gesture_pub_sub/ges_sub_turtlesim.py -> /home/james/Desktop/Team-D_group_project/group_d_ros2_ws/build/gesture_pub_sub/build/lib/gesture_pub_sub
[1.831s] copying gesture_pub_sub/ges_pub.py -> /home/james/Desktop/Team-D_group_project/group_d_ros2_ws/build/gesture_pub_sub/build/lib/gesture_pub_sub
[1.831s] copying gesture_pub_sub/gesture_detector.py -> /home/james/Desktop/Team-D_group_project/group_d_ros2_ws/build/gesture_pub_sub/build/lib/gesture_pub_sub
[1.832s] copying gesture_pub_sub/__init__.py -> /home/james/Desktop/Team-D_group_project/group_d_ros2_ws/build/gesture_pub_sub/build/lib/gesture_pub_sub
[1.832s] running install
[1.833s] running install_lib
[1.835s] creating /home/james/Desktop/Team-D_group_project/group_d_ros2_ws/install/gesture_pub_sub/lib/python3.8/site-packages/gesture_pub_sub
[1.835s] copying /home/james/Desktop/Team-D_group_project/group_d_ros2_ws/build/gesture_pub_sub/build/lib/gesture_pub_sub/ges_sub_turtlesim.py -> /home/james/Desktop/Team-D_group_project/group_d_ros2_ws/install/gesture_pub_sub/lib/python3.8/site-packages/gesture_pub_sub
[1.836s] copying /home/james/Desktop/Team-D_group_project/group_d_ros2_ws/build/gesture_pub_sub/build/lib/gesture_pub_sub/ges_pub.py -> /home/james/Desktop/Team-D_group_project/group_d_ros2_ws/install/gesture_pub_sub/lib/python3.8/site-packages/gesture_pub_sub
[1.836s] copying /home/james/Desktop/Team-D_group_project/group_d_ros2_ws/build/gesture_pub_sub/build/lib/gesture_pub_sub/gesture_detector.py -> /home/james/Desktop/Team-D_group_project/group_d_ros2_ws/install/gesture_pub_sub/lib/python3.8/site-packages/gesture_pub_sub
[1.836s] copying /home/james/Desktop/Team-D_group_project/group_d_ros2_ws/build/gesture_pub_sub/build/lib/gesture_pub_sub/__init__.py -> /home/james/Desktop/Team-D_group_project/group_d_ros2_ws/install/gesture_pub_sub/lib/python3.8/site-packages/gesture_pub_sub
[1.837s] byte-compiling /home/james/Desktop/Team-D_group_project/group_d_ros2_ws/install/gesture_pub_sub/lib/python3.8/site-packages/gesture_pub_sub/ges_sub_turtlesim.py to ges_sub_turtlesim.cpython-38.pyc
[1.839s] byte-compiling /home/james/Desktop/Team-D_group_project/group_d_ros2_ws/install/gesture_pub_sub/lib/python3.8/site-packages/gesture_pub_sub/ges_pub.py to ges_pub.cpython-38.pyc
[1.840s] byte-compiling /home/james/Desktop/Team-D_group_project/group_d_ros2_ws/install/gesture_pub_sub/lib/python3.8/site-packages/gesture_pub_sub/gesture_detector.py to gesture_detector.cpython-38.pyc
[1.841s] byte-compiling /home/james/Desktop/Team-D_group_project/group_d_ros2_ws/install/gesture_pub_sub/lib/python3.8/site-packages/gesture_pub_sub/__init__.py to __init__.cpython-38.pyc
[1.841s] running install_data
[1.843s] creating /home/james/Desktop/Team-D_group_project/group_d_ros2_ws/install/gesture_pub_sub/share/ament_index
[1.843s] creating /home/james/Desktop/Team-D_group_project/group_d_ros2_ws/install/gesture_pub_sub/share/ament_index/resource_index
[1.843s] creating /home/james/Desktop/Team-D_group_project/group_d_ros2_ws/install/gesture_pub_sub/share/ament_index/resource_index/packages
[1.844s] copying resource/gesture_pub_sub -> /home/james/Desktop/Team-D_group_project/group_d_ros2_ws/install/gesture_pub_sub/share/ament_index/resource_index/packages
[1.844s] copying package.xml -> /home/james/Desktop/Team-D_group_project/group_d_ros2_ws/install/gesture_pub_sub/share/gesture_pub_sub
[1.844s] creating /home/james/Desktop/Team-D_group_project/group_d_ros2_ws/install/gesture_pub_sub/share/gesture_pub_sub/launch
[1.845s] copying launch/gesture_turtlesim_launch.py -> /home/james/Desktop/Team-D_group_project/group_d_ros2_ws/install/gesture_pub_sub/share/gesture_pub_sub/launch
[1.845s] running install_egg_info
[1.847s] Copying ../../build/gesture_pub_sub/gesture_pub_sub.egg-info to /home/james/Desktop/Team-D_group_project/group_d_ros2_ws/install/gesture_pub_sub/lib/python3.8/site-packages/gesture_pub_sub-0.0.0-py3.8.egg-info
[1.848s] running install_scripts
[1.876s] Installing gesture_publisher script to /home/james/Desktop/Team-D_group_project/group_d_ros2_ws/install/gesture_pub_sub/lib/gesture_pub_sub
[1.876s] Installing gesture_subscriber script to /home/james/Desktop/Team-D_group_project/group_d_ros2_ws/install/gesture_pub_sub/lib/gesture_pub_sub
[1.876s] writing list of installed files to '/home/james/Desktop/Team-D_group_project/group_d_ros2_ws/build/gesture_pub_sub/install.log'
[1.914s] Invoked command in '/home/james/Desktop/Team-D_group_project/group_d_ros2_ws/src/gesture_pub_sub' returned '0': AMENT_PREFIX_PATH=/home/james/Desktop/Team-D_group_project/group_d_ros2_ws/install/cam_pub_sub:/home/james/Desktop/Team-D_group_project/group_d_ros2_ws/install/gesture_interface:/home/james/Desktop/Team-D_group_project/group_d_ros2_ws/install/cam_interface:${AMENT_PREFIX_PATH} CMAKE_PREFIX_PATH=/home/james/Desktop/Team-D_group_project/group_d_ros2_ws/install/gesture_interface:/home/james/Desktop/Team-D_group_project/group_d_ros2_ws/install/cam_interface LD_LIBRARY_PATH=/home/james/Desktop/Team-D_group_project/group_d_ros2_ws/install/gesture_interface/lib:/home/james/Desktop/Team-D_group_project/group_d_ros2_ws/install/cam_interface/lib:${LD_LIBRARY_PATH} PYTHONPATH=/home/james/Desktop/Team-D_group_project/group_d_ros2_ws/build/gesture_pub_sub/prefix_override:/home/james/Desktop/Team-D_group_project/group_d_ros2_ws/install/gesture_pub_sub/lib/python3.8/site-packages:/home/james/Desktop/Team-D_group_project/group_d_ros2_ws/install/cam_pub_sub/lib/python3.8/site-packages:/home/james/Desktop/Team-D_group_project/group_d_ros2_ws/install/gesture_interface/lib/python3.8/site-packages:/home/james/Desktop/Team-D_group_project/group_d_ros2_ws/install/cam_interface/lib/python3.8/site-packages:${PYTHONPATH} /usr/bin/python3 setup.py egg_info --egg-base ../../build/gesture_pub_sub build --build-base /home/james/Desktop/Team-D_group_project/group_d_ros2_ws/build/gesture_pub_sub/build install --record /home/james/Desktop/Team-D_group_project/group_d_ros2_ws/build/gesture_pub_sub/install.log --install-scripts $base/lib/gesture_pub_sub --single-version-externally-managed
