running egg_info
creating ../../build/emotion_recognition/emotion_recognition.egg-info
writing ../../build/emotion_recognition/emotion_recognition.egg-info/PKG-INFO
writing dependency_links to ../../build/emotion_recognition/emotion_recognition.egg-info/dependency_links.txt
writing entry points to ../../build/emotion_recognition/emotion_recognition.egg-info/entry_points.txt
writing requirements to ../../build/emotion_recognition/emotion_recognition.egg-info/requires.txt
writing top-level names to ../../build/emotion_recognition/emotion_recognition.egg-info/top_level.txt
writing manifest file '../../build/emotion_recognition/emotion_recognition.egg-info/SOURCES.txt'
reading manifest file '../../build/emotion_recognition/emotion_recognition.egg-info/SOURCES.txt'
writing manifest file '../../build/emotion_recognition/emotion_recognition.egg-info/SOURCES.txt'
running build
running build_py
creating /home/james/Desktop/Team-D_group_project/group_d_ros2_ws/build/emotion_recognition/build
creating /home/james/Desktop/Team-D_group_project/group_d_ros2_ws/build/emotion_recognition/build/lib
creating /home/james/Desktop/Team-D_group_project/group_d_ros2_ws/build/emotion_recognition/build/lib/emotion_recognition
copying emotion_recognition/emotion_recognition_node.py -> /home/james/Desktop/Team-D_group_project/group_d_ros2_ws/build/emotion_recognition/build/lib/emotion_recognition
copying emotion_recognition/__init__.py -> /home/james/Desktop/Team-D_group_project/group_d_ros2_ws/build/emotion_recognition/build/lib/emotion_recognition
copying emotion_recognition/camera_node.py -> /home/james/Desktop/Team-D_group_project/group_d_ros2_ws/build/emotion_recognition/build/lib/emotion_recognition
copying emotion_recognition/cli.py -> /home/james/Desktop/Team-D_group_project/group_d_ros2_ws/build/emotion_recognition/build/lib/emotion_recognition
running install
running install_lib
creating /home/james/Desktop/Team-D_group_project/group_d_ros2_ws/install/emotion_recognition/lib/python3.8/site-packages/emotion_recognition
copying /home/james/Desktop/Team-D_group_project/group_d_ros2_ws/build/emotion_recognition/build/lib/emotion_recognition/emotion_recognition_node.py -> /home/james/Desktop/Team-D_group_project/group_d_ros2_ws/install/emotion_recognition/lib/python3.8/site-packages/emotion_recognition
copying /home/james/Desktop/Team-D_group_project/group_d_ros2_ws/build/emotion_recognition/build/lib/emotion_recognition/__init__.py -> /home/james/Desktop/Team-D_group_project/group_d_ros2_ws/install/emotion_recognition/lib/python3.8/site-packages/emotion_recognition
copying /home/james/Desktop/Team-D_group_project/group_d_ros2_ws/build/emotion_recognition/build/lib/emotion_recognition/camera_node.py -> /home/james/Desktop/Team-D_group_project/group_d_ros2_ws/install/emotion_recognition/lib/python3.8/site-packages/emotion_recognition
copying /home/james/Desktop/Team-D_group_project/group_d_ros2_ws/build/emotion_recognition/build/lib/emotion_recognition/cli.py -> /home/james/Desktop/Team-D_group_project/group_d_ros2_ws/install/emotion_recognition/lib/python3.8/site-packages/emotion_recognition
byte-compiling /home/james/Desktop/Team-D_group_project/group_d_ros2_ws/install/emotion_recognition/lib/python3.8/site-packages/emotion_recognition/emotion_recognition_node.py to emotion_recognition_node.cpython-38.pyc
byte-compiling /home/james/Desktop/Team-D_group_project/group_d_ros2_ws/install/emotion_recognition/lib/python3.8/site-packages/emotion_recognition/__init__.py to __init__.cpython-38.pyc
byte-compiling /home/james/Desktop/Team-D_group_project/group_d_ros2_ws/install/emotion_recognition/lib/python3.8/site-packages/emotion_recognition/camera_node.py to camera_node.cpython-38.pyc
byte-compiling /home/james/Desktop/Team-D_group_project/group_d_ros2_ws/install/emotion_recognition/lib/python3.8/site-packages/emotion_recognition/cli.py to cli.cpython-38.pyc
running install_egg_info
Copying ../../build/emotion_recognition/emotion_recognition.egg-info to /home/james/Desktop/Team-D_group_project/group_d_ros2_ws/install/emotion_recognition/lib/python3.8/site-packages/emotion_recognition-0.0.0-py3.8.egg-info
running install_scripts
Installing camera_node script to /home/james/Desktop/Team-D_group_project/group_d_ros2_ws/install/emotion_recognition/lib/emotion_recognition
Installing emotion_cli script to /home/james/Desktop/Team-D_group_project/group_d_ros2_ws/install/emotion_recognition/lib/emotion_recognition
Installing emotion_recognition_node script to /home/james/Desktop/Team-D_group_project/group_d_ros2_ws/install/emotion_recognition/lib/emotion_recognition
writing list of installed files to '/home/james/Desktop/Team-D_group_project/group_d_ros2_ws/build/emotion_recognition/install.log'
