[1.750s] Invoking command in '/home/james/Desktop/Team-D_group_project/group_d_ros2_ws/src/logging_monitoring': PYTHONPATH=/home/james/Desktop/Team-D_group_project/group_d_ros2_ws/build/logging_monitoring/prefix_override:/home/james/Desktop/Team-D_group_project/group_d_ros2_ws/install/logging_monitoring/lib/python3.8/site-packages:${PYTHONPATH} /usr/bin/python3 setup.py egg_info --egg-base ../../build/logging_monitoring build --build-base /home/james/Desktop/Team-D_group_project/group_d_ros2_ws/build/logging_monitoring/build install --record /home/james/Desktop/Team-D_group_project/group_d_ros2_ws/build/logging_monitoring/install.log --install-scripts $base/lib/logging_monitoring --single-version-externally-managed
[2.130s] running egg_info
[2.131s] writing ../../build/logging_monitoring/logging_monitoring.egg-info/PKG-INFO
[2.132s] writing dependency_links to ../../build/logging_monitoring/logging_monitoring.egg-info/dependency_links.txt
[2.133s] writing entry points to ../../build/logging_monitoring/logging_monitoring.egg-info/entry_points.txt
[2.134s] writing requirements to ../../build/logging_monitoring/logging_monitoring.egg-info/requires.txt
[2.134s] writing top-level names to ../../build/logging_monitoring/logging_monitoring.egg-info/top_level.txt
[2.190s] reading manifest file '../../build/logging_monitoring/logging_monitoring.egg-info/SOURCES.txt'
[2.193s] writing manifest file '../../build/logging_monitoring/logging_monitoring.egg-info/SOURCES.txt'
[2.193s] running build
[2.193s] running build_py
[2.203s] running install
[2.203s] running install_lib
[2.203s] running install_data
[2.204s] running install_egg_info
[2.204s] removing '/home/james/Desktop/Team-D_group_project/group_d_ros2_ws/install/logging_monitoring/lib/python3.8/site-packages/logging_monitoring-0.0.0-py3.8.egg-info' (and everything under it)
[2.235s] Copying ../../build/logging_monitoring/logging_monitoring.egg-info to /home/james/Desktop/Team-D_group_project/group_d_ros2_ws/install/logging_monitoring/lib/python3.8/site-packages/logging_monitoring-0.0.0-py3.8.egg-info
[2.235s] running install_scripts
[2.260s] Installing battery_power_node script to /home/james/Desktop/Team-D_group_project/group_d_ros2_ws/install/logging_monitoring/lib/logging_monitoring
[2.264s] Installing error_warning_node script to /home/james/Desktop/Team-D_group_project/group_d_ros2_ws/install/logging_monitoring/lib/logging_monitoring
[2.268s] Installing localization_mapping_node script to /home/james/Desktop/Team-D_group_project/group_d_ros2_ws/install/logging_monitoring/lib/logging_monitoring
[2.269s] Installing logging_node script to /home/james/Desktop/Team-D_group_project/group_d_ros2_ws/install/logging_monitoring/lib/logging_monitoring
[2.274s] Installing navigation_node script to /home/james/Desktop/Team-D_group_project/group_d_ros2_ws/install/logging_monitoring/lib/logging_monitoring
[2.283s] Installing sensor_data_node script to /home/james/Desktop/Team-D_group_project/group_d_ros2_ws/install/logging_monitoring/lib/logging_monitoring
[2.295s] Installing system_health_node script to /home/james/Desktop/Team-D_group_project/group_d_ros2_ws/install/logging_monitoring/lib/logging_monitoring
[2.295s] writing list of installed files to '/home/james/Desktop/Team-D_group_project/group_d_ros2_ws/build/logging_monitoring/install.log'
[2.359s] Invoked command in '/home/james/Desktop/Team-D_group_project/group_d_ros2_ws/src/logging_monitoring' returned '0': PYTHONPATH=/home/james/Desktop/Team-D_group_project/group_d_ros2_ws/build/logging_monitoring/prefix_override:/home/james/Desktop/Team-D_group_project/group_d_ros2_ws/install/logging_monitoring/lib/python3.8/site-packages:${PYTHONPATH} /usr/bin/python3 setup.py egg_info --egg-base ../../build/logging_monitoring build --build-base /home/james/Desktop/Team-D_group_project/group_d_ros2_ws/build/logging_monitoring/build install --record /home/james/Desktop/Team-D_group_project/group_d_ros2_ws/build/logging_monitoring/install.log --install-scripts $base/lib/logging_monitoring --single-version-externally-managed
