running egg_info
creating ../../build/lane_keeping/lane_keeping.egg-info
writing ../../build/lane_keeping/lane_keeping.egg-info/PKG-INFO
writing dependency_links to ../../build/lane_keeping/lane_keeping.egg-info/dependency_links.txt
writing entry points to ../../build/lane_keeping/lane_keeping.egg-info/entry_points.txt
writing requirements to ../../build/lane_keeping/lane_keeping.egg-info/requires.txt
writing top-level names to ../../build/lane_keeping/lane_keeping.egg-info/top_level.txt
writing manifest file '../../build/lane_keeping/lane_keeping.egg-info/SOURCES.txt'
reading manifest file '../../build/lane_keeping/lane_keeping.egg-info/SOURCES.txt'
writing manifest file '../../build/lane_keeping/lane_keeping.egg-info/SOURCES.txt'
running build
running build_py
creating /home/james/Desktop/Team-D_group_project/group_d_ros2_ws/build/lane_keeping/build
creating /home/james/Desktop/Team-D_group_project/group_d_ros2_ws/build/lane_keeping/build/lib
creating /home/james/Desktop/Team-D_group_project/group_d_ros2_ws/build/lane_keeping/build/lib/lane_keeping
copying lane_keeping/lane_keeping.py -> /home/james/Desktop/Team-D_group_project/group_d_ros2_ws/build/lane_keeping/build/lib/lane_keeping
copying lane_keeping/__init__.py -> /home/james/Desktop/Team-D_group_project/group_d_ros2_ws/build/lane_keeping/build/lib/lane_keeping
copying lane_keeping/cli.py -> /home/james/Desktop/Team-D_group_project/group_d_ros2_ws/build/lane_keeping/build/lib/lane_keeping
running install
running install_lib
creating /home/james/Desktop/Team-D_group_project/group_d_ros2_ws/install/lane_keeping/lib/python3.8/site-packages/lane_keeping
copying /home/james/Desktop/Team-D_group_project/group_d_ros2_ws/build/lane_keeping/build/lib/lane_keeping/lane_keeping.py -> /home/james/Desktop/Team-D_group_project/group_d_ros2_ws/install/lane_keeping/lib/python3.8/site-packages/lane_keeping
copying /home/james/Desktop/Team-D_group_project/group_d_ros2_ws/build/lane_keeping/build/lib/lane_keeping/__init__.py -> /home/james/Desktop/Team-D_group_project/group_d_ros2_ws/install/lane_keeping/lib/python3.8/site-packages/lane_keeping
copying /home/james/Desktop/Team-D_group_project/group_d_ros2_ws/build/lane_keeping/build/lib/lane_keeping/cli.py -> /home/james/Desktop/Team-D_group_project/group_d_ros2_ws/install/lane_keeping/lib/python3.8/site-packages/lane_keeping
byte-compiling /home/james/Desktop/Team-D_group_project/group_d_ros2_ws/install/lane_keeping/lib/python3.8/site-packages/lane_keeping/lane_keeping.py to lane_keeping.cpython-38.pyc
byte-compiling /home/james/Desktop/Team-D_group_project/group_d_ros2_ws/install/lane_keeping/lib/python3.8/site-packages/lane_keeping/__init__.py to __init__.cpython-38.pyc
byte-compiling /home/james/Desktop/Team-D_group_project/group_d_ros2_ws/install/lane_keeping/lib/python3.8/site-packages/lane_keeping/cli.py to cli.cpython-38.pyc
running install_data
creating /home/james/Desktop/Team-D_group_project/group_d_ros2_ws/install/lane_keeping/share/ament_index
creating /home/james/Desktop/Team-D_group_project/group_d_ros2_ws/install/lane_keeping/share/ament_index/resource_index
creating /home/james/Desktop/Team-D_group_project/group_d_ros2_ws/install/lane_keeping/share/ament_index/resource_index/packages
copying resource/lane_keeping -> /home/james/Desktop/Team-D_group_project/group_d_ros2_ws/install/lane_keeping/share/ament_index/resource_index/packages
copying package.xml -> /home/james/Desktop/Team-D_group_project/group_d_ros2_ws/install/lane_keeping/share/lane_keeping
creating /home/james/Desktop/Team-D_group_project/group_d_ros2_ws/install/lane_keeping/share/lane_keeping/launch
copying launch/lane_keeping.launch.py -> /home/james/Desktop/Team-D_group_project/group_d_ros2_ws/install/lane_keeping/share/lane_keeping/launch
creating /home/james/Desktop/Team-D_group_project/group_d_ros2_ws/install/lane_keeping/share/lane_keeping/rviz
copying rviz/lane_keeping.rviz -> /home/james/Desktop/Team-D_group_project/group_d_ros2_ws/install/lane_keeping/share/lane_keeping/rviz
creating /home/james/Desktop/Team-D_group_project/group_d_ros2_ws/install/lane_keeping/share/lane_keeping/worlds
copying worlds/lane_keeping.sdf -> /home/james/Desktop/Team-D_group_project/group_d_ros2_ws/install/lane_keeping/share/lane_keeping/worlds
copying worlds/lane_keeping.world -> /home/james/Desktop/Team-D_group_project/group_d_ros2_ws/install/lane_keeping/share/lane_keeping/worlds
running install_egg_info
Copying ../../build/lane_keeping/lane_keeping.egg-info to /home/james/Desktop/Team-D_group_project/group_d_ros2_ws/install/lane_keeping/lib/python3.8/site-packages/lane_keeping-0.0.0-py3.8.egg-info
running install_scripts
Installing lane_keeping script to /home/james/Desktop/Team-D_group_project/group_d_ros2_ws/install/lane_keeping/lib/lane_keeping
writing list of installed files to '/home/james/Desktop/Team-D_group_project/group_d_ros2_ws/build/lane_keeping/install.log'
