[1.915s] Invoking command in '/home/james/Desktop/Team-D_group_project/group_d_ros2_ws/src/lane_keeping': PYTHONPATH=/home/james/Desktop/Team-D_group_project/group_d_ros2_ws/build/lane_keeping/prefix_override:/home/james/Desktop/Team-D_group_project/group_d_ros2_ws/install/lane_keeping/lib/python3.8/site-packages:${PYTHONPATH} /usr/bin/python3 setup.py egg_info --egg-base ../../build/lane_keeping build --build-base /home/james/Desktop/Team-D_group_project/group_d_ros2_ws/build/lane_keeping/build install --record /home/james/Desktop/Team-D_group_project/group_d_ros2_ws/build/lane_keeping/install.log --install-scripts $base/lib/lane_keeping --single-version-externally-managed
[2.256s] running egg_info
[2.260s] creating ../../build/lane_keeping/lane_keeping.egg-info
[2.260s] writing ../../build/lane_keeping/lane_keeping.egg-info/PKG-INFO
[2.260s] writing dependency_links to ../../build/lane_keeping/lane_keeping.egg-info/dependency_links.txt
[2.260s] writing entry points to ../../build/lane_keeping/lane_keeping.egg-info/entry_points.txt
[2.260s] writing requirements to ../../build/lane_keeping/lane_keeping.egg-info/requires.txt
[2.261s] writing top-level names to ../../build/lane_keeping/lane_keeping.egg-info/top_level.txt
[2.263s] writing manifest file '../../build/lane_keeping/lane_keeping.egg-info/SOURCES.txt'
[2.306s] reading manifest file '../../build/lane_keeping/lane_keeping.egg-info/SOURCES.txt'
[2.307s] writing manifest file '../../build/lane_keeping/lane_keeping.egg-info/SOURCES.txt'
[2.307s] running build
[2.307s] running build_py
[2.307s] creating /home/james/Desktop/Team-D_group_project/group_d_ros2_ws/build/lane_keeping/build
[2.308s] creating /home/james/Desktop/Team-D_group_project/group_d_ros2_ws/build/lane_keeping/build/lib
[2.308s] creating /home/james/Desktop/Team-D_group_project/group_d_ros2_ws/build/lane_keeping/build/lib/lane_keeping
[2.308s] copying lane_keeping/lane_keeping.py -> /home/james/Desktop/Team-D_group_project/group_d_ros2_ws/build/lane_keeping/build/lib/lane_keeping
[2.310s] copying lane_keeping/__init__.py -> /home/james/Desktop/Team-D_group_project/group_d_ros2_ws/build/lane_keeping/build/lib/lane_keeping
[2.310s] copying lane_keeping/cli.py -> /home/james/Desktop/Team-D_group_project/group_d_ros2_ws/build/lane_keeping/build/lib/lane_keeping
[2.310s] running install
[2.312s] running install_lib
[2.315s] creating /home/james/Desktop/Team-D_group_project/group_d_ros2_ws/install/lane_keeping/lib/python3.8/site-packages/lane_keeping
[2.316s] copying /home/james/Desktop/Team-D_group_project/group_d_ros2_ws/build/lane_keeping/build/lib/lane_keeping/lane_keeping.py -> /home/james/Desktop/Team-D_group_project/group_d_ros2_ws/install/lane_keeping/lib/python3.8/site-packages/lane_keeping
[2.316s] copying /home/james/Desktop/Team-D_group_project/group_d_ros2_ws/build/lane_keeping/build/lib/lane_keeping/__init__.py -> /home/james/Desktop/Team-D_group_project/group_d_ros2_ws/install/lane_keeping/lib/python3.8/site-packages/lane_keeping
[2.317s] copying /home/james/Desktop/Team-D_group_project/group_d_ros2_ws/build/lane_keeping/build/lib/lane_keeping/cli.py -> /home/james/Desktop/Team-D_group_project/group_d_ros2_ws/install/lane_keeping/lib/python3.8/site-packages/lane_keeping
[2.318s] byte-compiling /home/james/Desktop/Team-D_group_project/group_d_ros2_ws/install/lane_keeping/lib/python3.8/site-packages/lane_keeping/lane_keeping.py to lane_keeping.cpython-38.pyc
[2.321s] byte-compiling /home/james/Desktop/Team-D_group_project/group_d_ros2_ws/install/lane_keeping/lib/python3.8/site-packages/lane_keeping/__init__.py to __init__.cpython-38.pyc
[2.322s] byte-compiling /home/james/Desktop/Team-D_group_project/group_d_ros2_ws/install/lane_keeping/lib/python3.8/site-packages/lane_keeping/cli.py to cli.cpython-38.pyc
[2.324s] running install_data
[2.335s] creating /home/james/Desktop/Team-D_group_project/group_d_ros2_ws/install/lane_keeping/share/ament_index
[2.335s] creating /home/james/Desktop/Team-D_group_project/group_d_ros2_ws/install/lane_keeping/share/ament_index/resource_index
[2.335s] creating /home/james/Desktop/Team-D_group_project/group_d_ros2_ws/install/lane_keeping/share/ament_index/resource_index/packages
[2.335s] copying resource/lane_keeping -> /home/james/Desktop/Team-D_group_project/group_d_ros2_ws/install/lane_keeping/share/ament_index/resource_index/packages
[2.335s] copying package.xml -> /home/james/Desktop/Team-D_group_project/group_d_ros2_ws/install/lane_keeping/share/lane_keeping
[2.335s] creating /home/james/Desktop/Team-D_group_project/group_d_ros2_ws/install/lane_keeping/share/lane_keeping/launch
[2.335s] copying launch/lane_keeping.launch.py -> /home/james/Desktop/Team-D_group_project/group_d_ros2_ws/install/lane_keeping/share/lane_keeping/launch
[2.335s] creating /home/james/Desktop/Team-D_group_project/group_d_ros2_ws/install/lane_keeping/share/lane_keeping/rviz
[2.335s] copying rviz/lane_keeping.rviz -> /home/james/Desktop/Team-D_group_project/group_d_ros2_ws/install/lane_keeping/share/lane_keeping/rviz
[2.359s] creating /home/james/Desktop/Team-D_group_project/group_d_ros2_ws/install/lane_keeping/share/lane_keeping/worlds
[2.362s] copying worlds/lane_keeping.sdf -> /home/james/Desktop/Team-D_group_project/group_d_ros2_ws/install/lane_keeping/share/lane_keeping/worlds
[2.362s] copying worlds/lane_keeping.world -> /home/james/Desktop/Team-D_group_project/group_d_ros2_ws/install/lane_keeping/share/lane_keeping/worlds
[2.362s] running install_egg_info
[2.362s] Copying ../../build/lane_keeping/lane_keeping.egg-info to /home/james/Desktop/Team-D_group_project/group_d_ros2_ws/install/lane_keeping/lib/python3.8/site-packages/lane_keeping-0.0.0-py3.8.egg-info
[2.362s] running install_scripts
[2.380s] Installing lane_keeping script to /home/james/Desktop/Team-D_group_project/group_d_ros2_ws/install/lane_keeping/lib/lane_keeping
[2.384s] writing list of installed files to '/home/james/Desktop/Team-D_group_project/group_d_ros2_ws/build/lane_keeping/install.log'
[2.953s] Invoked command in '/home/james/Desktop/Team-D_group_project/group_d_ros2_ws/src/lane_keeping' returned '0': PYTHONPATH=/home/james/Desktop/Team-D_group_project/group_d_ros2_ws/build/lane_keeping/prefix_override:/home/james/Desktop/Team-D_group_project/group_d_ros2_ws/install/lane_keeping/lib/python3.8/site-packages:${PYTHONPATH} /usr/bin/python3 setup.py egg_info --egg-base ../../build/lane_keeping build --build-base /home/james/Desktop/Team-D_group_project/group_d_ros2_ws/build/lane_keeping/build install --record /home/james/Desktop/Team-D_group_project/group_d_ros2_ws/build/lane_keeping/install.log --install-scripts $base/lib/lane_keeping --single-version-externally-managed
