running egg_info
writing ../../build/obstackle_avoidance/obstackle_avoidance.egg-info/PKG-INFO
writing dependency_links to ../../build/obstackle_avoidance/obstackle_avoidance.egg-info/dependency_links.txt
writing entry points to ../../build/obstackle_avoidance/obstackle_avoidance.egg-info/entry_points.txt
writing requirements to ../../build/obstackle_avoidance/obstackle_avoidance.egg-info/requires.txt
writing top-level names to ../../build/obstackle_avoidance/obstackle_avoidance.egg-info/top_level.txt
reading manifest file '../../build/obstackle_avoidance/obstackle_avoidance.egg-info/SOURCES.txt'
writing manifest file '../../build/obstackle_avoidance/obstackle_avoidance.egg-info/SOURCES.txt'
running build
running build_py
running install
running install_lib
running install_data
running install_egg_info
removing '/home/james/Desktop/Team-D_group_project/group_d_ros2_ws/install/obstackle_avoidance/lib/python3.8/site-packages/obstackle_avoidance-0.1.0-py3.8.egg-info' (and everything under it)
Copying ../../build/obstackle_avoidance/obstackle_avoidance.egg-info to /home/james/Desktop/Team-D_group_project/group_d_ros2_ws/install/obstackle_avoidance/lib/python3.8/site-packages/obstackle_avoidance-0.1.0-py3.8.egg-info
running install_scripts
Installing collision_avoidance script to /home/james/Desktop/Team-D_group_project/group_d_ros2_ws/install/obstackle_avoidance/lib/obstackle_avoidance
Installing emergency_braking script to /home/james/Desktop/Team-D_group_project/group_d_ros2_ws/install/obstackle_avoidance/lib/obstackle_avoidance
Installing obstacle_avoidance script to /home/james/Desktop/Team-D_group_project/group_d_ros2_ws/install/obstackle_avoidance/lib/obstackle_avoidance
Installing wall_following script to /home/james/Desktop/Team-D_group_project/group_d_ros2_ws/install/obstackle_avoidance/lib/obstackle_avoidance
writing list of installed files to '/home/james/Desktop/Team-D_group_project/group_d_ros2_ws/build/obstackle_avoidance/install.log'
