[2.467s] Invoking command in '/home/james/Desktop/Team-D_group_project/group_d_ros2_ws/src/obstackle_avoidance': PYTHONPATH=/home/james/Desktop/Team-D_group_project/group_d_ros2_ws/build/obstackle_avoidance/prefix_override:/home/james/Desktop/Team-D_group_project/group_d_ros2_ws/install/obstackle_avoidance/lib/python3.8/site-packages:${PYTHONPATH} /usr/bin/python3 setup.py egg_info --egg-base ../../build/obstackle_avoidance build --build-base /home/james/Desktop/Team-D_group_project/group_d_ros2_ws/build/obstackle_avoidance/build install --record /home/james/Desktop/Team-D_group_project/group_d_ros2_ws/build/obstackle_avoidance/install.log --single-version-externally-managed
[2.802s] running egg_info
[2.803s] creating ../../build/obstackle_avoidance/obstackle_avoidance.egg-info
[2.804s] writing ../../build/obstackle_avoidance/obstackle_avoidance.egg-info/PKG-INFO
[2.804s] writing dependency_links to ../../build/obstackle_avoidance/obstackle_avoidance.egg-info/dependency_links.txt
[2.804s] writing entry points to ../../build/obstackle_avoidance/obstackle_avoidance.egg-info/entry_points.txt
[2.805s] writing requirements to ../../build/obstackle_avoidance/obstackle_avoidance.egg-info/requires.txt
[2.805s] writing top-level names to ../../build/obstackle_avoidance/obstackle_avoidance.egg-info/top_level.txt
[2.806s] writing manifest file '../../build/obstackle_avoidance/obstackle_avoidance.egg-info/SOURCES.txt'
[2.858s] reading manifest file '../../build/obstackle_avoidance/obstackle_avoidance.egg-info/SOURCES.txt'
[2.861s] writing manifest file '../../build/obstackle_avoidance/obstackle_avoidance.egg-info/SOURCES.txt'
[2.861s] running build
[2.861s] running build_py
[2.863s] creating /home/james/Desktop/Team-D_group_project/group_d_ros2_ws/build/obstackle_avoidance/build
[2.863s] creating /home/james/Desktop/Team-D_group_project/group_d_ros2_ws/build/obstackle_avoidance/build/lib
[2.864s] creating /home/james/Desktop/Team-D_group_project/group_d_ros2_ws/build/obstackle_avoidance/build/lib/obstackle_avoidance
[2.864s] copying obstackle_avoidance/cli_emergency.py -> /home/james/Desktop/Team-D_group_project/group_d_ros2_ws/build/obstackle_avoidance/build/lib/obstackle_avoidance
[2.865s] copying obstackle_avoidance/cli_obstackle-avoidance.py -> /home/james/Desktop/Team-D_group_project/group_d_ros2_ws/build/obstackle_avoidance/build/lib/obstackle_avoidance
[2.869s] copying obstackle_avoidance/obstacle_avoidance.py -> /home/james/Desktop/Team-D_group_project/group_d_ros2_ws/build/obstackle_avoidance/build/lib/obstackle_avoidance
[2.871s] copying obstackle_avoidance/emergency_braking.py -> /home/james/Desktop/Team-D_group_project/group_d_ros2_ws/build/obstackle_avoidance/build/lib/obstackle_avoidance
[2.873s] copying obstackle_avoidance/__init__.py -> /home/james/Desktop/Team-D_group_project/group_d_ros2_ws/build/obstackle_avoidance/build/lib/obstackle_avoidance
[2.875s] copying obstackle_avoidance/wall_following.py -> /home/james/Desktop/Team-D_group_project/group_d_ros2_ws/build/obstackle_avoidance/build/lib/obstackle_avoidance
[2.878s] copying obstackle_avoidance/collision_avoidance.py -> /home/james/Desktop/Team-D_group_project/group_d_ros2_ws/build/obstackle_avoidance/build/lib/obstackle_avoidance
[2.880s] copying obstackle_avoidance/cli_collision-avoidance.py -> /home/james/Desktop/Team-D_group_project/group_d_ros2_ws/build/obstackle_avoidance/build/lib/obstackle_avoidance
[2.884s] running install
[2.887s] running install_lib
[2.890s] creating /home/james/Desktop/Team-D_group_project/group_d_ros2_ws/install/obstackle_avoidance/lib/python3.8/site-packages/obstackle_avoidance
[2.890s] copying /home/james/Desktop/Team-D_group_project/group_d_ros2_ws/build/obstackle_avoidance/build/lib/obstackle_avoidance/cli_emergency.py -> /home/james/Desktop/Team-D_group_project/group_d_ros2_ws/install/obstackle_avoidance/lib/python3.8/site-packages/obstackle_avoidance
[2.891s] copying /home/james/Desktop/Team-D_group_project/group_d_ros2_ws/build/obstackle_avoidance/build/lib/obstackle_avoidance/cli_obstackle-avoidance.py -> /home/james/Desktop/Team-D_group_project/group_d_ros2_ws/install/obstackle_avoidance/lib/python3.8/site-packages/obstackle_avoidance
[2.893s] copying /home/james/Desktop/Team-D_group_project/group_d_ros2_ws/build/obstackle_avoidance/build/lib/obstackle_avoidance/obstacle_avoidance.py -> /home/james/Desktop/Team-D_group_project/group_d_ros2_ws/install/obstackle_avoidance/lib/python3.8/site-packages/obstackle_avoidance
[2.895s] copying /home/james/Desktop/Team-D_group_project/group_d_ros2_ws/build/obstackle_avoidance/build/lib/obstackle_avoidance/emergency_braking.py -> /home/james/Desktop/Team-D_group_project/group_d_ros2_ws/install/obstackle_avoidance/lib/python3.8/site-packages/obstackle_avoidance
[2.895s] copying /home/james/Desktop/Team-D_group_project/group_d_ros2_ws/build/obstackle_avoidance/build/lib/obstackle_avoidance/__init__.py -> /home/james/Desktop/Team-D_group_project/group_d_ros2_ws/install/obstackle_avoidance/lib/python3.8/site-packages/obstackle_avoidance
[2.895s] copying /home/james/Desktop/Team-D_group_project/group_d_ros2_ws/build/obstackle_avoidance/build/lib/obstackle_avoidance/wall_following.py -> /home/james/Desktop/Team-D_group_project/group_d_ros2_ws/install/obstackle_avoidance/lib/python3.8/site-packages/obstackle_avoidance
[2.896s] copying /home/james/Desktop/Team-D_group_project/group_d_ros2_ws/build/obstackle_avoidance/build/lib/obstackle_avoidance/collision_avoidance.py -> /home/james/Desktop/Team-D_group_project/group_d_ros2_ws/install/obstackle_avoidance/lib/python3.8/site-packages/obstackle_avoidance
[2.896s] copying /home/james/Desktop/Team-D_group_project/group_d_ros2_ws/build/obstackle_avoidance/build/lib/obstackle_avoidance/cli_collision-avoidance.py -> /home/james/Desktop/Team-D_group_project/group_d_ros2_ws/install/obstackle_avoidance/lib/python3.8/site-packages/obstackle_avoidance
[2.897s] byte-compiling /home/james/Desktop/Team-D_group_project/group_d_ros2_ws/install/obstackle_avoidance/lib/python3.8/site-packages/obstackle_avoidance/cli_emergency.py to cli_emergency.cpython-38.pyc
[2.917s] byte-compiling /home/james/Desktop/Team-D_group_project/group_d_ros2_ws/install/obstackle_avoidance/lib/python3.8/site-packages/obstackle_avoidance/cli_obstackle-avoidance.py to cli_obstackle-avoidance.cpython-38.pyc
[2.917s] byte-compiling /home/james/Desktop/Team-D_group_project/group_d_ros2_ws/install/obstackle_avoidance/lib/python3.8/site-packages/obstackle_avoidance/obstacle_avoidance.py to obstacle_avoidance.cpython-38.pyc
[2.923s] byte-compiling /home/james/Desktop/Team-D_group_project/group_d_ros2_ws/install/obstackle_avoidance/lib/python3.8/site-packages/obstackle_avoidance/emergency_braking.py to emergency_braking.cpython-38.pyc
[2.923s] byte-compiling /home/james/Desktop/Team-D_group_project/group_d_ros2_ws/install/obstackle_avoidance/lib/python3.8/site-packages/obstackle_avoidance/__init__.py to __init__.cpython-38.pyc
[2.923s] byte-compiling /home/james/Desktop/Team-D_group_project/group_d_ros2_ws/install/obstackle_avoidance/lib/python3.8/site-packages/obstackle_avoidance/wall_following.py to wall_following.cpython-38.pyc
[2.926s] byte-compiling /home/james/Desktop/Team-D_group_project/group_d_ros2_ws/install/obstackle_avoidance/lib/python3.8/site-packages/obstackle_avoidance/collision_avoidance.py to collision_avoidance.cpython-38.pyc
[2.926s] byte-compiling /home/james/Desktop/Team-D_group_project/group_d_ros2_ws/install/obstackle_avoidance/lib/python3.8/site-packages/obstackle_avoidance/cli_collision-avoidance.py to cli_collision-avoidance.cpython-38.pyc
[2.926s] running install_data
[2.926s] creating /home/james/Desktop/Team-D_group_project/group_d_ros2_ws/install/obstackle_avoidance/share/ament_index
[2.926s] creating /home/james/Desktop/Team-D_group_project/group_d_ros2_ws/install/obstackle_avoidance/share/ament_index/resource_index
[2.926s] creating /home/james/Desktop/Team-D_group_project/group_d_ros2_ws/install/obstackle_avoidance/share/ament_index/resource_index/packages
[2.926s] copying resource/obstackle_avoidance -> /home/james/Desktop/Team-D_group_project/group_d_ros2_ws/install/obstackle_avoidance/share/ament_index/resource_index/packages
[2.926s] copying package.xml -> /home/james/Desktop/Team-D_group_project/group_d_ros2_ws/install/obstackle_avoidance/share/obstackle_avoidance
[2.927s] creating /home/james/Desktop/Team-D_group_project/group_d_ros2_ws/install/obstackle_avoidance/share/obstackle_avoidance/launch
[2.927s] copying launch/obstacle_avoidance.launch.py -> /home/james/Desktop/Team-D_group_project/group_d_ros2_ws/install/obstackle_avoidance/share/obstackle_avoidance/launch
[2.927s] copying launch/emergency_braking.launch.py -> /home/james/Desktop/Team-D_group_project/group_d_ros2_ws/install/obstackle_avoidance/share/obstackle_avoidance/launch
[2.928s] copying launch/collision_avoidance.launch.py -> /home/james/Desktop/Team-D_group_project/group_d_ros2_ws/install/obstackle_avoidance/share/obstackle_avoidance/launch
[2.928s] copying launch/wall_following.launch.py -> /home/james/Desktop/Team-D_group_project/group_d_ros2_ws/install/obstackle_avoidance/share/obstackle_avoidance/launch
[2.928s] creating /home/james/Desktop/Team-D_group_project/group_d_ros2_ws/install/obstackle_avoidance/share/obstackle_avoidance/rviz
[2.928s] copying rviz/obstackle_avoidance.rviz -> /home/james/Desktop/Team-D_group_project/group_d_ros2_ws/install/obstackle_avoidance/share/obstackle_avoidance/rviz
[2.930s] creating /home/james/Desktop/Team-D_group_project/group_d_ros2_ws/install/obstackle_avoidance/share/obstackle_avoidance/worlds
[2.930s] copying worlds/emergency_braking.sdf -> /home/james/Desktop/Team-D_group_project/group_d_ros2_ws/install/obstackle_avoidance/share/obstackle_avoidance/worlds
[2.932s] copying worlds/obstacle_avoidance.world -> /home/james/Desktop/Team-D_group_project/group_d_ros2_ws/install/obstackle_avoidance/share/obstackle_avoidance/worlds
[2.939s] copying worlds/wall_following.sdf -> /home/james/Desktop/Team-D_group_project/group_d_ros2_ws/install/obstackle_avoidance/share/obstackle_avoidance/worlds
[2.941s] copying worlds/wall_following.world -> /home/james/Desktop/Team-D_group_project/group_d_ros2_ws/install/obstackle_avoidance/share/obstackle_avoidance/worlds
[2.942s] copying worlds/obstacle_avoidance.sdf -> /home/james/Desktop/Team-D_group_project/group_d_ros2_ws/install/obstackle_avoidance/share/obstackle_avoidance/worlds
[2.946s] copying worlds/emergency_braking.world -> /home/james/Desktop/Team-D_group_project/group_d_ros2_ws/install/obstackle_avoidance/share/obstackle_avoidance/worlds
[2.946s] running install_egg_info
[2.950s] Copying ../../build/obstackle_avoidance/obstackle_avoidance.egg-info to /home/james/Desktop/Team-D_group_project/group_d_ros2_ws/install/obstackle_avoidance/lib/python3.8/site-packages/obstackle_avoidance-0.1.0-py3.8.egg-info
[2.951s] running install_scripts
[3.004s] Installing collision_avoidance script to /home/james/Desktop/Team-D_group_project/group_d_ros2_ws/install/obstackle_avoidance/lib/obstackle_avoidance
[3.005s] Installing emergency_braking script to /home/james/Desktop/Team-D_group_project/group_d_ros2_ws/install/obstackle_avoidance/lib/obstackle_avoidance
[3.012s] Installing obstacle_avoidance script to /home/james/Desktop/Team-D_group_project/group_d_ros2_ws/install/obstackle_avoidance/lib/obstackle_avoidance
[3.013s] Installing wall_following script to /home/james/Desktop/Team-D_group_project/group_d_ros2_ws/install/obstackle_avoidance/lib/obstackle_avoidance
[3.013s] writing list of installed files to '/home/james/Desktop/Team-D_group_project/group_d_ros2_ws/build/obstackle_avoidance/install.log'
[3.573s] Invoked command in '/home/james/Desktop/Team-D_group_project/group_d_ros2_ws/src/obstackle_avoidance' returned '0': PYTHONPATH=/home/james/Desktop/Team-D_group_project/group_d_ros2_ws/build/obstackle_avoidance/prefix_override:/home/james/Desktop/Team-D_group_project/group_d_ros2_ws/install/obstackle_avoidance/lib/python3.8/site-packages:${PYTHONPATH} /usr/bin/python3 setup.py egg_info --egg-base ../../build/obstackle_avoidance build --build-base /home/james/Desktop/Team-D_group_project/group_d_ros2_ws/build/obstackle_avoidance/build install --record /home/james/Desktop/Team-D_group_project/group_d_ros2_ws/build/obstackle_avoidance/install.log --single-version-externally-managed
