[1.652s] Invoking command in '/home/james/Desktop/Team-D_group_project/group_d_ros2_ws/src/gesture_pub_sub': AMENT_PREFIX_PATH=/home/james/Desktop/Team-D_group_project/group_d_ros2_ws/install/cam_pub_sub:/home/james/Desktop/Team-D_group_project/group_d_ros2_ws/install/gesture_interface:/home/james/Desktop/Team-D_group_project/group_d_ros2_ws/install/cam_interface:${AMENT_PREFIX_PATH} CMAKE_PREFIX_PATH=/home/james/Desktop/Team-D_group_project/group_d_ros2_ws/install/gesture_interface:/home/james/Desktop/Team-D_group_project/group_d_ros2_ws/install/cam_interface LD_LIBRARY_PATH=/home/james/Desktop/Team-D_group_project/group_d_ros2_ws/install/gesture_interface/lib:/home/james/Desktop/Team-D_group_project/group_d_ros2_ws/install/cam_interface/lib:${LD_LIBRARY_PATH} PYTHONPATH=/home/james/Desktop/Team-D_group_project/group_d_ros2_ws/build/gesture_pub_sub/prefix_override:/home/james/Desktop/Team-D_group_project/group_d_ros2_ws/install/gesture_pub_sub/lib/python3.8/site-packages:/home/james/Desktop/Team-D_group_project/group_d_ros2_ws/install/cam_pub_sub/lib/python3.8/site-packages:/home/james/Desktop/Team-D_group_project/group_d_ros2_ws/install/gesture_interface/lib/python3.8/site-packages:/home/james/Desktop/Team-D_group_project/group_d_ros2_ws/install/cam_interface/lib/python3.8/site-packages:${PYTHONPATH} /usr/bin/python3 setup.py egg_info --egg-base ../../build/gesture_pub_sub build --build-base /home/james/Desktop/Team-D_group_project/group_d_ros2_ws/build/gesture_pub_sub/build install --record /home/james/Desktop/Team-D_group_project/group_d_ros2_ws/build/gesture_pub_sub/install.log --install-scripts $base/lib/gesture_pub_sub --single-version-externally-managed
[1.925s] running egg_info
[1.926s] writing ../../build/gesture_pub_sub/gesture_pub_sub.egg-info/PKG-INFO
[1.927s] writing dependency_links to ../../build/gesture_pub_sub/gesture_pub_sub.egg-info/dependency_links.txt
[1.928s] writing entry points to ../../build/gesture_pub_sub/gesture_pub_sub.egg-info/entry_points.txt
[1.929s] writing requirements to ../../build/gesture_pub_sub/gesture_pub_sub.egg-info/requires.txt
[1.929s] writing top-level names to ../../build/gesture_pub_sub/gesture_pub_sub.egg-info/top_level.txt
[1.962s] reading manifest file '../../build/gesture_pub_sub/gesture_pub_sub.egg-info/SOURCES.txt'
[1.964s] writing manifest file '../../build/gesture_pub_sub/gesture_pub_sub.egg-info/SOURCES.txt'
[1.964s] running build
[1.965s] running build_py
[1.965s] running install
[1.966s] running install_lib
[1.968s] byte-compiling /home/james/Desktop/Team-D_group_project/group_d_ros2_ws/install/gesture_pub_sub/lib/python3.8/site-packages/gesture_pub_sub/ges_sub_turtlesim.py to ges_sub_turtlesim.cpython-38.pyc
[1.970s] byte-compiling /home/james/Desktop/Team-D_group_project/group_d_ros2_ws/install/gesture_pub_sub/lib/python3.8/site-packages/gesture_pub_sub/ges_pub.py to ges_pub.cpython-38.pyc
[1.972s] byte-compiling /home/james/Desktop/Team-D_group_project/group_d_ros2_ws/install/gesture_pub_sub/lib/python3.8/site-packages/gesture_pub_sub/gesture_detector.py to gesture_detector.cpython-38.pyc
[1.973s] byte-compiling /home/james/Desktop/Team-D_group_project/group_d_ros2_ws/install/gesture_pub_sub/lib/python3.8/site-packages/gesture_pub_sub/__init__.py to __init__.cpython-38.pyc
[1.974s] running install_data
[1.975s] running install_egg_info
[1.977s] removing '/home/james/Desktop/Team-D_group_project/group_d_ros2_ws/install/gesture_pub_sub/lib/python3.8/site-packages/gesture_pub_sub-0.0.0-py3.8.egg-info' (and everything under it)
[1.986s] Copying ../../build/gesture_pub_sub/gesture_pub_sub.egg-info to /home/james/Desktop/Team-D_group_project/group_d_ros2_ws/install/gesture_pub_sub/lib/python3.8/site-packages/gesture_pub_sub-0.0.0-py3.8.egg-info
[1.986s] running install_scripts
[2.024s] Installing gesture_publisher script to /home/james/Desktop/Team-D_group_project/group_d_ros2_ws/install/gesture_pub_sub/lib/gesture_pub_sub
[2.026s] Installing gesture_subscriber script to /home/james/Desktop/Team-D_group_project/group_d_ros2_ws/install/gesture_pub_sub/lib/gesture_pub_sub
[2.028s] writing list of installed files to '/home/james/Desktop/Team-D_group_project/group_d_ros2_ws/build/gesture_pub_sub/install.log'
[2.072s] Invoked command in '/home/james/Desktop/Team-D_group_project/group_d_ros2_ws/src/gesture_pub_sub' returned '0': AMENT_PREFIX_PATH=/home/james/Desktop/Team-D_group_project/group_d_ros2_ws/install/cam_pub_sub:/home/james/Desktop/Team-D_group_project/group_d_ros2_ws/install/gesture_interface:/home/james/Desktop/Team-D_group_project/group_d_ros2_ws/install/cam_interface:${AMENT_PREFIX_PATH} CMAKE_PREFIX_PATH=/home/james/Desktop/Team-D_group_project/group_d_ros2_ws/install/gesture_interface:/home/james/Desktop/Team-D_group_project/group_d_ros2_ws/install/cam_interface LD_LIBRARY_PATH=/home/james/Desktop/Team-D_group_project/group_d_ros2_ws/install/gesture_interface/lib:/home/james/Desktop/Team-D_group_project/group_d_ros2_ws/install/cam_interface/lib:${LD_LIBRARY_PATH} PYTHONPATH=/home/james/Desktop/Team-D_group_project/group_d_ros2_ws/build/gesture_pub_sub/prefix_override:/home/james/Desktop/Team-D_group_project/group_d_ros2_ws/install/gesture_pub_sub/lib/python3.8/site-packages:/home/james/Desktop/Team-D_group_project/group_d_ros2_ws/install/cam_pub_sub/lib/python3.8/site-packages:/home/james/Desktop/Team-D_group_project/group_d_ros2_ws/install/gesture_interface/lib/python3.8/site-packages:/home/james/Desktop/Team-D_group_project/group_d_ros2_ws/install/cam_interface/lib/python3.8/site-packages:${PYTHONPATH} /usr/bin/python3 setup.py egg_info --egg-base ../../build/gesture_pub_sub build --build-base /home/james/Desktop/Team-D_group_project/group_d_ros2_ws/build/gesture_pub_sub/build install --record /home/james/Desktop/Team-D_group_project/group_d_ros2_ws/build/gesture_pub_sub/install.log --install-scripts $base/lib/gesture_pub_sub --single-version-externally-managed
