/home/james/Desktop/Team-D_group_project/group_d_ros2_ws/install/obstackle_avoidance/lib/python3.8/site-packages/obstackle_avoidance/cli_emergency.py
/home/james/Desktop/Team-D_group_project/group_d_ros2_ws/install/obstackle_avoidance/lib/python3.8/site-packages/obstackle_avoidance/cli_obstackle-avoidance.py
/home/james/Desktop/Team-D_group_project/group_d_ros2_ws/install/obstackle_avoidance/lib/python3.8/site-packages/obstackle_avoidance/obstacle_avoidance.py
/home/james/Desktop/Team-D_group_project/group_d_ros2_ws/install/obstackle_avoidance/lib/python3.8/site-packages/obstackle_avoidance/emergency_braking.py
/home/james/Desktop/Team-D_group_project/group_d_ros2_ws/install/obstackle_avoidance/lib/python3.8/site-packages/obstackle_avoidance/__init__.py
/home/james/Desktop/Team-D_group_project/group_d_ros2_ws/install/obstackle_avoidance/lib/python3.8/site-packages/obstackle_avoidance/wall_following.py
/home/james/Desktop/Team-D_group_project/group_d_ros2_ws/install/obstackle_avoidance/lib/python3.8/site-packages/obstackle_avoidance/collision_avoidance.py
/home/james/Desktop/Team-D_group_project/group_d_ros2_ws/install/obstackle_avoidance/lib/python3.8/site-packages/obstackle_avoidance/cli_collision-avoidance.py
/home/james/Desktop/Team-D_group_project/group_d_ros2_ws/install/obstackle_avoidance/lib/python3.8/site-packages/obstackle_avoidance/__pycache__/cli_emergency.cpython-38.pyc
/home/james/Desktop/Team-D_group_project/group_d_ros2_ws/install/obstackle_avoidance/lib/python3.8/site-packages/obstackle_avoidance/__pycache__/cli_obstackle-avoidance.cpython-38.pyc
/home/james/Desktop/Team-D_group_project/group_d_ros2_ws/install/obstackle_avoidance/lib/python3.8/site-packages/obstackle_avoidance/__pycache__/obstacle_avoidance.cpython-38.pyc
/home/james/Desktop/Team-D_group_project/group_d_ros2_ws/install/obstackle_avoidance/lib/python3.8/site-packages/obstackle_avoidance/__pycache__/emergency_braking.cpython-38.pyc
/home/james/Desktop/Team-D_group_project/group_d_ros2_ws/install/obstackle_avoidance/lib/python3.8/site-packages/obstackle_avoidance/__pycache__/__init__.cpython-38.pyc
/home/james/Desktop/Team-D_group_project/group_d_ros2_ws/install/obstackle_avoidance/lib/python3.8/site-packages/obstackle_avoidance/__pycache__/wall_following.cpython-38.pyc
/home/james/Desktop/Team-D_group_project/group_d_ros2_ws/install/obstackle_avoidance/lib/python3.8/site-packages/obstackle_avoidance/__pycache__/collision_avoidance.cpython-38.pyc
/home/james/Desktop/Team-D_group_project/group_d_ros2_ws/install/obstackle_avoidance/lib/python3.8/site-packages/obstackle_avoidance/__pycache__/cli_collision-avoidance.cpython-38.pyc
/home/james/Desktop/Team-D_group_project/group_d_ros2_ws/install/obstackle_avoidance/share/ament_index/resource_index/packages/obstackle_avoidance
/home/james/Desktop/Team-D_group_project/group_d_ros2_ws/install/obstackle_avoidance/share/obstackle_avoidance/package.xml
/home/james/Desktop/Team-D_group_project/group_d_ros2_ws/install/obstackle_avoidance/share/obstackle_avoidance/launch/obstacle_avoidance.launch.py
/home/james/Desktop/Team-D_group_project/group_d_ros2_ws/install/obstackle_avoidance/share/obstackle_avoidance/launch/emergency_braking.launch.py
/home/james/Desktop/Team-D_group_project/group_d_ros2_ws/install/obstackle_avoidance/share/obstackle_avoidance/launch/collision_avoidance.launch.py
/home/james/Desktop/Team-D_group_project/group_d_ros2_ws/install/obstackle_avoidance/share/obstackle_avoidance/launch/wall_following.launch.py
/home/james/Desktop/Team-D_group_project/group_d_ros2_ws/install/obstackle_avoidance/share/obstackle_avoidance/rviz/obstackle_avoidance.rviz
/home/james/Desktop/Team-D_group_project/group_d_ros2_ws/install/obstackle_avoidance/share/obstackle_avoidance/worlds/emergency_braking.sdf
/home/james/Desktop/Team-D_group_project/group_d_ros2_ws/install/obstackle_avoidance/share/obstackle_avoidance/worlds/obstacle_avoidance.world
/home/james/Desktop/Team-D_group_project/group_d_ros2_ws/install/obstackle_avoidance/share/obstackle_avoidance/worlds/wall_following.sdf
/home/james/Desktop/Team-D_group_project/group_d_ros2_ws/install/obstackle_avoidance/share/obstackle_avoidance/worlds/wall_following.world
/home/james/Desktop/Team-D_group_project/group_d_ros2_ws/install/obstackle_avoidance/share/obstackle_avoidance/worlds/obstacle_avoidance.sdf
/home/james/Desktop/Team-D_group_project/group_d_ros2_ws/install/obstackle_avoidance/share/obstackle_avoidance/worlds/emergency_braking.world
/home/james/Desktop/Team-D_group_project/group_d_ros2_ws/install/obstackle_avoidance/lib/python3.8/site-packages/obstackle_avoidance-0.1.0-py3.8.egg-info/PKG-INFO
/home/james/Desktop/Team-D_group_project/group_d_ros2_ws/install/obstackle_avoidance/lib/python3.8/site-packages/obstackle_avoidance-0.1.0-py3.8.egg-info/dependency_links.txt
/home/james/Desktop/Team-D_group_project/group_d_ros2_ws/install/obstackle_avoidance/lib/python3.8/site-packages/obstackle_avoidance-0.1.0-py3.8.egg-info/SOURCES.txt
/home/james/Desktop/Team-D_group_project/group_d_ros2_ws/install/obstackle_avoidance/lib/python3.8/site-packages/obstackle_avoidance-0.1.0-py3.8.egg-info/entry_points.txt
/home/james/Desktop/Team-D_group_project/group_d_ros2_ws/install/obstackle_avoidance/lib/python3.8/site-packages/obstackle_avoidance-0.1.0-py3.8.egg-info/zip-safe
/home/james/Desktop/Team-D_group_project/group_d_ros2_ws/install/obstackle_avoidance/lib/python3.8/site-packages/obstackle_avoidance-0.1.0-py3.8.egg-info/requires.txt
/home/james/Desktop/Team-D_group_project/group_d_ros2_ws/install/obstackle_avoidance/lib/python3.8/site-packages/obstackle_avoidance-0.1.0-py3.8.egg-info/top_level.txt
/home/james/Desktop/Team-D_group_project/group_d_ros2_ws/install/obstackle_avoidance/lib/obstackle_avoidance/collision_avoidance
/home/james/Desktop/Team-D_group_project/group_d_ros2_ws/install/obstackle_avoidance/lib/obstackle_avoidance/emergency_braking
/home/james/Desktop/Team-D_group_project/group_d_ros2_ws/install/obstackle_avoidance/lib/obstackle_avoidance/obstacle_avoidance
/home/james/Desktop/Team-D_group_project/group_d_ros2_ws/install/obstackle_avoidance/lib/obstackle_avoidance/wall_following
