[2.559s] Invoking command in '/home/james/Desktop/Team-D_group_project/group_d_ros2_ws/src/obstackle_avoidance': PYTHONPATH=/home/james/Desktop/Team-D_group_project/group_d_ros2_ws/build/obstackle_avoidance/prefix_override:/home/james/Desktop/Team-D_group_project/group_d_ros2_ws/install/obstackle_avoidance/lib/python3.8/site-packages:${PYTHONPATH} /usr/bin/python3 setup.py egg_info --egg-base ../../build/obstackle_avoidance build --build-base /home/james/Desktop/Team-D_group_project/group_d_ros2_ws/build/obstackle_avoidance/build install --record /home/james/Desktop/Team-D_group_project/group_d_ros2_ws/build/obstackle_avoidance/install.log --single-version-externally-managed
[3.006s] running egg_info
[3.010s] writing ../../build/obstackle_avoidance/obstackle_avoidance.egg-info/PKG-INFO
[3.011s] writing dependency_links to ../../build/obstackle_avoidance/obstackle_avoidance.egg-info/dependency_links.txt
[3.014s] writing entry points to ../../build/obstackle_avoidance/obstackle_avoidance.egg-info/entry_points.txt
[3.015s] writing requirements to ../../build/obstackle_avoidance/obstackle_avoidance.egg-info/requires.txt
[3.018s] writing top-level names to ../../build/obstackle_avoidance/obstackle_avoidance.egg-info/top_level.txt
[3.069s] reading manifest file '../../build/obstackle_avoidance/obstackle_avoidance.egg-info/SOURCES.txt'
[3.070s] writing manifest file '../../build/obstackle_avoidance/obstackle_avoidance.egg-info/SOURCES.txt'
[3.070s] running build
[3.070s] running build_py
[3.087s] running install
[3.087s] running install_lib
[3.099s] running install_data
[3.099s] running install_egg_info
[3.117s] removing '/home/james/Desktop/Team-D_group_project/group_d_ros2_ws/install/obstackle_avoidance/lib/python3.8/site-packages/obstackle_avoidance-0.1.0-py3.8.egg-info' (and everything under it)
[3.117s] Copying ../../build/obstackle_avoidance/obstackle_avoidance.egg-info to /home/james/Desktop/Team-D_group_project/group_d_ros2_ws/install/obstackle_avoidance/lib/python3.8/site-packages/obstackle_avoidance-0.1.0-py3.8.egg-info
[3.117s] running install_scripts
[3.168s] Installing collision_avoidance script to /home/james/Desktop/Team-D_group_project/group_d_ros2_ws/install/obstackle_avoidance/lib/obstackle_avoidance
[3.169s] Installing emergency_braking script to /home/james/Desktop/Team-D_group_project/group_d_ros2_ws/install/obstackle_avoidance/lib/obstackle_avoidance
[3.170s] Installing obstacle_avoidance script to /home/james/Desktop/Team-D_group_project/group_d_ros2_ws/install/obstackle_avoidance/lib/obstackle_avoidance
[3.170s] Installing wall_following script to /home/james/Desktop/Team-D_group_project/group_d_ros2_ws/install/obstackle_avoidance/lib/obstackle_avoidance
[3.170s] writing list of installed files to '/home/james/Desktop/Team-D_group_project/group_d_ros2_ws/build/obstackle_avoidance/install.log'
[3.338s] Invoked command in '/home/james/Desktop/Team-D_group_project/group_d_ros2_ws/src/obstackle_avoidance' returned '0': PYTHONPATH=/home/james/Desktop/Team-D_group_project/group_d_ros2_ws/build/obstackle_avoidance/prefix_override:/home/james/Desktop/Team-D_group_project/group_d_ros2_ws/install/obstackle_avoidance/lib/python3.8/site-packages:${PYTHONPATH} /usr/bin/python3 setup.py egg_info --egg-base ../../build/obstackle_avoidance build --build-base /home/james/Desktop/Team-D_group_project/group_d_ros2_ws/build/obstackle_avoidance/build install --record /home/james/Desktop/Team-D_group_project/group_d_ros2_ws/build/obstackle_avoidance/install.log --single-version-externally-managed
