[0.219s] Invoking command in '/home/james/Desktop/Team-D_group_project/group_d_ros2_ws/build/gesture_interface': CMAKE_PREFIX_PATH=/home/james/colcon_ws/install/obstackle_avoidance:/opt/ros/foxy /usr/bin/cmake --build /home/james/Desktop/Team-D_group_project/group_d_ros2_ws/build/gesture_interface -- -j2 -l2
[0.299s] -- Found ament_cmake: 0.9.12 (/opt/ros/foxy/share/ament_cmake/cmake)
[0.366s] -- Found PythonInterp: /usr/bin/python3 (found suitable version "3.8.10", minimum required is "3") 
[0.370s] -- Using PYTHON_EXECUTABLE: /usr/bin/python3
[0.744s] -- Found rosidl_default_generators: 1.0.1 (/opt/ros/foxy/share/rosidl_default_generators/cmake)
[0.754s] -- Using all available rosidl_typesupport_c: rosidl_typesupport_fastrtps_c;rosidl_typesupport_introspection_c
[0.782s] -- Found rosidl_adapter: 1.3.1 (/opt/ros/foxy/share/rosidl_adapter/cmake)
[1.178s] -- Using all available rosidl_typesupport_cpp: rosidl_typesupport_fastrtps_cpp;rosidl_typesupport_introspection_cpp
[1.266s] -- Found PythonInterp: /usr/bin/python3 (found version "3.8.10") 
[1.460s] -- Found ament_cmake_ros: 0.9.2 (/opt/ros/foxy/share/ament_cmake_ros/cmake)
[1.673s] -- Using all available rosidl_typesupport_c: rosidl_typesupport_fastrtps_c;rosidl_typesupport_introspection_c
[1.702s] -- Using all available rosidl_typesupport_cpp: rosidl_typesupport_fastrtps_cpp;rosidl_typesupport_introspection_cpp
[1.732s] -- Found PythonInterp: /usr/bin/python3 (found suitable version "3.8.10", minimum required is "3.5") 
[1.738s] -- Found python_cmake_module: 0.8.1 (/opt/ros/foxy/share/python_cmake_module/cmake)
[1.836s] -- Using PYTHON_EXECUTABLE: /usr/bin/python3
[1.836s] -- Using PYTHON_INCLUDE_DIRS: /usr/include/python3.8
[1.836s] -- Using PYTHON_LIBRARIES: /usr/lib/x86_64-linux-gnu/libpython3.8.so
[1.860s] -- Configuring done
[1.929s] -- Generating done
[1.952s] -- Build files have been written to: /home/james/Desktop/Team-D_group_project/group_d_ros2_ws/build/gesture_interface
[2.072s] [  3%] Built target gesture_interface__cpp
[2.084s] [ 12%] Built target gesture_interface__rosidl_generator_c
[2.289s] [ 22%] Built target gesture_interface__rosidl_typesupport_cpp
[2.324s] [ 32%] Built target gesture_interface__rosidl_typesupport_fastrtps_cpp
[2.518s] [ 41%] Built target gesture_interface__rosidl_typesupport_c
[2.595s] [ 51%] Built target gesture_interface__rosidl_typesupport_introspection_c
[2.666s] [ 61%] Built target gesture_interface__rosidl_typesupport_introspection_cpp
[2.776s] [ 70%] Built target gesture_interface__rosidl_typesupport_fastrtps_c
[2.871s] make[2]: Warning: File '/home/james/Desktop/Team-D_group_project/group_d_ros2_ws/src/gesture_interface/msg/GestureTopic.msg' has modification time 43956 s in the future
[2.871s] make[2]: warning:  Clock skew detected.  Your build may be incomplete.
[2.915s] [ 70%] Built target gesture_interface
[3.033s] [ 74%] Built target gesture_interface__py
[3.149s] [ 80%] Built target gesture_interface__python
[3.328s] [ 87%] Built target gesture_interface__rosidl_typesupport_c__pyext
[3.332s] [ 93%] Built target gesture_interface__rosidl_typesupport_fastrtps_c__pyext
[3.483s] [100%] Built target gesture_interface__rosidl_typesupport_introspection_c__pyext
[3.575s] Invoked command in '/home/james/Desktop/Team-D_group_project/group_d_ros2_ws/build/gesture_interface' returned '0': CMAKE_PREFIX_PATH=/home/james/colcon_ws/install/obstackle_avoidance:/opt/ros/foxy /usr/bin/cmake --build /home/james/Desktop/Team-D_group_project/group_d_ros2_ws/build/gesture_interface -- -j2 -l2
[4.095s] Invoking command in '/home/james/Desktop/Team-D_group_project/group_d_ros2_ws/build/gesture_interface': CMAKE_PREFIX_PATH=/home/james/colcon_ws/install/obstackle_avoidance:/opt/ros/foxy /usr/bin/cmake --install /home/james/Desktop/Team-D_group_project/group_d_ros2_ws/build/gesture_interface
[4.154s] -- Install configuration: ""
[4.169s] -- Up-to-date: /home/james/Desktop/Team-D_group_project/group_d_ros2_ws/install/gesture_interface/share/ament_index/resource_index/rosidl_interfaces/gesture_interface
[4.169s] -- Up-to-date: /home/james/Desktop/Team-D_group_project/group_d_ros2_ws/install/gesture_interface/include/gesture_interface
[4.170s] -- Up-to-date: /home/james/Desktop/Team-D_group_project/group_d_ros2_ws/install/gesture_interface/include/gesture_interface/msg
[4.170s] -- Up-to-date: /home/james/Desktop/Team-D_group_project/group_d_ros2_ws/install/gesture_interface/include/gesture_interface/msg/gesture_topic.h
[4.170s] -- Up-to-date: /home/james/Desktop/Team-D_group_project/group_d_ros2_ws/install/gesture_interface/include/gesture_interface/msg/detail
[4.170s] -- Up-to-date: /home/james/Desktop/Team-D_group_project/group_d_ros2_ws/install/gesture_interface/include/gesture_interface/msg/detail/gesture_topic__type_support.h
[4.170s] -- Up-to-date: /home/james/Desktop/Team-D_group_project/group_d_ros2_ws/install/gesture_interface/include/gesture_interface/msg/detail/gesture_topic__struct.h
[4.170s] -- Up-to-date: /home/james/Desktop/Team-D_group_project/group_d_ros2_ws/install/gesture_interface/include/gesture_interface/msg/detail/gesture_topic__functions.c
[4.171s] -- Up-to-date: /home/james/Desktop/Team-D_group_project/group_d_ros2_ws/install/gesture_interface/include/gesture_interface/msg/detail/gesture_topic__functions.h
[4.171s] -- Up-to-date: /home/james/Desktop/Team-D_group_project/group_d_ros2_ws/install/gesture_interface/include/gesture_interface/msg/rosidl_generator_c__visibility_control.h
[4.171s] -- Up-to-date: /home/james/Desktop/Team-D_group_project/group_d_ros2_ws/install/gesture_interface/share/gesture_interface/environment/library_path.sh
[4.171s] -- Installing: /home/james/Desktop/Team-D_group_project/group_d_ros2_ws/install/gesture_interface/share/gesture_interface/environment/library_path.dsv
[4.174s] -- Up-to-date: /home/james/Desktop/Team-D_group_project/group_d_ros2_ws/install/gesture_interface/lib/libgesture_interface__rosidl_generator_c.so
[4.175s] -- Up-to-date: /home/james/Desktop/Team-D_group_project/group_d_ros2_ws/install/gesture_interface/include/gesture_interface
[4.175s] -- Up-to-date: /home/james/Desktop/Team-D_group_project/group_d_ros2_ws/install/gesture_interface/include/gesture_interface/msg
[4.175s] -- Up-to-date: /home/james/Desktop/Team-D_group_project/group_d_ros2_ws/install/gesture_interface/include/gesture_interface/msg/rosidl_typesupport_fastrtps_c__visibility_control.h
[4.175s] -- Up-to-date: /home/james/Desktop/Team-D_group_project/group_d_ros2_ws/install/gesture_interface/include/gesture_interface/msg/detail
[4.175s] -- Up-to-date: /home/james/Desktop/Team-D_group_project/group_d_ros2_ws/install/gesture_interface/include/gesture_interface/msg/detail/gesture_topic__rosidl_typesupport_fastrtps_c.h
[4.181s] -- Up-to-date: /home/james/Desktop/Team-D_group_project/group_d_ros2_ws/install/gesture_interface/lib/libgesture_interface__rosidl_typesupport_fastrtps_c.so
[4.181s] -- Up-to-date: /home/james/Desktop/Team-D_group_project/group_d_ros2_ws/install/gesture_interface/include/gesture_interface
[4.181s] -- Up-to-date: /home/james/Desktop/Team-D_group_project/group_d_ros2_ws/install/gesture_interface/include/gesture_interface/msg
[4.181s] -- Up-to-date: /home/james/Desktop/Team-D_group_project/group_d_ros2_ws/install/gesture_interface/include/gesture_interface/msg/rosidl_typesupport_fastrtps_cpp__visibility_control.h
[4.182s] -- Up-to-date: /home/james/Desktop/Team-D_group_project/group_d_ros2_ws/install/gesture_interface/include/gesture_interface/msg/detail
[4.182s] -- Up-to-date: /home/james/Desktop/Team-D_group_project/group_d_ros2_ws/install/gesture_interface/include/gesture_interface/msg/detail/dds_fastrtps
[4.182s] -- Up-to-date: /home/james/Desktop/Team-D_group_project/group_d_ros2_ws/install/gesture_interface/include/gesture_interface/msg/detail/gesture_topic__rosidl_typesupport_fastrtps_cpp.hpp
[4.182s] -- Up-to-date: /home/james/Desktop/Team-D_group_project/group_d_ros2_ws/install/gesture_interface/lib/libgesture_interface__rosidl_typesupport_fastrtps_cpp.so
[4.182s] -- Up-to-date: /home/james/Desktop/Team-D_group_project/group_d_ros2_ws/install/gesture_interface/include/gesture_interface
[4.182s] -- Up-to-date: /home/james/Desktop/Team-D_group_project/group_d_ros2_ws/install/gesture_interface/include/gesture_interface/msg
[4.182s] -- Up-to-date: /home/james/Desktop/Team-D_group_project/group_d_ros2_ws/install/gesture_interface/include/gesture_interface/msg/rosidl_typesupport_introspection_c__visibility_control.h
[4.182s] -- Up-to-date: /home/james/Desktop/Team-D_group_project/group_d_ros2_ws/install/gesture_interface/include/gesture_interface/msg/detail
[4.182s] -- Up-to-date: /home/james/Desktop/Team-D_group_project/group_d_ros2_ws/install/gesture_interface/include/gesture_interface/msg/detail/gesture_topic__rosidl_typesupport_introspection_c.h
[4.182s] -- Up-to-date: /home/james/Desktop/Team-D_group_project/group_d_ros2_ws/install/gesture_interface/include/gesture_interface/msg/detail/gesture_topic__type_support.c
[4.182s] -- Up-to-date: /home/james/Desktop/Team-D_group_project/group_d_ros2_ws/install/gesture_interface/lib/libgesture_interface__rosidl_typesupport_introspection_c.so
[4.183s] -- Up-to-date: /home/james/Desktop/Team-D_group_project/group_d_ros2_ws/install/gesture_interface/lib/libgesture_interface__rosidl_typesupport_c.so
[4.194s] -- Up-to-date: /home/james/Desktop/Team-D_group_project/group_d_ros2_ws/install/gesture_interface/include/gesture_interface
[4.194s] -- Up-to-date: /home/james/Desktop/Team-D_group_project/group_d_ros2_ws/install/gesture_interface/include/gesture_interface/msg
[4.194s] -- Up-to-date: /home/james/Desktop/Team-D_group_project/group_d_ros2_ws/install/gesture_interface/include/gesture_interface/msg/rosidl_generator_cpp__visibility_control.hpp
[4.194s] -- Up-to-date: /home/james/Desktop/Team-D_group_project/group_d_ros2_ws/install/gesture_interface/include/gesture_interface/msg/gesture_topic.hpp
[4.194s] -- Up-to-date: /home/james/Desktop/Team-D_group_project/group_d_ros2_ws/install/gesture_interface/include/gesture_interface/msg/detail
[4.194s] -- Up-to-date: /home/james/Desktop/Team-D_group_project/group_d_ros2_ws/install/gesture_interface/include/gesture_interface/msg/detail/gesture_topic__builder.hpp
[4.194s] -- Up-to-date: /home/james/Desktop/Team-D_group_project/group_d_ros2_ws/install/gesture_interface/include/gesture_interface/msg/detail/gesture_topic__traits.hpp
[4.194s] -- Up-to-date: /home/james/Desktop/Team-D_group_project/group_d_ros2_ws/install/gesture_interface/include/gesture_interface/msg/detail/gesture_topic__type_support.hpp
[4.195s] -- Up-to-date: /home/james/Desktop/Team-D_group_project/group_d_ros2_ws/install/gesture_interface/include/gesture_interface/msg/detail/gesture_topic__struct.hpp
[4.195s] -- Up-to-date: /home/james/Desktop/Team-D_group_project/group_d_ros2_ws/install/gesture_interface/include/gesture_interface
[4.195s] -- Up-to-date: /home/james/Desktop/Team-D_group_project/group_d_ros2_ws/install/gesture_interface/include/gesture_interface/msg
[4.195s] -- Up-to-date: /home/james/Desktop/Team-D_group_project/group_d_ros2_ws/install/gesture_interface/include/gesture_interface/msg/detail
[4.195s] -- Up-to-date: /home/james/Desktop/Team-D_group_project/group_d_ros2_ws/install/gesture_interface/include/gesture_interface/msg/detail/gesture_topic__rosidl_typesupport_introspection_cpp.hpp
[4.195s] -- Up-to-date: /home/james/Desktop/Team-D_group_project/group_d_ros2_ws/install/gesture_interface/include/gesture_interface/msg/detail/gesture_topic__type_support.cpp
[4.195s] -- Up-to-date: /home/james/Desktop/Team-D_group_project/group_d_ros2_ws/install/gesture_interface/lib/libgesture_interface__rosidl_typesupport_introspection_cpp.so
[4.198s] -- Up-to-date: /home/james/Desktop/Team-D_group_project/group_d_ros2_ws/install/gesture_interface/lib/libgesture_interface__rosidl_typesupport_cpp.so
[4.202s] -- Up-to-date: /home/james/Desktop/Team-D_group_project/group_d_ros2_ws/install/gesture_interface/share/gesture_interface/environment/pythonpath.sh
[4.202s] -- Installing: /home/james/Desktop/Team-D_group_project/group_d_ros2_ws/install/gesture_interface/share/gesture_interface/environment/pythonpath.dsv
[4.207s] -- Installing: /home/james/Desktop/Team-D_group_project/group_d_ros2_ws/install/gesture_interface/lib/python3.8/site-packages/gesture_interface/__init__.py
[4.401s] Compiling '/home/james/Desktop/Team-D_group_project/group_d_ros2_ws/install/gesture_interface/lib/python3.8/site-packages/gesture_interface/__init__.py'...
[4.432s] -- Up-to-date: /home/james/Desktop/Team-D_group_project/group_d_ros2_ws/install/gesture_interface/lib/python3.8/site-packages/gesture_interface/msg
[4.432s] -- Up-to-date: /home/james/Desktop/Team-D_group_project/group_d_ros2_ws/install/gesture_interface/lib/python3.8/site-packages/gesture_interface/msg/_gesture_topic_s.c
[4.432s] -- Up-to-date: /home/james/Desktop/Team-D_group_project/group_d_ros2_ws/install/gesture_interface/lib/python3.8/site-packages/gesture_interface/msg/__init__.py
[4.432s] -- Up-to-date: /home/james/Desktop/Team-D_group_project/group_d_ros2_ws/install/gesture_interface/lib/python3.8/site-packages/gesture_interface/msg/_gesture_topic.py
[4.432s] -- Up-to-date: /home/james/Desktop/Team-D_group_project/group_d_ros2_ws/install/gesture_interface/lib/python3.8/site-packages/gesture_interface/gesture_interface_s__rosidl_typesupport_fastrtps_c.cpython-38-x86_64-linux-gnu.so
[4.432s] -- Up-to-date: /home/james/Desktop/Team-D_group_project/group_d_ros2_ws/install/gesture_interface/lib/python3.8/site-packages/gesture_interface/gesture_interface_s__rosidl_typesupport_introspection_c.cpython-38-x86_64-linux-gnu.so
[4.434s] -- Up-to-date: /home/james/Desktop/Team-D_group_project/group_d_ros2_ws/install/gesture_interface/lib/python3.8/site-packages/gesture_interface/gesture_interface_s__rosidl_typesupport_c.cpython-38-x86_64-linux-gnu.so
[4.435s] -- Up-to-date: /home/james/Desktop/Team-D_group_project/group_d_ros2_ws/install/gesture_interface/lib/libgesture_interface__python.so
[4.437s] -- Up-to-date: /home/james/Desktop/Team-D_group_project/group_d_ros2_ws/install/gesture_interface/share/gesture_interface/msg/GestureTopic.idl
[4.450s] -- Up-to-date: /home/james/Desktop/Team-D_group_project/group_d_ros2_ws/install/gesture_interface/share/gesture_interface/msg/GestureTopic.msg
[4.458s] -- Up-to-date: /home/james/Desktop/Team-D_group_project/group_d_ros2_ws/install/gesture_interface/share/ament_index/resource_index/package_run_dependencies/gesture_interface
[4.458s] -- Up-to-date: /home/james/Desktop/Team-D_group_project/group_d_ros2_ws/install/gesture_interface/share/ament_index/resource_index/parent_prefix_path/gesture_interface
[4.458s] -- Up-to-date: /home/james/Desktop/Team-D_group_project/group_d_ros2_ws/install/gesture_interface/share/gesture_interface/environment/ament_prefix_path.sh
[4.463s] -- Installing: /home/james/Desktop/Team-D_group_project/group_d_ros2_ws/install/gesture_interface/share/gesture_interface/environment/ament_prefix_path.dsv
[4.463s] -- Up-to-date: /home/james/Desktop/Team-D_group_project/group_d_ros2_ws/install/gesture_interface/share/gesture_interface/environment/path.sh
[4.463s] -- Installing: /home/james/Desktop/Team-D_group_project/group_d_ros2_ws/install/gesture_interface/share/gesture_interface/environment/path.dsv
[4.463s] -- Up-to-date: /home/james/Desktop/Team-D_group_project/group_d_ros2_ws/install/gesture_interface/share/gesture_interface/local_setup.bash
[4.464s] -- Up-to-date: /home/james/Desktop/Team-D_group_project/group_d_ros2_ws/install/gesture_interface/share/gesture_interface/local_setup.sh
[4.464s] -- Up-to-date: /home/james/Desktop/Team-D_group_project/group_d_ros2_ws/install/gesture_interface/share/gesture_interface/local_setup.zsh
[4.464s] -- Installing: /home/james/Desktop/Team-D_group_project/group_d_ros2_ws/install/gesture_interface/share/gesture_interface/local_setup.dsv
[4.464s] -- Installing: /home/james/Desktop/Team-D_group_project/group_d_ros2_ws/install/gesture_interface/share/gesture_interface/package.dsv
[4.465s] -- Up-to-date: /home/james/Desktop/Team-D_group_project/group_d_ros2_ws/install/gesture_interface/share/ament_index/resource_index/packages/gesture_interface
[4.510s] -- Up-to-date: /home/james/Desktop/Team-D_group_project/group_d_ros2_ws/install/gesture_interface/share/gesture_interface/cmake/gesture_interface__rosidl_generator_cExport.cmake
[4.510s] -- Installing: /home/james/Desktop/Team-D_group_project/group_d_ros2_ws/install/gesture_interface/share/gesture_interface/cmake/gesture_interface__rosidl_generator_cExport-noconfig.cmake
[4.510s] -- Up-to-date: /home/james/Desktop/Team-D_group_project/group_d_ros2_ws/install/gesture_interface/share/gesture_interface/cmake/gesture_interface__rosidl_typesupport_introspection_cExport.cmake
[4.510s] -- Installing: /home/james/Desktop/Team-D_group_project/group_d_ros2_ws/install/gesture_interface/share/gesture_interface/cmake/gesture_interface__rosidl_typesupport_introspection_cExport-noconfig.cmake
[4.511s] -- Up-to-date: /home/james/Desktop/Team-D_group_project/group_d_ros2_ws/install/gesture_interface/share/gesture_interface/cmake/gesture_interface__rosidl_typesupport_cExport.cmake
[4.511s] -- Installing: /home/james/Desktop/Team-D_group_project/group_d_ros2_ws/install/gesture_interface/share/gesture_interface/cmake/gesture_interface__rosidl_typesupport_cExport-noconfig.cmake
[4.511s] -- Up-to-date: /home/james/Desktop/Team-D_group_project/group_d_ros2_ws/install/gesture_interface/share/gesture_interface/cmake/gesture_interface__rosidl_generator_cppExport.cmake
[4.511s] -- Up-to-date: /home/james/Desktop/Team-D_group_project/group_d_ros2_ws/install/gesture_interface/share/gesture_interface/cmake/gesture_interface__rosidl_typesupport_introspection_cppExport.cmake
[4.511s] -- Installing: /home/james/Desktop/Team-D_group_project/group_d_ros2_ws/install/gesture_interface/share/gesture_interface/cmake/gesture_interface__rosidl_typesupport_introspection_cppExport-noconfig.cmake
[4.511s] -- Up-to-date: /home/james/Desktop/Team-D_group_project/group_d_ros2_ws/install/gesture_interface/share/gesture_interface/cmake/gesture_interface__rosidl_typesupport_cppExport.cmake
[4.511s] -- Installing: /home/james/Desktop/Team-D_group_project/group_d_ros2_ws/install/gesture_interface/share/gesture_interface/cmake/gesture_interface__rosidl_typesupport_cppExport-noconfig.cmake
[4.511s] -- Up-to-date: /home/james/Desktop/Team-D_group_project/group_d_ros2_ws/install/gesture_interface/share/gesture_interface/cmake/rosidl_cmake-extras.cmake
[4.511s] -- Up-to-date: /home/james/Desktop/Team-D_group_project/group_d_ros2_ws/install/gesture_interface/share/gesture_interface/cmake/ament_cmake_export_dependencies-extras.cmake
[4.512s] -- Up-to-date: /home/james/Desktop/Team-D_group_project/group_d_ros2_ws/install/gesture_interface/share/gesture_interface/cmake/ament_cmake_export_libraries-extras.cmake
[4.512s] -- Up-to-date: /home/james/Desktop/Team-D_group_project/group_d_ros2_ws/install/gesture_interface/share/gesture_interface/cmake/ament_cmake_export_targets-extras.cmake
[4.512s] -- Up-to-date: /home/james/Desktop/Team-D_group_project/group_d_ros2_ws/install/gesture_interface/share/gesture_interface/cmake/ament_cmake_export_include_directories-extras.cmake
[4.512s] -- Up-to-date: /home/james/Desktop/Team-D_group_project/group_d_ros2_ws/install/gesture_interface/share/gesture_interface/cmake/rosidl_cmake_export_typesupport_libraries-extras.cmake
[4.512s] -- Up-to-date: /home/james/Desktop/Team-D_group_project/group_d_ros2_ws/install/gesture_interface/share/gesture_interface/cmake/rosidl_cmake_export_typesupport_targets-extras.cmake
[4.512s] -- Up-to-date: /home/james/Desktop/Team-D_group_project/group_d_ros2_ws/install/gesture_interface/share/gesture_interface/cmake/gesture_interfaceConfig.cmake
[4.512s] -- Up-to-date: /home/james/Desktop/Team-D_group_project/group_d_ros2_ws/install/gesture_interface/share/gesture_interface/cmake/gesture_interfaceConfig-version.cmake
[4.512s] -- Up-to-date: /home/james/Desktop/Team-D_group_project/group_d_ros2_ws/install/gesture_interface/share/gesture_interface/package.xml
[4.512s] Invoked command in '/home/james/Desktop/Team-D_group_project/group_d_ros2_ws/build/gesture_interface' returned '0': CMAKE_PREFIX_PATH=/home/james/colcon_ws/install/obstackle_avoidance:/opt/ros/foxy /usr/bin/cmake --install /home/james/Desktop/Team-D_group_project/group_d_ros2_ws/build/gesture_interface
