running egg_info
writing ../../build/cam_pub_sub/cam_pub_sub.egg-info/PKG-INFO
writing dependency_links to ../../build/cam_pub_sub/cam_pub_sub.egg-info/dependency_links.txt
writing entry points to ../../build/cam_pub_sub/cam_pub_sub.egg-info/entry_points.txt
writing requirements to ../../build/cam_pub_sub/cam_pub_sub.egg-info/requires.txt
writing top-level names to ../../build/cam_pub_sub/cam_pub_sub.egg-info/top_level.txt
reading manifest file '../../build/cam_pub_sub/cam_pub_sub.egg-info/SOURCES.txt'
writing manifest file '../../build/cam_pub_sub/cam_pub_sub.egg-info/SOURCES.txt'
running build
running build_py
running install
running install_lib
byte-compiling /home/james/Desktop/Team-D_group_project/group_d_ros2_ws/install/cam_pub_sub/lib/python3.8/site-packages/cam_pub_sub/cam_pub.py to cam_pub.cpython-38.pyc
byte-compiling /home/james/Desktop/Team-D_group_project/group_d_ros2_ws/install/cam_pub_sub/lib/python3.8/site-packages/cam_pub_sub/__init__.py to __init__.cpython-38.pyc
byte-compiling /home/james/Desktop/Team-D_group_project/group_d_ros2_ws/install/cam_pub_sub/lib/python3.8/site-packages/cam_pub_sub/cam_sub.py to cam_sub.cpython-38.pyc
running install_data
running install_egg_info
removing '/home/james/Desktop/Team-D_group_project/group_d_ros2_ws/install/cam_pub_sub/lib/python3.8/site-packages/cam_pub_sub-0.0.0-py3.8.egg-info' (and everything under it)
Copying ../../build/cam_pub_sub/cam_pub_sub.egg-info to /home/james/Desktop/Team-D_group_project/group_d_ros2_ws/install/cam_pub_sub/lib/python3.8/site-packages/cam_pub_sub-0.0.0-py3.8.egg-info
running install_scripts
Installing cam_pub script to /home/james/Desktop/Team-D_group_project/group_d_ros2_ws/install/cam_pub_sub/lib/cam_pub_sub
Installing cam_sub script to /home/james/Desktop/Team-D_group_project/group_d_ros2_ws/install/cam_pub_sub/lib/cam_pub_sub
writing list of installed files to '/home/james/Desktop/Team-D_group_project/group_d_ros2_ws/build/cam_pub_sub/install.log'
