-- The C compiler identification is GNU 9.4.0
-- The CXX compiler identification is GNU 9.4.0
-- Check for working C compiler: /usr/bin/cc
-- Check for working C compiler: /usr/bin/cc -- works
-- Detecting C compiler ABI info
-- Detecting C compiler ABI info - done
-- Detecting C compile features
-- Detecting C compile features - done
-- Check for working CXX compiler: /usr/bin/c++
-- Check for working CXX compiler: /usr/bin/c++ -- works
-- Detecting CXX compiler ABI info
-- Detecting CXX compiler ABI info - done
-- Detecting CXX compile features
-- Detecting CXX compile features - done
-- Found ament_cmake: 0.9.12 (/opt/ros/foxy/share/ament_cmake/cmake)
-- Found PythonInterp: /usr/bin/python3 (found suitable version "3.8.10", minimum required is "3") 
-- Using PYTHON_EXECUTABLE: /usr/bin/python3
-- Found rosidl_default_generators: 1.0.1 (/opt/ros/foxy/share/rosidl_default_generators/cmake)
-- Using all available rosidl_typesupport_c: rosidl_typesupport_fastrtps_c;rosidl_typesupport_introspection_c
-- Found rosidl_adapter: 1.3.1 (/opt/ros/foxy/share/rosidl_adapter/cmake)
-- Found OpenSSL: /usr/lib/x86_64-linux-gnu/libcrypto.so (found version "1.1.1f")  
-- Found FastRTPS: /opt/ros/foxy/include  
-- Using all available rosidl_typesupport_cpp: rosidl_typesupport_fastrtps_cpp;rosidl_typesupport_introspection_cpp
-- Found PythonInterp: /usr/bin/python3 (found version "3.8.10") 
-- Found ament_cmake_ros: 0.9.2 (/opt/ros/foxy/share/ament_cmake_ros/cmake)
-- Using all available rosidl_typesupport_c: rosidl_typesupport_fastrtps_c;rosidl_typesupport_introspection_c
-- Using all available rosidl_typesupport_cpp: rosidl_typesupport_fastrtps_cpp;rosidl_typesupport_introspection_cpp
-- Found PythonInterp: /usr/bin/python3 (found suitable version "3.8.10", minimum required is "3.5") 
-- Found python_cmake_module: 0.8.1 (/opt/ros/foxy/share/python_cmake_module/cmake)
-- Found PythonLibs: /usr/lib/x86_64-linux-gnu/libpython3.8.so (found suitable version "3.8.10", minimum required is "3.5") 
-- Using PYTHON_EXECUTABLE: /usr/bin/python3
-- Using PYTHON_INCLUDE_DIRS: /usr/include/python3.8
-- Using PYTHON_LIBRARIES: /usr/lib/x86_64-linux-gnu/libpython3.8.so
-- Found PythonExtra: .so  
-- Configuring done
-- Generating done
-- Build files have been written to: /home/james/Desktop/Team-D_group_project/group_d_ros2_ws/build/gesture_interface
-- Found ament_cmake: 0.9.12 (/opt/ros/foxy/share/ament_cmake/cmake)
-- Found PythonInterp: /usr/bin/python3 (found suitable version "3.8.10", minimum required is "3") 
-- Using PYTHON_EXECUTABLE: /usr/bin/python3
-- Found rosidl_default_generators: 1.0.1 (/opt/ros/foxy/share/rosidl_default_generators/cmake)
-- Using all available rosidl_typesupport_c: rosidl_typesupport_fastrtps_c;rosidl_typesupport_introspection_c
-- Found rosidl_adapter: 1.3.1 (/opt/ros/foxy/share/rosidl_adapter/cmake)
-- Using all available rosidl_typesupport_cpp: rosidl_typesupport_fastrtps_cpp;rosidl_typesupport_introspection_cpp
-- Found PythonInterp: /usr/bin/python3 (found version "3.8.10") 
-- Found ament_cmake_ros: 0.9.2 (/opt/ros/foxy/share/ament_cmake_ros/cmake)
-- Using all available rosidl_typesupport_c: rosidl_typesupport_fastrtps_c;rosidl_typesupport_introspection_c
-- Using all available rosidl_typesupport_cpp: rosidl_typesupport_fastrtps_cpp;rosidl_typesupport_introspection_cpp
-- Found PythonInterp: /usr/bin/python3 (found suitable version "3.8.10", minimum required is "3.5") 
-- Found python_cmake_module: 0.8.1 (/opt/ros/foxy/share/python_cmake_module/cmake)
-- Using PYTHON_EXECUTABLE: /usr/bin/python3
-- Using PYTHON_INCLUDE_DIRS: /usr/include/python3.8
-- Using PYTHON_LIBRARIES: /usr/lib/x86_64-linux-gnu/libpython3.8.so
-- Configuring done
-- Generating done
-- Build files have been written to: /home/james/Desktop/Team-D_group_project/group_d_ros2_ws/build/gesture_interface
[35m[1mScanning dependencies of target gesture_interface__cpp[0m
[  3%] [34m[1mGenerating C code for ROS interfaces[0m
[  6%] [34m[1mGenerating C++ code for ROS interfaces[0m
[  6%] Built target gesture_interface__cpp
[  9%] [34m[1mGenerating C++ type support dispatch for ROS interfaces[0m
[35m[1mScanning dependencies of target gesture_interface__rosidl_generator_c[0m
[ 12%] [32mBuilding C object CMakeFiles/gesture_interface__rosidl_generator_c.dir/rosidl_generator_c/gesture_interface/msg/detail/gesture_topic__functions.c.o[0m
[ 16%] [32m[1mLinking C shared library libgesture_interface__rosidl_generator_c.so[0m
[35m[1mScanning dependencies of target gesture_interface__rosidl_typesupport_cpp[0m
[ 19%] [32mBuilding CXX object CMakeFiles/gesture_interface__rosidl_typesupport_cpp.dir/rosidl_typesupport_cpp/gesture_interface/msg/gesture_topic__type_support.cpp.o[0m
[ 19%] Built target gesture_interface__rosidl_generator_c
[ 22%] [34m[1mGenerating C++ type support for eProsima Fast-RTPS[0m
[35m[1mScanning dependencies of target gesture_interface__rosidl_typesupport_fastrtps_cpp[0m
[ 25%] [32mBuilding CXX object CMakeFiles/gesture_interface__rosidl_typesupport_fastrtps_cpp.dir/rosidl_typesupport_fastrtps_cpp/gesture_interface/msg/detail/dds_fastrtps/gesture_topic__type_support.cpp.o[0m
[ 29%] [32m[1mLinking CXX shared library libgesture_interface__rosidl_typesupport_cpp.so[0m
[ 29%] Built target gesture_interface__rosidl_typesupport_cpp
[ 32%] [34m[1mGenerating C type support dispatch for ROS interfaces[0m
[35m[1mScanning dependencies of target gesture_interface__rosidl_typesupport_c[0m
[ 35%] [32mBuilding CXX object CMakeFiles/gesture_interface__rosidl_typesupport_c.dir/rosidl_typesupport_c/gesture_interface/msg/gesture_topic__type_support.cpp.o[0m
[ 38%] [32m[1mLinking CXX shared library libgesture_interface__rosidl_typesupport_c.so[0m
[ 38%] Built target gesture_interface__rosidl_typesupport_c
[ 41%] [32m[1mLinking CXX shared library libgesture_interface__rosidl_typesupport_fastrtps_cpp.so[0m
[ 45%] [34m[1mGenerating C introspection for ROS interfaces[0m
[ 45%] Built target gesture_interface__rosidl_typesupport_fastrtps_cpp
[ 48%] [34m[1mGenerating C++ introspection for ROS interfaces[0m
[35m[1mScanning dependencies of target gesture_interface__rosidl_typesupport_introspection_c[0m
[ 51%] [32mBuilding C object CMakeFiles/gesture_interface__rosidl_typesupport_introspection_c.dir/rosidl_typesupport_introspection_c/gesture_interface/msg/detail/gesture_topic__type_support.c.o[0m
[ 54%] [32m[1mLinking C shared library libgesture_interface__rosidl_typesupport_introspection_c.so[0m
[35m[1mScanning dependencies of target gesture_interface__rosidl_typesupport_introspection_cpp[0m
[ 54%] Built target gesture_interface__rosidl_typesupport_introspection_c
[ 58%] [32mBuilding CXX object CMakeFiles/gesture_interface__rosidl_typesupport_introspection_cpp.dir/rosidl_typesupport_introspection_cpp/gesture_interface/msg/detail/gesture_topic__type_support.cpp.o[0m
[ 61%] [34m[1mGenerating C type support for eProsima Fast-RTPS[0m
[35m[1mScanning dependencies of target gesture_interface__rosidl_typesupport_fastrtps_c[0m
[ 64%] [32mBuilding CXX object CMakeFiles/gesture_interface__rosidl_typesupport_fastrtps_c.dir/rosidl_typesupport_fastrtps_c/gesture_interface/msg/detail/gesture_topic__type_support_c.cpp.o[0m
[ 67%] [32m[1mLinking CXX shared library libgesture_interface__rosidl_typesupport_introspection_cpp.so[0m
[ 67%] Built target gesture_interface__rosidl_typesupport_introspection_cpp
[ 70%] [32m[1mLinking CXX shared library libgesture_interface__rosidl_typesupport_fastrtps_c.so[0m
[ 70%] Built target gesture_interface__rosidl_typesupport_fastrtps_c
[35m[1mScanning dependencies of target gesture_interface[0m
make[2]: Warning: File '/home/james/Desktop/Team-D_group_project/group_d_ros2_ws/src/gesture_interface/msg/GestureTopic.msg' has modification time 46460 s in the future
make[2]: warning:  Clock skew detected.  Your build may be incomplete.
[ 70%] Built target gesture_interface
[35m[1mScanning dependencies of target gesture_interface__py[0m
[ 74%] [34m[1mGenerating Python code for ROS interfaces[0m
[ 74%] Built target gesture_interface__py
[35m[1mScanning dependencies of target gesture_interface__python[0m
[ 77%] [32mBuilding C object CMakeFiles/gesture_interface__python.dir/rosidl_generator_py/gesture_interface/msg/_gesture_topic_s.c.o[0m
[ 80%] [32m[1mLinking C shared library rosidl_generator_py/gesture_interface/libgesture_interface__python.so[0m
[ 80%] Built target gesture_interface__python
[35m[1mScanning dependencies of target gesture_interface__rosidl_typesupport_fastrtps_c__pyext[0m
[35m[1mScanning dependencies of target gesture_interface__rosidl_typesupport_c__pyext[0m
[ 83%] [32mBuilding C object CMakeFiles/gesture_interface__rosidl_typesupport_fastrtps_c__pyext.dir/rosidl_generator_py/gesture_interface/_gesture_interface_s.ep.rosidl_typesupport_fastrtps_c.c.o[0m
[ 87%] [32mBuilding C object CMakeFiles/gesture_interface__rosidl_typesupport_c__pyext.dir/rosidl_generator_py/gesture_interface/_gesture_interface_s.ep.rosidl_typesupport_c.c.o[0m
[ 90%] [32m[1mLinking CXX shared library rosidl_generator_py/gesture_interface/gesture_interface_s__rosidl_typesupport_fastrtps_c.cpython-38-x86_64-linux-gnu.so[0m
[ 93%] [32m[1mLinking C shared library rosidl_generator_py/gesture_interface/gesture_interface_s__rosidl_typesupport_c.cpython-38-x86_64-linux-gnu.so[0m
[ 93%] Built target gesture_interface__rosidl_typesupport_c__pyext
[ 93%] Built target gesture_interface__rosidl_typesupport_fastrtps_c__pyext
[35m[1mScanning dependencies of target gesture_interface__rosidl_typesupport_introspection_c__pyext[0m
[ 96%] [32mBuilding C object CMakeFiles/gesture_interface__rosidl_typesupport_introspection_c__pyext.dir/rosidl_generator_py/gesture_interface/_gesture_interface_s.ep.rosidl_typesupport_introspection_c.c.o[0m
[100%] [32m[1mLinking C shared library rosidl_generator_py/gesture_interface/gesture_interface_s__rosidl_typesupport_introspection_c.cpython-38-x86_64-linux-gnu.so[0m
[100%] Built target gesture_interface__rosidl_typesupport_introspection_c__pyext
-- Install configuration: ""
-- Installing: /home/james/Desktop/Team-D_group_project/group_d_ros2_ws/install/gesture_interface/share/ament_index/resource_index/rosidl_interfaces/gesture_interface
-- Installing: /home/james/Desktop/Team-D_group_project/group_d_ros2_ws/install/gesture_interface/include/gesture_interface
-- Installing: /home/james/Desktop/Team-D_group_project/group_d_ros2_ws/install/gesture_interface/include/gesture_interface/msg
-- Installing: /home/james/Desktop/Team-D_group_project/group_d_ros2_ws/install/gesture_interface/include/gesture_interface/msg/gesture_topic.h
-- Installing: /home/james/Desktop/Team-D_group_project/group_d_ros2_ws/install/gesture_interface/include/gesture_interface/msg/detail
-- Installing: /home/james/Desktop/Team-D_group_project/group_d_ros2_ws/install/gesture_interface/include/gesture_interface/msg/detail/gesture_topic__type_support.h
-- Installing: /home/james/Desktop/Team-D_group_project/group_d_ros2_ws/install/gesture_interface/include/gesture_interface/msg/detail/gesture_topic__struct.h
-- Installing: /home/james/Desktop/Team-D_group_project/group_d_ros2_ws/install/gesture_interface/include/gesture_interface/msg/detail/gesture_topic__functions.c
-- Installing: /home/james/Desktop/Team-D_group_project/group_d_ros2_ws/install/gesture_interface/include/gesture_interface/msg/detail/gesture_topic__functions.h
-- Installing: /home/james/Desktop/Team-D_group_project/group_d_ros2_ws/install/gesture_interface/include/gesture_interface/msg/rosidl_generator_c__visibility_control.h
-- Installing: /home/james/Desktop/Team-D_group_project/group_d_ros2_ws/install/gesture_interface/share/gesture_interface/environment/library_path.sh
-- Installing: /home/james/Desktop/Team-D_group_project/group_d_ros2_ws/install/gesture_interface/share/gesture_interface/environment/library_path.dsv
-- Installing: /home/james/Desktop/Team-D_group_project/group_d_ros2_ws/install/gesture_interface/lib/libgesture_interface__rosidl_generator_c.so
-- Set runtime path of "/home/james/Desktop/Team-D_group_project/group_d_ros2_ws/install/gesture_interface/lib/libgesture_interface__rosidl_generator_c.so" to ""
-- Up-to-date: /home/james/Desktop/Team-D_group_project/group_d_ros2_ws/install/gesture_interface/include/gesture_interface
-- Up-to-date: /home/james/Desktop/Team-D_group_project/group_d_ros2_ws/install/gesture_interface/include/gesture_interface/msg
-- Installing: /home/james/Desktop/Team-D_group_project/group_d_ros2_ws/install/gesture_interface/include/gesture_interface/msg/rosidl_typesupport_fastrtps_c__visibility_control.h
-- Up-to-date: /home/james/Desktop/Team-D_group_project/group_d_ros2_ws/install/gesture_interface/include/gesture_interface/msg/detail
-- Installing: /home/james/Desktop/Team-D_group_project/group_d_ros2_ws/install/gesture_interface/include/gesture_interface/msg/detail/gesture_topic__rosidl_typesupport_fastrtps_c.h
-- Installing: /home/james/Desktop/Team-D_group_project/group_d_ros2_ws/install/gesture_interface/lib/libgesture_interface__rosidl_typesupport_fastrtps_c.so
-- Set runtime path of "/home/james/Desktop/Team-D_group_project/group_d_ros2_ws/install/gesture_interface/lib/libgesture_interface__rosidl_typesupport_fastrtps_c.so" to ""
-- Up-to-date: /home/james/Desktop/Team-D_group_project/group_d_ros2_ws/install/gesture_interface/include/gesture_interface
-- Up-to-date: /home/james/Desktop/Team-D_group_project/group_d_ros2_ws/install/gesture_interface/include/gesture_interface/msg
-- Installing: /home/james/Desktop/Team-D_group_project/group_d_ros2_ws/install/gesture_interface/include/gesture_interface/msg/rosidl_typesupport_fastrtps_cpp__visibility_control.h
-- Up-to-date: /home/james/Desktop/Team-D_group_project/group_d_ros2_ws/install/gesture_interface/include/gesture_interface/msg/detail
-- Installing: /home/james/Desktop/Team-D_group_project/group_d_ros2_ws/install/gesture_interface/include/gesture_interface/msg/detail/dds_fastrtps
-- Installing: /home/james/Desktop/Team-D_group_project/group_d_ros2_ws/install/gesture_interface/include/gesture_interface/msg/detail/gesture_topic__rosidl_typesupport_fastrtps_cpp.hpp
-- Installing: /home/james/Desktop/Team-D_group_project/group_d_ros2_ws/install/gesture_interface/lib/libgesture_interface__rosidl_typesupport_fastrtps_cpp.so
-- Set runtime path of "/home/james/Desktop/Team-D_group_project/group_d_ros2_ws/install/gesture_interface/lib/libgesture_interface__rosidl_typesupport_fastrtps_cpp.so" to ""
-- Up-to-date: /home/james/Desktop/Team-D_group_project/group_d_ros2_ws/install/gesture_interface/include/gesture_interface
-- Up-to-date: /home/james/Desktop/Team-D_group_project/group_d_ros2_ws/install/gesture_interface/include/gesture_interface/msg
-- Installing: /home/james/Desktop/Team-D_group_project/group_d_ros2_ws/install/gesture_interface/include/gesture_interface/msg/rosidl_typesupport_introspection_c__visibility_control.h
-- Up-to-date: /home/james/Desktop/Team-D_group_project/group_d_ros2_ws/install/gesture_interface/include/gesture_interface/msg/detail
-- Installing: /home/james/Desktop/Team-D_group_project/group_d_ros2_ws/install/gesture_interface/include/gesture_interface/msg/detail/gesture_topic__rosidl_typesupport_introspection_c.h
-- Installing: /home/james/Desktop/Team-D_group_project/group_d_ros2_ws/install/gesture_interface/include/gesture_interface/msg/detail/gesture_topic__type_support.c
-- Installing: /home/james/Desktop/Team-D_group_project/group_d_ros2_ws/install/gesture_interface/lib/libgesture_interface__rosidl_typesupport_introspection_c.so
-- Set runtime path of "/home/james/Desktop/Team-D_group_project/group_d_ros2_ws/install/gesture_interface/lib/libgesture_interface__rosidl_typesupport_introspection_c.so" to ""
-- Installing: /home/james/Desktop/Team-D_group_project/group_d_ros2_ws/install/gesture_interface/lib/libgesture_interface__rosidl_typesupport_c.so
-- Set runtime path of "/home/james/Desktop/Team-D_group_project/group_d_ros2_ws/install/gesture_interface/lib/libgesture_interface__rosidl_typesupport_c.so" to ""
-- Up-to-date: /home/james/Desktop/Team-D_group_project/group_d_ros2_ws/install/gesture_interface/include/gesture_interface
-- Up-to-date: /home/james/Desktop/Team-D_group_project/group_d_ros2_ws/install/gesture_interface/include/gesture_interface/msg
-- Installing: /home/james/Desktop/Team-D_group_project/group_d_ros2_ws/install/gesture_interface/include/gesture_interface/msg/rosidl_generator_cpp__visibility_control.hpp
-- Installing: /home/james/Desktop/Team-D_group_project/group_d_ros2_ws/install/gesture_interface/include/gesture_interface/msg/gesture_topic.hpp
-- Up-to-date: /home/james/Desktop/Team-D_group_project/group_d_ros2_ws/install/gesture_interface/include/gesture_interface/msg/detail
-- Installing: /home/james/Desktop/Team-D_group_project/group_d_ros2_ws/install/gesture_interface/include/gesture_interface/msg/detail/gesture_topic__builder.hpp
-- Installing: /home/james/Desktop/Team-D_group_project/group_d_ros2_ws/install/gesture_interface/include/gesture_interface/msg/detail/gesture_topic__traits.hpp
-- Installing: /home/james/Desktop/Team-D_group_project/group_d_ros2_ws/install/gesture_interface/include/gesture_interface/msg/detail/gesture_topic__type_support.hpp
-- Installing: /home/james/Desktop/Team-D_group_project/group_d_ros2_ws/install/gesture_interface/include/gesture_interface/msg/detail/gesture_topic__struct.hpp
-- Up-to-date: /home/james/Desktop/Team-D_group_project/group_d_ros2_ws/install/gesture_interface/include/gesture_interface
-- Up-to-date: /home/james/Desktop/Team-D_group_project/group_d_ros2_ws/install/gesture_interface/include/gesture_interface/msg
-- Up-to-date: /home/james/Desktop/Team-D_group_project/group_d_ros2_ws/install/gesture_interface/include/gesture_interface/msg/detail
-- Installing: /home/james/Desktop/Team-D_group_project/group_d_ros2_ws/install/gesture_interface/include/gesture_interface/msg/detail/gesture_topic__rosidl_typesupport_introspection_cpp.hpp
-- Installing: /home/james/Desktop/Team-D_group_project/group_d_ros2_ws/install/gesture_interface/include/gesture_interface/msg/detail/gesture_topic__type_support.cpp
-- Installing: /home/james/Desktop/Team-D_group_project/group_d_ros2_ws/install/gesture_interface/lib/libgesture_interface__rosidl_typesupport_introspection_cpp.so
-- Set runtime path of "/home/james/Desktop/Team-D_group_project/group_d_ros2_ws/install/gesture_interface/lib/libgesture_interface__rosidl_typesupport_introspection_cpp.so" to ""
-- Installing: /home/james/Desktop/Team-D_group_project/group_d_ros2_ws/install/gesture_interface/lib/libgesture_interface__rosidl_typesupport_cpp.so
-- Set runtime path of "/home/james/Desktop/Team-D_group_project/group_d_ros2_ws/install/gesture_interface/lib/libgesture_interface__rosidl_typesupport_cpp.so" to ""
-- Installing: /home/james/Desktop/Team-D_group_project/group_d_ros2_ws/install/gesture_interface/share/gesture_interface/environment/pythonpath.sh
-- Installing: /home/james/Desktop/Team-D_group_project/group_d_ros2_ws/install/gesture_interface/share/gesture_interface/environment/pythonpath.dsv
-- Installing: /home/james/Desktop/Team-D_group_project/group_d_ros2_ws/install/gesture_interface/lib/python3.8/site-packages/gesture_interface/__init__.py
Compiling '/home/james/Desktop/Team-D_group_project/group_d_ros2_ws/install/gesture_interface/lib/python3.8/site-packages/gesture_interface/__init__.py'...
-- Installing: /home/james/Desktop/Team-D_group_project/group_d_ros2_ws/install/gesture_interface/lib/python3.8/site-packages/gesture_interface/msg
-- Installing: /home/james/Desktop/Team-D_group_project/group_d_ros2_ws/install/gesture_interface/lib/python3.8/site-packages/gesture_interface/msg/_gesture_topic_s.c
-- Installing: /home/james/Desktop/Team-D_group_project/group_d_ros2_ws/install/gesture_interface/lib/python3.8/site-packages/gesture_interface/msg/__init__.py
-- Installing: /home/james/Desktop/Team-D_group_project/group_d_ros2_ws/install/gesture_interface/lib/python3.8/site-packages/gesture_interface/msg/_gesture_topic.py
-- Installing: /home/james/Desktop/Team-D_group_project/group_d_ros2_ws/install/gesture_interface/lib/python3.8/site-packages/gesture_interface/gesture_interface_s__rosidl_typesupport_fastrtps_c.cpython-38-x86_64-linux-gnu.so
-- Set runtime path of "/home/james/Desktop/Team-D_group_project/group_d_ros2_ws/install/gesture_interface/lib/python3.8/site-packages/gesture_interface/gesture_interface_s__rosidl_typesupport_fastrtps_c.cpython-38-x86_64-linux-gnu.so" to ""
-- Installing: /home/james/Desktop/Team-D_group_project/group_d_ros2_ws/install/gesture_interface/lib/python3.8/site-packages/gesture_interface/gesture_interface_s__rosidl_typesupport_introspection_c.cpython-38-x86_64-linux-gnu.so
-- Set runtime path of "/home/james/Desktop/Team-D_group_project/group_d_ros2_ws/install/gesture_interface/lib/python3.8/site-packages/gesture_interface/gesture_interface_s__rosidl_typesupport_introspection_c.cpython-38-x86_64-linux-gnu.so" to ""
-- Installing: /home/james/Desktop/Team-D_group_project/group_d_ros2_ws/install/gesture_interface/lib/python3.8/site-packages/gesture_interface/gesture_interface_s__rosidl_typesupport_c.cpython-38-x86_64-linux-gnu.so
-- Set runtime path of "/home/james/Desktop/Team-D_group_project/group_d_ros2_ws/install/gesture_interface/lib/python3.8/site-packages/gesture_interface/gesture_interface_s__rosidl_typesupport_c.cpython-38-x86_64-linux-gnu.so" to ""
-- Installing: /home/james/Desktop/Team-D_group_project/group_d_ros2_ws/install/gesture_interface/lib/libgesture_interface__python.so
-- Set runtime path of "/home/james/Desktop/Team-D_group_project/group_d_ros2_ws/install/gesture_interface/lib/libgesture_interface__python.so" to ""
-- Installing: /home/james/Desktop/Team-D_group_project/group_d_ros2_ws/install/gesture_interface/share/gesture_interface/msg/GestureTopic.idl
-- Installing: /home/james/Desktop/Team-D_group_project/group_d_ros2_ws/install/gesture_interface/share/gesture_interface/msg/GestureTopic.msg
-- Installing: /home/james/Desktop/Team-D_group_project/group_d_ros2_ws/install/gesture_interface/share/ament_index/resource_index/package_run_dependencies/gesture_interface
-- Installing: /home/james/Desktop/Team-D_group_project/group_d_ros2_ws/install/gesture_interface/share/ament_index/resource_index/parent_prefix_path/gesture_interface
-- Installing: /home/james/Desktop/Team-D_group_project/group_d_ros2_ws/install/gesture_interface/share/gesture_interface/environment/ament_prefix_path.sh
-- Installing: /home/james/Desktop/Team-D_group_project/group_d_ros2_ws/install/gesture_interface/share/gesture_interface/environment/ament_prefix_path.dsv
-- Installing: /home/james/Desktop/Team-D_group_project/group_d_ros2_ws/install/gesture_interface/share/gesture_interface/environment/path.sh
-- Installing: /home/james/Desktop/Team-D_group_project/group_d_ros2_ws/install/gesture_interface/share/gesture_interface/environment/path.dsv
-- Installing: /home/james/Desktop/Team-D_group_project/group_d_ros2_ws/install/gesture_interface/share/gesture_interface/local_setup.bash
-- Installing: /home/james/Desktop/Team-D_group_project/group_d_ros2_ws/install/gesture_interface/share/gesture_interface/local_setup.sh
-- Installing: /home/james/Desktop/Team-D_group_project/group_d_ros2_ws/install/gesture_interface/share/gesture_interface/local_setup.zsh
-- Installing: /home/james/Desktop/Team-D_group_project/group_d_ros2_ws/install/gesture_interface/share/gesture_interface/local_setup.dsv
-- Installing: /home/james/Desktop/Team-D_group_project/group_d_ros2_ws/install/gesture_interface/share/gesture_interface/package.dsv
-- Installing: /home/james/Desktop/Team-D_group_project/group_d_ros2_ws/install/gesture_interface/share/ament_index/resource_index/packages/gesture_interface
-- Installing: /home/james/Desktop/Team-D_group_project/group_d_ros2_ws/install/gesture_interface/share/gesture_interface/cmake/gesture_interface__rosidl_generator_cExport.cmake
-- Installing: /home/james/Desktop/Team-D_group_project/group_d_ros2_ws/install/gesture_interface/share/gesture_interface/cmake/gesture_interface__rosidl_generator_cExport-noconfig.cmake
-- Installing: /home/james/Desktop/Team-D_group_project/group_d_ros2_ws/install/gesture_interface/share/gesture_interface/cmake/gesture_interface__rosidl_typesupport_introspection_cExport.cmake
-- Installing: /home/james/Desktop/Team-D_group_project/group_d_ros2_ws/install/gesture_interface/share/gesture_interface/cmake/gesture_interface__rosidl_typesupport_introspection_cExport-noconfig.cmake
-- Installing: /home/james/Desktop/Team-D_group_project/group_d_ros2_ws/install/gesture_interface/share/gesture_interface/cmake/gesture_interface__rosidl_typesupport_cExport.cmake
-- Installing: /home/james/Desktop/Team-D_group_project/group_d_ros2_ws/install/gesture_interface/share/gesture_interface/cmake/gesture_interface__rosidl_typesupport_cExport-noconfig.cmake
-- Installing: /home/james/Desktop/Team-D_group_project/group_d_ros2_ws/install/gesture_interface/share/gesture_interface/cmake/gesture_interface__rosidl_generator_cppExport.cmake
-- Installing: /home/james/Desktop/Team-D_group_project/group_d_ros2_ws/install/gesture_interface/share/gesture_interface/cmake/gesture_interface__rosidl_typesupport_introspection_cppExport.cmake
-- Installing: /home/james/Desktop/Team-D_group_project/group_d_ros2_ws/install/gesture_interface/share/gesture_interface/cmake/gesture_interface__rosidl_typesupport_introspection_cppExport-noconfig.cmake
-- Installing: /home/james/Desktop/Team-D_group_project/group_d_ros2_ws/install/gesture_interface/share/gesture_interface/cmake/gesture_interface__rosidl_typesupport_cppExport.cmake
-- Installing: /home/james/Desktop/Team-D_group_project/group_d_ros2_ws/install/gesture_interface/share/gesture_interface/cmake/gesture_interface__rosidl_typesupport_cppExport-noconfig.cmake
-- Installing: /home/james/Desktop/Team-D_group_project/group_d_ros2_ws/install/gesture_interface/share/gesture_interface/cmake/rosidl_cmake-extras.cmake
-- Installing: /home/james/Desktop/Team-D_group_project/group_d_ros2_ws/install/gesture_interface/share/gesture_interface/cmake/ament_cmake_export_dependencies-extras.cmake
-- Installing: /home/james/Desktop/Team-D_group_project/group_d_ros2_ws/install/gesture_interface/share/gesture_interface/cmake/ament_cmake_export_libraries-extras.cmake
-- Installing: /home/james/Desktop/Team-D_group_project/group_d_ros2_ws/install/gesture_interface/share/gesture_interface/cmake/ament_cmake_export_targets-extras.cmake
-- Installing: /home/james/Desktop/Team-D_group_project/group_d_ros2_ws/install/gesture_interface/share/gesture_interface/cmake/ament_cmake_export_include_directories-extras.cmake
-- Installing: /home/james/Desktop/Team-D_group_project/group_d_ros2_ws/install/gesture_interface/share/gesture_interface/cmake/rosidl_cmake_export_typesupport_libraries-extras.cmake
-- Installing: /home/james/Desktop/Team-D_group_project/group_d_ros2_ws/install/gesture_interface/share/gesture_interface/cmake/rosidl_cmake_export_typesupport_targets-extras.cmake
-- Installing: /home/james/Desktop/Team-D_group_project/group_d_ros2_ws/install/gesture_interface/share/gesture_interface/cmake/gesture_interfaceConfig.cmake
-- Installing: /home/james/Desktop/Team-D_group_project/group_d_ros2_ws/install/gesture_interface/share/gesture_interface/cmake/gesture_interfaceConfig-version.cmake
-- Installing: /home/james/Desktop/Team-D_group_project/group_d_ros2_ws/install/gesture_interface/share/gesture_interface/package.xml
