-- Found ament_cmake: 0.9.12 (/opt/ros/foxy/share/ament_cmake/cmake)
-- Found PythonInterp: /usr/bin/python3 (found suitable version "3.8.10", minimum required is "3") 
-- Using PYTHON_EXECUTABLE: /usr/bin/python3
-- Found rosidl_default_generators: 1.0.1 (/opt/ros/foxy/share/rosidl_default_generators/cmake)
-- Using all available rosidl_typesupport_c: rosidl_typesupport_fastrtps_c;rosidl_typesupport_introspection_c
-- Found rosidl_adapter: 1.3.1 (/opt/ros/foxy/share/rosidl_adapter/cmake)
-- Using all available rosidl_typesupport_cpp: rosidl_typesupport_fastrtps_cpp;rosidl_typesupport_introspection_cpp
-- Found std_msgs: 2.0.5 (/opt/ros/foxy/share/std_msgs/cmake)
-- Found sensor_msgs: 2.0.5 (/opt/ros/foxy/share/sensor_msgs/cmake)
-- Found PythonInterp: /usr/bin/python3 (found version "3.8.10") 
-- Found ament_cmake_ros: 0.9.2 (/opt/ros/foxy/share/ament_cmake_ros/cmake)
-- Using all available rosidl_typesupport_c: rosidl_typesupport_fastrtps_c;rosidl_typesupport_introspection_c
-- Using all available rosidl_typesupport_cpp: rosidl_typesupport_fastrtps_cpp;rosidl_typesupport_introspection_cpp
-- Found PythonInterp: /usr/bin/python3 (found suitable version "3.8.10", minimum required is "3.5") 
-- Found python_cmake_module: 0.8.1 (/opt/ros/foxy/share/python_cmake_module/cmake)
-- Using PYTHON_EXECUTABLE: /usr/bin/python3
-- Using PYTHON_INCLUDE_DIRS: /usr/include/python3.8
-- Using PYTHON_LIBRARIES: /usr/lib/x86_64-linux-gnu/libpython3.8.so
-- Configuring done
-- Generating done
-- Build files have been written to: /home/james/Desktop/Team-D_group_project/group_d_ros2_ws/build/cam_interface
[  3%] Built target cam_interface__cpp
[ 12%] Built target cam_interface__rosidl_typesupport_introspection_cpp
[ 22%] Built target cam_interface__rosidl_generator_c
[ 32%] Built target cam_interface__rosidl_typesupport_cpp
[ 41%] Built target cam_interface__rosidl_typesupport_fastrtps_cpp
[ 51%] Built target cam_interface__rosidl_typesupport_c
[ 61%] Built target cam_interface__rosidl_typesupport_introspection_c
[ 70%] Built target cam_interface__rosidl_typesupport_fastrtps_c
make[2]: Warning: File '/home/james/Desktop/Team-D_group_project/group_d_ros2_ws/src/cam_interface/msg/CamTopic.msg' has modification time 46424 s in the future
make[2]: warning:  Clock skew detected.  Your build may be incomplete.
[ 70%] Built target cam_interface
[ 74%] Built target cam_interface__py
[ 80%] Built target cam_interface__python
[ 87%] Built target cam_interface__rosidl_typesupport_fastrtps_c__pyext
[ 93%] Built target cam_interface__rosidl_typesupport_c__pyext
[100%] Built target cam_interface__rosidl_typesupport_introspection_c__pyext
-- Install configuration: ""
-- Up-to-date: /home/james/Desktop/Team-D_group_project/group_d_ros2_ws/install/cam_interface/share/ament_index/resource_index/rosidl_interfaces/cam_interface
-- Up-to-date: /home/james/Desktop/Team-D_group_project/group_d_ros2_ws/install/cam_interface/include/cam_interface
-- Up-to-date: /home/james/Desktop/Team-D_group_project/group_d_ros2_ws/install/cam_interface/include/cam_interface/msg
-- Up-to-date: /home/james/Desktop/Team-D_group_project/group_d_ros2_ws/install/cam_interface/include/cam_interface/msg/detail
-- Up-to-date: /home/james/Desktop/Team-D_group_project/group_d_ros2_ws/install/cam_interface/include/cam_interface/msg/detail/cam_topic__type_support.h
-- Up-to-date: /home/james/Desktop/Team-D_group_project/group_d_ros2_ws/install/cam_interface/include/cam_interface/msg/detail/cam_topic__functions.h
-- Up-to-date: /home/james/Desktop/Team-D_group_project/group_d_ros2_ws/install/cam_interface/include/cam_interface/msg/detail/cam_topic__functions.c
-- Up-to-date: /home/james/Desktop/Team-D_group_project/group_d_ros2_ws/install/cam_interface/include/cam_interface/msg/detail/cam_topic__struct.h
-- Up-to-date: /home/james/Desktop/Team-D_group_project/group_d_ros2_ws/install/cam_interface/include/cam_interface/msg/rosidl_generator_c__visibility_control.h
-- Up-to-date: /home/james/Desktop/Team-D_group_project/group_d_ros2_ws/install/cam_interface/include/cam_interface/msg/cam_topic.h
-- Up-to-date: /home/james/Desktop/Team-D_group_project/group_d_ros2_ws/install/cam_interface/share/cam_interface/environment/library_path.sh
-- Installing: /home/james/Desktop/Team-D_group_project/group_d_ros2_ws/install/cam_interface/share/cam_interface/environment/library_path.dsv
-- Up-to-date: /home/james/Desktop/Team-D_group_project/group_d_ros2_ws/install/cam_interface/lib/libcam_interface__rosidl_generator_c.so
-- Up-to-date: /home/james/Desktop/Team-D_group_project/group_d_ros2_ws/install/cam_interface/include/cam_interface
-- Up-to-date: /home/james/Desktop/Team-D_group_project/group_d_ros2_ws/install/cam_interface/include/cam_interface/msg
-- Up-to-date: /home/james/Desktop/Team-D_group_project/group_d_ros2_ws/install/cam_interface/include/cam_interface/msg/rosidl_typesupport_fastrtps_c__visibility_control.h
-- Up-to-date: /home/james/Desktop/Team-D_group_project/group_d_ros2_ws/install/cam_interface/include/cam_interface/msg/detail
-- Up-to-date: /home/james/Desktop/Team-D_group_project/group_d_ros2_ws/install/cam_interface/include/cam_interface/msg/detail/cam_topic__rosidl_typesupport_fastrtps_c.h
-- Up-to-date: /home/james/Desktop/Team-D_group_project/group_d_ros2_ws/install/cam_interface/lib/libcam_interface__rosidl_typesupport_fastrtps_c.so
-- Up-to-date: /home/james/Desktop/Team-D_group_project/group_d_ros2_ws/install/cam_interface/include/cam_interface
-- Up-to-date: /home/james/Desktop/Team-D_group_project/group_d_ros2_ws/install/cam_interface/include/cam_interface/msg
-- Up-to-date: /home/james/Desktop/Team-D_group_project/group_d_ros2_ws/install/cam_interface/include/cam_interface/msg/rosidl_typesupport_fastrtps_cpp__visibility_control.h
-- Up-to-date: /home/james/Desktop/Team-D_group_project/group_d_ros2_ws/install/cam_interface/include/cam_interface/msg/detail
-- Up-to-date: /home/james/Desktop/Team-D_group_project/group_d_ros2_ws/install/cam_interface/include/cam_interface/msg/detail/cam_topic__rosidl_typesupport_fastrtps_cpp.hpp
-- Up-to-date: /home/james/Desktop/Team-D_group_project/group_d_ros2_ws/install/cam_interface/include/cam_interface/msg/detail/dds_fastrtps
-- Up-to-date: /home/james/Desktop/Team-D_group_project/group_d_ros2_ws/install/cam_interface/lib/libcam_interface__rosidl_typesupport_fastrtps_cpp.so
-- Up-to-date: /home/james/Desktop/Team-D_group_project/group_d_ros2_ws/install/cam_interface/include/cam_interface
-- Up-to-date: /home/james/Desktop/Team-D_group_project/group_d_ros2_ws/install/cam_interface/include/cam_interface/msg
-- Up-to-date: /home/james/Desktop/Team-D_group_project/group_d_ros2_ws/install/cam_interface/include/cam_interface/msg/rosidl_typesupport_introspection_c__visibility_control.h
-- Up-to-date: /home/james/Desktop/Team-D_group_project/group_d_ros2_ws/install/cam_interface/include/cam_interface/msg/detail
-- Up-to-date: /home/james/Desktop/Team-D_group_project/group_d_ros2_ws/install/cam_interface/include/cam_interface/msg/detail/cam_topic__type_support.c
-- Up-to-date: /home/james/Desktop/Team-D_group_project/group_d_ros2_ws/install/cam_interface/include/cam_interface/msg/detail/cam_topic__rosidl_typesupport_introspection_c.h
-- Up-to-date: /home/james/Desktop/Team-D_group_project/group_d_ros2_ws/install/cam_interface/lib/libcam_interface__rosidl_typesupport_introspection_c.so
-- Up-to-date: /home/james/Desktop/Team-D_group_project/group_d_ros2_ws/install/cam_interface/lib/libcam_interface__rosidl_typesupport_c.so
-- Up-to-date: /home/james/Desktop/Team-D_group_project/group_d_ros2_ws/install/cam_interface/include/cam_interface
-- Up-to-date: /home/james/Desktop/Team-D_group_project/group_d_ros2_ws/install/cam_interface/include/cam_interface/msg
-- Up-to-date: /home/james/Desktop/Team-D_group_project/group_d_ros2_ws/install/cam_interface/include/cam_interface/msg/cam_topic.hpp
-- Up-to-date: /home/james/Desktop/Team-D_group_project/group_d_ros2_ws/install/cam_interface/include/cam_interface/msg/rosidl_generator_cpp__visibility_control.hpp
-- Up-to-date: /home/james/Desktop/Team-D_group_project/group_d_ros2_ws/install/cam_interface/include/cam_interface/msg/detail
-- Up-to-date: /home/james/Desktop/Team-D_group_project/group_d_ros2_ws/install/cam_interface/include/cam_interface/msg/detail/cam_topic__struct.hpp
-- Up-to-date: /home/james/Desktop/Team-D_group_project/group_d_ros2_ws/install/cam_interface/include/cam_interface/msg/detail/cam_topic__traits.hpp
-- Up-to-date: /home/james/Desktop/Team-D_group_project/group_d_ros2_ws/install/cam_interface/include/cam_interface/msg/detail/cam_topic__type_support.hpp
-- Up-to-date: /home/james/Desktop/Team-D_group_project/group_d_ros2_ws/install/cam_interface/include/cam_interface/msg/detail/cam_topic__builder.hpp
-- Up-to-date: /home/james/Desktop/Team-D_group_project/group_d_ros2_ws/install/cam_interface/include/cam_interface
-- Up-to-date: /home/james/Desktop/Team-D_group_project/group_d_ros2_ws/install/cam_interface/include/cam_interface/msg
-- Up-to-date: /home/james/Desktop/Team-D_group_project/group_d_ros2_ws/install/cam_interface/include/cam_interface/msg/detail
-- Up-to-date: /home/james/Desktop/Team-D_group_project/group_d_ros2_ws/install/cam_interface/include/cam_interface/msg/detail/cam_topic__type_support.cpp
-- Up-to-date: /home/james/Desktop/Team-D_group_project/group_d_ros2_ws/install/cam_interface/include/cam_interface/msg/detail/cam_topic__rosidl_typesupport_introspection_cpp.hpp
-- Up-to-date: /home/james/Desktop/Team-D_group_project/group_d_ros2_ws/install/cam_interface/lib/libcam_interface__rosidl_typesupport_introspection_cpp.so
-- Up-to-date: /home/james/Desktop/Team-D_group_project/group_d_ros2_ws/install/cam_interface/lib/libcam_interface__rosidl_typesupport_cpp.so
-- Up-to-date: /home/james/Desktop/Team-D_group_project/group_d_ros2_ws/install/cam_interface/share/cam_interface/environment/pythonpath.sh
-- Installing: /home/james/Desktop/Team-D_group_project/group_d_ros2_ws/install/cam_interface/share/cam_interface/environment/pythonpath.dsv
-- Installing: /home/james/Desktop/Team-D_group_project/group_d_ros2_ws/install/cam_interface/lib/python3.8/site-packages/cam_interface/__init__.py
Compiling '/home/james/Desktop/Team-D_group_project/group_d_ros2_ws/install/cam_interface/lib/python3.8/site-packages/cam_interface/__init__.py'...
-- Up-to-date: /home/james/Desktop/Team-D_group_project/group_d_ros2_ws/install/cam_interface/lib/python3.8/site-packages/cam_interface/msg
-- Up-to-date: /home/james/Desktop/Team-D_group_project/group_d_ros2_ws/install/cam_interface/lib/python3.8/site-packages/cam_interface/msg/_cam_topic.py
-- Up-to-date: /home/james/Desktop/Team-D_group_project/group_d_ros2_ws/install/cam_interface/lib/python3.8/site-packages/cam_interface/msg/__init__.py
-- Up-to-date: /home/james/Desktop/Team-D_group_project/group_d_ros2_ws/install/cam_interface/lib/python3.8/site-packages/cam_interface/msg/_cam_topic_s.c
-- Up-to-date: /home/james/Desktop/Team-D_group_project/group_d_ros2_ws/install/cam_interface/lib/python3.8/site-packages/cam_interface/cam_interface_s__rosidl_typesupport_fastrtps_c.cpython-38-x86_64-linux-gnu.so
-- Up-to-date: /home/james/Desktop/Team-D_group_project/group_d_ros2_ws/install/cam_interface/lib/python3.8/site-packages/cam_interface/cam_interface_s__rosidl_typesupport_introspection_c.cpython-38-x86_64-linux-gnu.so
-- Up-to-date: /home/james/Desktop/Team-D_group_project/group_d_ros2_ws/install/cam_interface/lib/python3.8/site-packages/cam_interface/cam_interface_s__rosidl_typesupport_c.cpython-38-x86_64-linux-gnu.so
-- Up-to-date: /home/james/Desktop/Team-D_group_project/group_d_ros2_ws/install/cam_interface/lib/libcam_interface__python.so
-- Up-to-date: /home/james/Desktop/Team-D_group_project/group_d_ros2_ws/install/cam_interface/share/cam_interface/msg/CamTopic.idl
-- Up-to-date: /home/james/Desktop/Team-D_group_project/group_d_ros2_ws/install/cam_interface/share/cam_interface/msg/CamTopic.msg
-- Up-to-date: /home/james/Desktop/Team-D_group_project/group_d_ros2_ws/install/cam_interface/share/ament_index/resource_index/package_run_dependencies/cam_interface
-- Up-to-date: /home/james/Desktop/Team-D_group_project/group_d_ros2_ws/install/cam_interface/share/ament_index/resource_index/parent_prefix_path/cam_interface
-- Up-to-date: /home/james/Desktop/Team-D_group_project/group_d_ros2_ws/install/cam_interface/share/cam_interface/environment/ament_prefix_path.sh
-- Installing: /home/james/Desktop/Team-D_group_project/group_d_ros2_ws/install/cam_interface/share/cam_interface/environment/ament_prefix_path.dsv
-- Up-to-date: /home/james/Desktop/Team-D_group_project/group_d_ros2_ws/install/cam_interface/share/cam_interface/environment/path.sh
-- Installing: /home/james/Desktop/Team-D_group_project/group_d_ros2_ws/install/cam_interface/share/cam_interface/environment/path.dsv
-- Up-to-date: /home/james/Desktop/Team-D_group_project/group_d_ros2_ws/install/cam_interface/share/cam_interface/local_setup.bash
-- Up-to-date: /home/james/Desktop/Team-D_group_project/group_d_ros2_ws/install/cam_interface/share/cam_interface/local_setup.sh
-- Up-to-date: /home/james/Desktop/Team-D_group_project/group_d_ros2_ws/install/cam_interface/share/cam_interface/local_setup.zsh
-- Installing: /home/james/Desktop/Team-D_group_project/group_d_ros2_ws/install/cam_interface/share/cam_interface/local_setup.dsv
-- Installing: /home/james/Desktop/Team-D_group_project/group_d_ros2_ws/install/cam_interface/share/cam_interface/package.dsv
-- Up-to-date: /home/james/Desktop/Team-D_group_project/group_d_ros2_ws/install/cam_interface/share/ament_index/resource_index/packages/cam_interface
-- Up-to-date: /home/james/Desktop/Team-D_group_project/group_d_ros2_ws/install/cam_interface/share/cam_interface/cmake/cam_interface__rosidl_generator_cExport.cmake
-- Installing: /home/james/Desktop/Team-D_group_project/group_d_ros2_ws/install/cam_interface/share/cam_interface/cmake/cam_interface__rosidl_generator_cExport-noconfig.cmake
-- Up-to-date: /home/james/Desktop/Team-D_group_project/group_d_ros2_ws/install/cam_interface/share/cam_interface/cmake/cam_interface__rosidl_typesupport_introspection_cExport.cmake
-- Installing: /home/james/Desktop/Team-D_group_project/group_d_ros2_ws/install/cam_interface/share/cam_interface/cmake/cam_interface__rosidl_typesupport_introspection_cExport-noconfig.cmake
-- Up-to-date: /home/james/Desktop/Team-D_group_project/group_d_ros2_ws/install/cam_interface/share/cam_interface/cmake/cam_interface__rosidl_typesupport_cExport.cmake
-- Installing: /home/james/Desktop/Team-D_group_project/group_d_ros2_ws/install/cam_interface/share/cam_interface/cmake/cam_interface__rosidl_typesupport_cExport-noconfig.cmake
-- Up-to-date: /home/james/Desktop/Team-D_group_project/group_d_ros2_ws/install/cam_interface/share/cam_interface/cmake/cam_interface__rosidl_generator_cppExport.cmake
-- Up-to-date: /home/james/Desktop/Team-D_group_project/group_d_ros2_ws/install/cam_interface/share/cam_interface/cmake/cam_interface__rosidl_typesupport_introspection_cppExport.cmake
-- Installing: /home/james/Desktop/Team-D_group_project/group_d_ros2_ws/install/cam_interface/share/cam_interface/cmake/cam_interface__rosidl_typesupport_introspection_cppExport-noconfig.cmake
-- Up-to-date: /home/james/Desktop/Team-D_group_project/group_d_ros2_ws/install/cam_interface/share/cam_interface/cmake/cam_interface__rosidl_typesupport_cppExport.cmake
-- Installing: /home/james/Desktop/Team-D_group_project/group_d_ros2_ws/install/cam_interface/share/cam_interface/cmake/cam_interface__rosidl_typesupport_cppExport-noconfig.cmake
-- Up-to-date: /home/james/Desktop/Team-D_group_project/group_d_ros2_ws/install/cam_interface/share/cam_interface/cmake/rosidl_cmake-extras.cmake
-- Up-to-date: /home/james/Desktop/Team-D_group_project/group_d_ros2_ws/install/cam_interface/share/cam_interface/cmake/ament_cmake_export_dependencies-extras.cmake
-- Up-to-date: /home/james/Desktop/Team-D_group_project/group_d_ros2_ws/install/cam_interface/share/cam_interface/cmake/ament_cmake_export_libraries-extras.cmake
-- Up-to-date: /home/james/Desktop/Team-D_group_project/group_d_ros2_ws/install/cam_interface/share/cam_interface/cmake/ament_cmake_export_targets-extras.cmake
-- Up-to-date: /home/james/Desktop/Team-D_group_project/group_d_ros2_ws/install/cam_interface/share/cam_interface/cmake/ament_cmake_export_include_directories-extras.cmake
-- Up-to-date: /home/james/Desktop/Team-D_group_project/group_d_ros2_ws/install/cam_interface/share/cam_interface/cmake/rosidl_cmake_export_typesupport_libraries-extras.cmake
-- Up-to-date: /home/james/Desktop/Team-D_group_project/group_d_ros2_ws/install/cam_interface/share/cam_interface/cmake/rosidl_cmake_export_typesupport_targets-extras.cmake
-- Up-to-date: /home/james/Desktop/Team-D_group_project/group_d_ros2_ws/install/cam_interface/share/cam_interface/cmake/cam_interfaceConfig.cmake
-- Up-to-date: /home/james/Desktop/Team-D_group_project/group_d_ros2_ws/install/cam_interface/share/cam_interface/cmake/cam_interfaceConfig-version.cmake
-- Up-to-date: /home/james/Desktop/Team-D_group_project/group_d_ros2_ws/install/cam_interface/share/cam_interface/package.xml
