[0.343s] Invoking command in '/home/james/Desktop/Team-D_group_project/group_d_ros2_ws/build/cam_interface': CMAKE_PREFIX_PATH=/home/james/colcon_ws/install/obstackle_avoidance:/opt/ros/foxy /usr/bin/cmake --build /home/james/Desktop/Team-D_group_project/group_d_ros2_ws/build/cam_interface -- -j2 -l2
[0.390s] -- Found ament_cmake: 0.9.12 (/opt/ros/foxy/share/ament_cmake/cmake)
[0.430s] -- Found PythonInterp: /usr/bin/python3 (found suitable version "3.8.10", minimum required is "3") 
[0.430s] -- Using PYTHON_EXECUTABLE: /usr/bin/python3
[0.901s] -- Found rosidl_default_generators: 1.0.1 (/opt/ros/foxy/share/rosidl_default_generators/cmake)
[0.917s] -- Using all available rosidl_typesupport_c: rosidl_typesupport_fastrtps_c;rosidl_typesupport_introspection_c
[0.927s] -- Found rosidl_adapter: 1.3.1 (/opt/ros/foxy/share/rosidl_adapter/cmake)
[1.183s] -- Using all available rosidl_typesupport_cpp: rosidl_typesupport_fastrtps_cpp;rosidl_typesupport_introspection_cpp
[1.218s] -- Found std_msgs: 2.0.5 (/opt/ros/foxy/share/std_msgs/cmake)
[1.277s] -- Found sensor_msgs: 2.0.5 (/opt/ros/foxy/share/sensor_msgs/cmake)
[1.537s] -- Found PythonInterp: /usr/bin/python3 (found version "3.8.10") 
[2.022s] -- Found ament_cmake_ros: 0.9.2 (/opt/ros/foxy/share/ament_cmake_ros/cmake)
[2.867s] -- Using all available rosidl_typesupport_c: rosidl_typesupport_fastrtps_c;rosidl_typesupport_introspection_c
[3.485s] -- Using all available rosidl_typesupport_cpp: rosidl_typesupport_fastrtps_cpp;rosidl_typesupport_introspection_cpp
[3.533s] -- Found PythonInterp: /usr/bin/python3 (found suitable version "3.8.10", minimum required is "3.5") 
[3.533s] -- Found python_cmake_module: 0.8.1 (/opt/ros/foxy/share/python_cmake_module/cmake)
[3.580s] -- Using PYTHON_EXECUTABLE: /usr/bin/python3
[3.580s] -- Using PYTHON_INCLUDE_DIRS: /usr/include/python3.8
[3.580s] -- Using PYTHON_LIBRARIES: /usr/lib/x86_64-linux-gnu/libpython3.8.so
[3.916s] -- Configuring done
[4.215s] -- Generating done
[4.216s] -- Build files have been written to: /home/james/Desktop/Team-D_group_project/group_d_ros2_ws/build/cam_interface
[4.297s] [  3%] Built target cam_interface__cpp
[4.396s] [ 12%] Built target cam_interface__rosidl_typesupport_introspection_cpp
[4.411s] [ 22%] Built target cam_interface__rosidl_generator_c
[4.549s] [ 32%] Built target cam_interface__rosidl_typesupport_cpp
[4.563s] [ 41%] Built target cam_interface__rosidl_typesupport_fastrtps_cpp
[4.708s] [ 51%] Built target cam_interface__rosidl_typesupport_c
[4.762s] [ 61%] Built target cam_interface__rosidl_typesupport_introspection_c
[4.804s] [ 70%] Built target cam_interface__rosidl_typesupport_fastrtps_c
[4.850s] make[2]: Warning: File '/home/james/Desktop/Team-D_group_project/group_d_ros2_ws/src/cam_interface/msg/CamTopic.msg' has modification time 46424 s in the future
[4.851s] make[2]: warning:  Clock skew detected.  Your build may be incomplete.
[4.865s] [ 70%] Built target cam_interface
[4.911s] [ 74%] Built target cam_interface__py
[4.996s] [ 80%] Built target cam_interface__python
[5.083s] [ 87%] Built target cam_interface__rosidl_typesupport_fastrtps_c__pyext
[5.163s] [ 93%] Built target cam_interface__rosidl_typesupport_c__pyext
[5.282s] [100%] Built target cam_interface__rosidl_typesupport_introspection_c__pyext
[5.982s] Invoked command in '/home/james/Desktop/Team-D_group_project/group_d_ros2_ws/build/cam_interface' returned '0': CMAKE_PREFIX_PATH=/home/james/colcon_ws/install/obstackle_avoidance:/opt/ros/foxy /usr/bin/cmake --build /home/james/Desktop/Team-D_group_project/group_d_ros2_ws/build/cam_interface -- -j2 -l2
[6.822s] Invoking command in '/home/james/Desktop/Team-D_group_project/group_d_ros2_ws/build/cam_interface': CMAKE_PREFIX_PATH=/home/james/colcon_ws/install/obstackle_avoidance:/opt/ros/foxy /usr/bin/cmake --install /home/james/Desktop/Team-D_group_project/group_d_ros2_ws/build/cam_interface
[6.874s] -- Install configuration: ""
[6.874s] -- Up-to-date: /home/james/Desktop/Team-D_group_project/group_d_ros2_ws/install/cam_interface/share/ament_index/resource_index/rosidl_interfaces/cam_interface
[6.881s] -- Up-to-date: /home/james/Desktop/Team-D_group_project/group_d_ros2_ws/install/cam_interface/include/cam_interface
[6.881s] -- Up-to-date: /home/james/Desktop/Team-D_group_project/group_d_ros2_ws/install/cam_interface/include/cam_interface/msg
[6.881s] -- Up-to-date: /home/james/Desktop/Team-D_group_project/group_d_ros2_ws/install/cam_interface/include/cam_interface/msg/detail
[6.881s] -- Up-to-date: /home/james/Desktop/Team-D_group_project/group_d_ros2_ws/install/cam_interface/include/cam_interface/msg/detail/cam_topic__type_support.h
[6.882s] -- Up-to-date: /home/james/Desktop/Team-D_group_project/group_d_ros2_ws/install/cam_interface/include/cam_interface/msg/detail/cam_topic__functions.h
[6.882s] -- Up-to-date: /home/james/Desktop/Team-D_group_project/group_d_ros2_ws/install/cam_interface/include/cam_interface/msg/detail/cam_topic__functions.c
[6.882s] -- Up-to-date: /home/james/Desktop/Team-D_group_project/group_d_ros2_ws/install/cam_interface/include/cam_interface/msg/detail/cam_topic__struct.h
[6.882s] -- Up-to-date: /home/james/Desktop/Team-D_group_project/group_d_ros2_ws/install/cam_interface/include/cam_interface/msg/rosidl_generator_c__visibility_control.h
[6.882s] -- Up-to-date: /home/james/Desktop/Team-D_group_project/group_d_ros2_ws/install/cam_interface/include/cam_interface/msg/cam_topic.h
[6.882s] -- Up-to-date: /home/james/Desktop/Team-D_group_project/group_d_ros2_ws/install/cam_interface/share/cam_interface/environment/library_path.sh
[6.882s] -- Installing: /home/james/Desktop/Team-D_group_project/group_d_ros2_ws/install/cam_interface/share/cam_interface/environment/library_path.dsv
[6.890s] -- Up-to-date: /home/james/Desktop/Team-D_group_project/group_d_ros2_ws/install/cam_interface/lib/libcam_interface__rosidl_generator_c.so
[6.890s] -- Up-to-date: /home/james/Desktop/Team-D_group_project/group_d_ros2_ws/install/cam_interface/include/cam_interface
[6.890s] -- Up-to-date: /home/james/Desktop/Team-D_group_project/group_d_ros2_ws/install/cam_interface/include/cam_interface/msg
[6.891s] -- Up-to-date: /home/james/Desktop/Team-D_group_project/group_d_ros2_ws/install/cam_interface/include/cam_interface/msg/rosidl_typesupport_fastrtps_c__visibility_control.h
[6.891s] -- Up-to-date: /home/james/Desktop/Team-D_group_project/group_d_ros2_ws/install/cam_interface/include/cam_interface/msg/detail
[6.891s] -- Up-to-date: /home/james/Desktop/Team-D_group_project/group_d_ros2_ws/install/cam_interface/include/cam_interface/msg/detail/cam_topic__rosidl_typesupport_fastrtps_c.h
[6.892s] -- Up-to-date: /home/james/Desktop/Team-D_group_project/group_d_ros2_ws/install/cam_interface/lib/libcam_interface__rosidl_typesupport_fastrtps_c.so
[6.919s] -- Up-to-date: /home/james/Desktop/Team-D_group_project/group_d_ros2_ws/install/cam_interface/include/cam_interface
[6.919s] -- Up-to-date: /home/james/Desktop/Team-D_group_project/group_d_ros2_ws/install/cam_interface/include/cam_interface/msg
[6.919s] -- Up-to-date: /home/james/Desktop/Team-D_group_project/group_d_ros2_ws/install/cam_interface/include/cam_interface/msg/rosidl_typesupport_fastrtps_cpp__visibility_control.h
[6.919s] -- Up-to-date: /home/james/Desktop/Team-D_group_project/group_d_ros2_ws/install/cam_interface/include/cam_interface/msg/detail
[6.919s] -- Up-to-date: /home/james/Desktop/Team-D_group_project/group_d_ros2_ws/install/cam_interface/include/cam_interface/msg/detail/cam_topic__rosidl_typesupport_fastrtps_cpp.hpp
[6.919s] -- Up-to-date: /home/james/Desktop/Team-D_group_project/group_d_ros2_ws/install/cam_interface/include/cam_interface/msg/detail/dds_fastrtps
[6.920s] -- Up-to-date: /home/james/Desktop/Team-D_group_project/group_d_ros2_ws/install/cam_interface/lib/libcam_interface__rosidl_typesupport_fastrtps_cpp.so
[6.920s] -- Up-to-date: /home/james/Desktop/Team-D_group_project/group_d_ros2_ws/install/cam_interface/include/cam_interface
[6.920s] -- Up-to-date: /home/james/Desktop/Team-D_group_project/group_d_ros2_ws/install/cam_interface/include/cam_interface/msg
[6.920s] -- Up-to-date: /home/james/Desktop/Team-D_group_project/group_d_ros2_ws/install/cam_interface/include/cam_interface/msg/rosidl_typesupport_introspection_c__visibility_control.h
[6.920s] -- Up-to-date: /home/james/Desktop/Team-D_group_project/group_d_ros2_ws/install/cam_interface/include/cam_interface/msg/detail
[6.920s] -- Up-to-date: /home/james/Desktop/Team-D_group_project/group_d_ros2_ws/install/cam_interface/include/cam_interface/msg/detail/cam_topic__type_support.c
[6.920s] -- Up-to-date: /home/james/Desktop/Team-D_group_project/group_d_ros2_ws/install/cam_interface/include/cam_interface/msg/detail/cam_topic__rosidl_typesupport_introspection_c.h
[6.920s] -- Up-to-date: /home/james/Desktop/Team-D_group_project/group_d_ros2_ws/install/cam_interface/lib/libcam_interface__rosidl_typesupport_introspection_c.so
[6.920s] -- Up-to-date: /home/james/Desktop/Team-D_group_project/group_d_ros2_ws/install/cam_interface/lib/libcam_interface__rosidl_typesupport_c.so
[6.920s] -- Up-to-date: /home/james/Desktop/Team-D_group_project/group_d_ros2_ws/install/cam_interface/include/cam_interface
[6.920s] -- Up-to-date: /home/james/Desktop/Team-D_group_project/group_d_ros2_ws/install/cam_interface/include/cam_interface/msg
[6.921s] -- Up-to-date: /home/james/Desktop/Team-D_group_project/group_d_ros2_ws/install/cam_interface/include/cam_interface/msg/cam_topic.hpp
[6.925s] -- Up-to-date: /home/james/Desktop/Team-D_group_project/group_d_ros2_ws/install/cam_interface/include/cam_interface/msg/rosidl_generator_cpp__visibility_control.hpp
[6.925s] -- Up-to-date: /home/james/Desktop/Team-D_group_project/group_d_ros2_ws/install/cam_interface/include/cam_interface/msg/detail
[6.926s] -- Up-to-date: /home/james/Desktop/Team-D_group_project/group_d_ros2_ws/install/cam_interface/include/cam_interface/msg/detail/cam_topic__struct.hpp
[6.926s] -- Up-to-date: /home/james/Desktop/Team-D_group_project/group_d_ros2_ws/install/cam_interface/include/cam_interface/msg/detail/cam_topic__traits.hpp
[6.926s] -- Up-to-date: /home/james/Desktop/Team-D_group_project/group_d_ros2_ws/install/cam_interface/include/cam_interface/msg/detail/cam_topic__type_support.hpp
[6.926s] -- Up-to-date: /home/james/Desktop/Team-D_group_project/group_d_ros2_ws/install/cam_interface/include/cam_interface/msg/detail/cam_topic__builder.hpp
[6.926s] -- Up-to-date: /home/james/Desktop/Team-D_group_project/group_d_ros2_ws/install/cam_interface/include/cam_interface
[6.926s] -- Up-to-date: /home/james/Desktop/Team-D_group_project/group_d_ros2_ws/install/cam_interface/include/cam_interface/msg
[6.926s] -- Up-to-date: /home/james/Desktop/Team-D_group_project/group_d_ros2_ws/install/cam_interface/include/cam_interface/msg/detail
[6.926s] -- Up-to-date: /home/james/Desktop/Team-D_group_project/group_d_ros2_ws/install/cam_interface/include/cam_interface/msg/detail/cam_topic__type_support.cpp
[6.926s] -- Up-to-date: /home/james/Desktop/Team-D_group_project/group_d_ros2_ws/install/cam_interface/include/cam_interface/msg/detail/cam_topic__rosidl_typesupport_introspection_cpp.hpp
[6.926s] -- Up-to-date: /home/james/Desktop/Team-D_group_project/group_d_ros2_ws/install/cam_interface/lib/libcam_interface__rosidl_typesupport_introspection_cpp.so
[6.926s] -- Up-to-date: /home/james/Desktop/Team-D_group_project/group_d_ros2_ws/install/cam_interface/lib/libcam_interface__rosidl_typesupport_cpp.so
[6.926s] -- Up-to-date: /home/james/Desktop/Team-D_group_project/group_d_ros2_ws/install/cam_interface/share/cam_interface/environment/pythonpath.sh
[6.927s] -- Installing: /home/james/Desktop/Team-D_group_project/group_d_ros2_ws/install/cam_interface/share/cam_interface/environment/pythonpath.dsv
[6.927s] -- Installing: /home/james/Desktop/Team-D_group_project/group_d_ros2_ws/install/cam_interface/lib/python3.8/site-packages/cam_interface/__init__.py
[6.982s] Compiling '/home/james/Desktop/Team-D_group_project/group_d_ros2_ws/install/cam_interface/lib/python3.8/site-packages/cam_interface/__init__.py'...
[6.997s] -- Up-to-date: /home/james/Desktop/Team-D_group_project/group_d_ros2_ws/install/cam_interface/lib/python3.8/site-packages/cam_interface/msg
[7.002s] -- Up-to-date: /home/james/Desktop/Team-D_group_project/group_d_ros2_ws/install/cam_interface/lib/python3.8/site-packages/cam_interface/msg/_cam_topic.py
[7.002s] -- Up-to-date: /home/james/Desktop/Team-D_group_project/group_d_ros2_ws/install/cam_interface/lib/python3.8/site-packages/cam_interface/msg/__init__.py
[7.002s] -- Up-to-date: /home/james/Desktop/Team-D_group_project/group_d_ros2_ws/install/cam_interface/lib/python3.8/site-packages/cam_interface/msg/_cam_topic_s.c
[7.014s] -- Up-to-date: /home/james/Desktop/Team-D_group_project/group_d_ros2_ws/install/cam_interface/lib/python3.8/site-packages/cam_interface/cam_interface_s__rosidl_typesupport_fastrtps_c.cpython-38-x86_64-linux-gnu.so
[7.014s] -- Up-to-date: /home/james/Desktop/Team-D_group_project/group_d_ros2_ws/install/cam_interface/lib/python3.8/site-packages/cam_interface/cam_interface_s__rosidl_typesupport_introspection_c.cpython-38-x86_64-linux-gnu.so
[7.015s] -- Up-to-date: /home/james/Desktop/Team-D_group_project/group_d_ros2_ws/install/cam_interface/lib/python3.8/site-packages/cam_interface/cam_interface_s__rosidl_typesupport_c.cpython-38-x86_64-linux-gnu.so
[7.016s] -- Up-to-date: /home/james/Desktop/Team-D_group_project/group_d_ros2_ws/install/cam_interface/lib/libcam_interface__python.so
[7.016s] -- Up-to-date: /home/james/Desktop/Team-D_group_project/group_d_ros2_ws/install/cam_interface/share/cam_interface/msg/CamTopic.idl
[7.017s] -- Up-to-date: /home/james/Desktop/Team-D_group_project/group_d_ros2_ws/install/cam_interface/share/cam_interface/msg/CamTopic.msg
[7.017s] -- Up-to-date: /home/james/Desktop/Team-D_group_project/group_d_ros2_ws/install/cam_interface/share/ament_index/resource_index/package_run_dependencies/cam_interface
[7.018s] -- Up-to-date: /home/james/Desktop/Team-D_group_project/group_d_ros2_ws/install/cam_interface/share/ament_index/resource_index/parent_prefix_path/cam_interface
[7.018s] -- Up-to-date: /home/james/Desktop/Team-D_group_project/group_d_ros2_ws/install/cam_interface/share/cam_interface/environment/ament_prefix_path.sh
[7.021s] -- Installing: /home/james/Desktop/Team-D_group_project/group_d_ros2_ws/install/cam_interface/share/cam_interface/environment/ament_prefix_path.dsv
[7.032s] -- Up-to-date: /home/james/Desktop/Team-D_group_project/group_d_ros2_ws/install/cam_interface/share/cam_interface/environment/path.sh
[7.042s] -- Installing: /home/james/Desktop/Team-D_group_project/group_d_ros2_ws/install/cam_interface/share/cam_interface/environment/path.dsv
[7.046s] -- Up-to-date: /home/james/Desktop/Team-D_group_project/group_d_ros2_ws/install/cam_interface/share/cam_interface/local_setup.bash
[7.046s] -- Up-to-date: /home/james/Desktop/Team-D_group_project/group_d_ros2_ws/install/cam_interface/share/cam_interface/local_setup.sh
[7.046s] -- Up-to-date: /home/james/Desktop/Team-D_group_project/group_d_ros2_ws/install/cam_interface/share/cam_interface/local_setup.zsh
[7.046s] -- Installing: /home/james/Desktop/Team-D_group_project/group_d_ros2_ws/install/cam_interface/share/cam_interface/local_setup.dsv
[7.047s] -- Installing: /home/james/Desktop/Team-D_group_project/group_d_ros2_ws/install/cam_interface/share/cam_interface/package.dsv
[7.047s] -- Up-to-date: /home/james/Desktop/Team-D_group_project/group_d_ros2_ws/install/cam_interface/share/ament_index/resource_index/packages/cam_interface
[7.047s] -- Up-to-date: /home/james/Desktop/Team-D_group_project/group_d_ros2_ws/install/cam_interface/share/cam_interface/cmake/cam_interface__rosidl_generator_cExport.cmake
[7.048s] -- Installing: /home/james/Desktop/Team-D_group_project/group_d_ros2_ws/install/cam_interface/share/cam_interface/cmake/cam_interface__rosidl_generator_cExport-noconfig.cmake
[7.051s] -- Up-to-date: /home/james/Desktop/Team-D_group_project/group_d_ros2_ws/install/cam_interface/share/cam_interface/cmake/cam_interface__rosidl_typesupport_introspection_cExport.cmake
[7.052s] -- Installing: /home/james/Desktop/Team-D_group_project/group_d_ros2_ws/install/cam_interface/share/cam_interface/cmake/cam_interface__rosidl_typesupport_introspection_cExport-noconfig.cmake
[7.062s] -- Up-to-date: /home/james/Desktop/Team-D_group_project/group_d_ros2_ws/install/cam_interface/share/cam_interface/cmake/cam_interface__rosidl_typesupport_cExport.cmake
[7.064s] -- Installing: /home/james/Desktop/Team-D_group_project/group_d_ros2_ws/install/cam_interface/share/cam_interface/cmake/cam_interface__rosidl_typesupport_cExport-noconfig.cmake
[7.066s] -- Up-to-date: /home/james/Desktop/Team-D_group_project/group_d_ros2_ws/install/cam_interface/share/cam_interface/cmake/cam_interface__rosidl_generator_cppExport.cmake
[7.067s] -- Up-to-date: /home/james/Desktop/Team-D_group_project/group_d_ros2_ws/install/cam_interface/share/cam_interface/cmake/cam_interface__rosidl_typesupport_introspection_cppExport.cmake
[7.067s] -- Installing: /home/james/Desktop/Team-D_group_project/group_d_ros2_ws/install/cam_interface/share/cam_interface/cmake/cam_interface__rosidl_typesupport_introspection_cppExport-noconfig.cmake
[7.071s] -- Up-to-date: /home/james/Desktop/Team-D_group_project/group_d_ros2_ws/install/cam_interface/share/cam_interface/cmake/cam_interface__rosidl_typesupport_cppExport.cmake
[7.081s] -- Installing: /home/james/Desktop/Team-D_group_project/group_d_ros2_ws/install/cam_interface/share/cam_interface/cmake/cam_interface__rosidl_typesupport_cppExport-noconfig.cmake
[7.086s] -- Up-to-date: /home/james/Desktop/Team-D_group_project/group_d_ros2_ws/install/cam_interface/share/cam_interface/cmake/rosidl_cmake-extras.cmake
[7.086s] -- Up-to-date: /home/james/Desktop/Team-D_group_project/group_d_ros2_ws/install/cam_interface/share/cam_interface/cmake/ament_cmake_export_dependencies-extras.cmake
[7.086s] -- Up-to-date: /home/james/Desktop/Team-D_group_project/group_d_ros2_ws/install/cam_interface/share/cam_interface/cmake/ament_cmake_export_libraries-extras.cmake
[7.086s] -- Up-to-date: /home/james/Desktop/Team-D_group_project/group_d_ros2_ws/install/cam_interface/share/cam_interface/cmake/ament_cmake_export_targets-extras.cmake
[7.086s] -- Up-to-date: /home/james/Desktop/Team-D_group_project/group_d_ros2_ws/install/cam_interface/share/cam_interface/cmake/ament_cmake_export_include_directories-extras.cmake
[7.086s] -- Up-to-date: /home/james/Desktop/Team-D_group_project/group_d_ros2_ws/install/cam_interface/share/cam_interface/cmake/rosidl_cmake_export_typesupport_libraries-extras.cmake
[7.086s] -- Up-to-date: /home/james/Desktop/Team-D_group_project/group_d_ros2_ws/install/cam_interface/share/cam_interface/cmake/rosidl_cmake_export_typesupport_targets-extras.cmake
[7.086s] -- Up-to-date: /home/james/Desktop/Team-D_group_project/group_d_ros2_ws/install/cam_interface/share/cam_interface/cmake/cam_interfaceConfig.cmake
[7.086s] -- Up-to-date: /home/james/Desktop/Team-D_group_project/group_d_ros2_ws/install/cam_interface/share/cam_interface/cmake/cam_interfaceConfig-version.cmake
[7.087s] -- Up-to-date: /home/james/Desktop/Team-D_group_project/group_d_ros2_ws/install/cam_interface/share/cam_interface/package.xml
[7.098s] Invoked command in '/home/james/Desktop/Team-D_group_project/group_d_ros2_ws/build/cam_interface' returned '0': CMAKE_PREFIX_PATH=/home/james/colcon_ws/install/obstackle_avoidance:/opt/ros/foxy /usr/bin/cmake --install /home/james/Desktop/Team-D_group_project/group_d_ros2_ws/build/cam_interface
