[0.360s] Invoking command in '/home/james/Desktop/Team-D_group_project/group_d_ros2_ws/build/cam_interface': CMAKE_PREFIX_PATH=/home/james/colcon_ws/install/obstackle_avoidance:/opt/ros/foxy /usr/bin/cmake --build /home/james/Desktop/Team-D_group_project/group_d_ros2_ws/build/cam_interface -- -j2 -l2
[0.433s] -- Found ament_cmake: 0.9.12 (/opt/ros/foxy/share/ament_cmake/cmake)
[0.476s] -- Found PythonInterp: /usr/bin/python3 (found suitable version "3.8.10", minimum required is "3") 
[0.476s] -- Using PYTHON_EXECUTABLE: /usr/bin/python3
[0.905s] -- Found rosidl_default_generators: 1.0.1 (/opt/ros/foxy/share/rosidl_default_generators/cmake)
[0.913s] -- Using all available rosidl_typesupport_c: rosidl_typesupport_fastrtps_c;rosidl_typesupport_introspection_c
[0.924s] -- Found rosidl_adapter: 1.3.1 (/opt/ros/foxy/share/rosidl_adapter/cmake)
[1.304s] -- Using all available rosidl_typesupport_cpp: rosidl_typesupport_fastrtps_cpp;rosidl_typesupport_introspection_cpp
[1.346s] -- Found std_msgs: 2.0.5 (/opt/ros/foxy/share/std_msgs/cmake)
[1.396s] -- Found sensor_msgs: 2.0.5 (/opt/ros/foxy/share/sensor_msgs/cmake)
[1.676s] -- Found PythonInterp: /usr/bin/python3 (found version "3.8.10") 
[2.200s] -- Found ament_cmake_ros: 0.9.2 (/opt/ros/foxy/share/ament_cmake_ros/cmake)
[3.997s] -- Using all available rosidl_typesupport_c: rosidl_typesupport_fastrtps_c;rosidl_typesupport_introspection_c
[4.481s] -- Using all available rosidl_typesupport_cpp: rosidl_typesupport_fastrtps_cpp;rosidl_typesupport_introspection_cpp
[4.610s] -- Found PythonInterp: /usr/bin/python3 (found suitable version "3.8.10", minimum required is "3.5") 
[4.612s] -- Found python_cmake_module: 0.8.1 (/opt/ros/foxy/share/python_cmake_module/cmake)
[4.736s] -- Using PYTHON_EXECUTABLE: /usr/bin/python3
[4.737s] -- Using PYTHON_INCLUDE_DIRS: /usr/include/python3.8
[4.737s] -- Using PYTHON_LIBRARIES: /usr/lib/x86_64-linux-gnu/libpython3.8.so
[5.131s] -- Configuring done
[5.403s] -- Generating done
[5.432s] -- Build files have been written to: /home/james/Desktop/Team-D_group_project/group_d_ros2_ws/build/cam_interface
[5.668s] [  3%] Built target cam_interface__cpp
[5.697s] [ 12%] Built target cam_interface__rosidl_generator_c
[5.751s] [ 22%] Built target cam_interface__rosidl_typesupport_introspection_cpp
[5.836s] [ 32%] Built target cam_interface__rosidl_typesupport_c
[5.842s] [ 41%] Built target cam_interface__rosidl_typesupport_fastrtps_cpp
[5.961s] [ 51%] Built target cam_interface__rosidl_typesupport_introspection_c
[6.020s] [ 61%] Built target cam_interface__rosidl_typesupport_cpp
[6.280s] [ 70%] Built target cam_interface__rosidl_typesupport_fastrtps_c
[6.362s] make[2]: Warning: File '/home/james/Desktop/Team-D_group_project/group_d_ros2_ws/src/cam_interface/msg/CamTopic.msg' has modification time 43953 s in the future
[6.375s] make[2]: warning:  Clock skew detected.  Your build may be incomplete.
[6.453s] [ 70%] Built target cam_interface
[6.564s] [ 74%] Built target cam_interface__py
[6.675s] [ 80%] Built target cam_interface__python
[6.796s] [ 87%] Built target cam_interface__rosidl_typesupport_fastrtps_c__pyext
[6.913s] [ 93%] Built target cam_interface__rosidl_typesupport_c__pyext
[6.964s] [100%] Built target cam_interface__rosidl_typesupport_introspection_c__pyext
[7.603s] Invoked command in '/home/james/Desktop/Team-D_group_project/group_d_ros2_ws/build/cam_interface' returned '0': CMAKE_PREFIX_PATH=/home/james/colcon_ws/install/obstackle_avoidance:/opt/ros/foxy /usr/bin/cmake --build /home/james/Desktop/Team-D_group_project/group_d_ros2_ws/build/cam_interface -- -j2 -l2
[8.798s] Invoking command in '/home/james/Desktop/Team-D_group_project/group_d_ros2_ws/build/cam_interface': CMAKE_PREFIX_PATH=/home/james/colcon_ws/install/obstackle_avoidance:/opt/ros/foxy /usr/bin/cmake --install /home/james/Desktop/Team-D_group_project/group_d_ros2_ws/build/cam_interface
[8.819s] -- Install configuration: ""
[8.820s] -- Up-to-date: /home/james/Desktop/Team-D_group_project/group_d_ros2_ws/install/cam_interface/share/ament_index/resource_index/rosidl_interfaces/cam_interface
[8.820s] -- Up-to-date: /home/james/Desktop/Team-D_group_project/group_d_ros2_ws/install/cam_interface/include/cam_interface
[8.820s] -- Up-to-date: /home/james/Desktop/Team-D_group_project/group_d_ros2_ws/install/cam_interface/include/cam_interface/msg
[8.820s] -- Up-to-date: /home/james/Desktop/Team-D_group_project/group_d_ros2_ws/install/cam_interface/include/cam_interface/msg/detail
[8.821s] -- Up-to-date: /home/james/Desktop/Team-D_group_project/group_d_ros2_ws/install/cam_interface/include/cam_interface/msg/detail/cam_topic__type_support.h
[8.821s] -- Up-to-date: /home/james/Desktop/Team-D_group_project/group_d_ros2_ws/install/cam_interface/include/cam_interface/msg/detail/cam_topic__functions.h
[8.821s] -- Up-to-date: /home/james/Desktop/Team-D_group_project/group_d_ros2_ws/install/cam_interface/include/cam_interface/msg/detail/cam_topic__functions.c
[8.821s] -- Up-to-date: /home/james/Desktop/Team-D_group_project/group_d_ros2_ws/install/cam_interface/include/cam_interface/msg/detail/cam_topic__struct.h
[8.821s] -- Up-to-date: /home/james/Desktop/Team-D_group_project/group_d_ros2_ws/install/cam_interface/include/cam_interface/msg/rosidl_generator_c__visibility_control.h
[8.821s] -- Up-to-date: /home/james/Desktop/Team-D_group_project/group_d_ros2_ws/install/cam_interface/include/cam_interface/msg/cam_topic.h
[8.821s] -- Up-to-date: /home/james/Desktop/Team-D_group_project/group_d_ros2_ws/install/cam_interface/share/cam_interface/environment/library_path.sh
[8.821s] -- Installing: /home/james/Desktop/Team-D_group_project/group_d_ros2_ws/install/cam_interface/share/cam_interface/environment/library_path.dsv
[8.821s] -- Up-to-date: /home/james/Desktop/Team-D_group_project/group_d_ros2_ws/install/cam_interface/lib/libcam_interface__rosidl_generator_c.so
[8.821s] -- Up-to-date: /home/james/Desktop/Team-D_group_project/group_d_ros2_ws/install/cam_interface/include/cam_interface
[8.822s] -- Up-to-date: /home/james/Desktop/Team-D_group_project/group_d_ros2_ws/install/cam_interface/include/cam_interface/msg
[8.822s] -- Up-to-date: /home/james/Desktop/Team-D_group_project/group_d_ros2_ws/install/cam_interface/include/cam_interface/msg/rosidl_typesupport_fastrtps_c__visibility_control.h
[8.822s] -- Up-to-date: /home/james/Desktop/Team-D_group_project/group_d_ros2_ws/install/cam_interface/include/cam_interface/msg/detail
[8.822s] -- Up-to-date: /home/james/Desktop/Team-D_group_project/group_d_ros2_ws/install/cam_interface/include/cam_interface/msg/detail/cam_topic__rosidl_typesupport_fastrtps_c.h
[8.822s] -- Up-to-date: /home/james/Desktop/Team-D_group_project/group_d_ros2_ws/install/cam_interface/lib/libcam_interface__rosidl_typesupport_fastrtps_c.so
[8.822s] -- Up-to-date: /home/james/Desktop/Team-D_group_project/group_d_ros2_ws/install/cam_interface/include/cam_interface
[8.822s] -- Up-to-date: /home/james/Desktop/Team-D_group_project/group_d_ros2_ws/install/cam_interface/include/cam_interface/msg
[8.822s] -- Up-to-date: /home/james/Desktop/Team-D_group_project/group_d_ros2_ws/install/cam_interface/include/cam_interface/msg/rosidl_typesupport_fastrtps_cpp__visibility_control.h
[8.822s] -- Up-to-date: /home/james/Desktop/Team-D_group_project/group_d_ros2_ws/install/cam_interface/include/cam_interface/msg/detail
[8.822s] -- Up-to-date: /home/james/Desktop/Team-D_group_project/group_d_ros2_ws/install/cam_interface/include/cam_interface/msg/detail/cam_topic__rosidl_typesupport_fastrtps_cpp.hpp
[8.822s] -- Up-to-date: /home/james/Desktop/Team-D_group_project/group_d_ros2_ws/install/cam_interface/include/cam_interface/msg/detail/dds_fastrtps
[8.822s] -- Up-to-date: /home/james/Desktop/Team-D_group_project/group_d_ros2_ws/install/cam_interface/lib/libcam_interface__rosidl_typesupport_fastrtps_cpp.so
[8.828s] -- Up-to-date: /home/james/Desktop/Team-D_group_project/group_d_ros2_ws/install/cam_interface/include/cam_interface
[8.828s] -- Up-to-date: /home/james/Desktop/Team-D_group_project/group_d_ros2_ws/install/cam_interface/include/cam_interface/msg
[8.830s] -- Up-to-date: /home/james/Desktop/Team-D_group_project/group_d_ros2_ws/install/cam_interface/include/cam_interface/msg/rosidl_typesupport_introspection_c__visibility_control.h
[8.830s] -- Up-to-date: /home/james/Desktop/Team-D_group_project/group_d_ros2_ws/install/cam_interface/include/cam_interface/msg/detail
[8.831s] -- Up-to-date: /home/james/Desktop/Team-D_group_project/group_d_ros2_ws/install/cam_interface/include/cam_interface/msg/detail/cam_topic__type_support.c
[8.832s] -- Up-to-date: /home/james/Desktop/Team-D_group_project/group_d_ros2_ws/install/cam_interface/include/cam_interface/msg/detail/cam_topic__rosidl_typesupport_introspection_c.h
[8.833s] -- Up-to-date: /home/james/Desktop/Team-D_group_project/group_d_ros2_ws/install/cam_interface/lib/libcam_interface__rosidl_typesupport_introspection_c.so
[8.834s] -- Up-to-date: /home/james/Desktop/Team-D_group_project/group_d_ros2_ws/install/cam_interface/lib/libcam_interface__rosidl_typesupport_c.so
[8.835s] -- Up-to-date: /home/james/Desktop/Team-D_group_project/group_d_ros2_ws/install/cam_interface/include/cam_interface
[8.835s] -- Up-to-date: /home/james/Desktop/Team-D_group_project/group_d_ros2_ws/install/cam_interface/include/cam_interface/msg
[8.835s] -- Up-to-date: /home/james/Desktop/Team-D_group_project/group_d_ros2_ws/install/cam_interface/include/cam_interface/msg/cam_topic.hpp
[8.836s] -- Up-to-date: /home/james/Desktop/Team-D_group_project/group_d_ros2_ws/install/cam_interface/include/cam_interface/msg/rosidl_generator_cpp__visibility_control.hpp
[8.836s] -- Up-to-date: /home/james/Desktop/Team-D_group_project/group_d_ros2_ws/install/cam_interface/include/cam_interface/msg/detail
[8.836s] -- Up-to-date: /home/james/Desktop/Team-D_group_project/group_d_ros2_ws/install/cam_interface/include/cam_interface/msg/detail/cam_topic__struct.hpp
[8.836s] -- Up-to-date: /home/james/Desktop/Team-D_group_project/group_d_ros2_ws/install/cam_interface/include/cam_interface/msg/detail/cam_topic__traits.hpp
[8.839s] -- Up-to-date: /home/james/Desktop/Team-D_group_project/group_d_ros2_ws/install/cam_interface/include/cam_interface/msg/detail/cam_topic__type_support.hpp
[8.839s] -- Up-to-date: /home/james/Desktop/Team-D_group_project/group_d_ros2_ws/install/cam_interface/include/cam_interface/msg/detail/cam_topic__builder.hpp
[8.839s] -- Up-to-date: /home/james/Desktop/Team-D_group_project/group_d_ros2_ws/install/cam_interface/include/cam_interface
[8.839s] -- Up-to-date: /home/james/Desktop/Team-D_group_project/group_d_ros2_ws/install/cam_interface/include/cam_interface/msg
[8.839s] -- Up-to-date: /home/james/Desktop/Team-D_group_project/group_d_ros2_ws/install/cam_interface/include/cam_interface/msg/detail
[8.840s] -- Up-to-date: /home/james/Desktop/Team-D_group_project/group_d_ros2_ws/install/cam_interface/include/cam_interface/msg/detail/cam_topic__type_support.cpp
[8.845s] -- Up-to-date: /home/james/Desktop/Team-D_group_project/group_d_ros2_ws/install/cam_interface/include/cam_interface/msg/detail/cam_topic__rosidl_typesupport_introspection_cpp.hpp
[8.845s] -- Up-to-date: /home/james/Desktop/Team-D_group_project/group_d_ros2_ws/install/cam_interface/lib/libcam_interface__rosidl_typesupport_introspection_cpp.so
[8.845s] -- Up-to-date: /home/james/Desktop/Team-D_group_project/group_d_ros2_ws/install/cam_interface/lib/libcam_interface__rosidl_typesupport_cpp.so
[8.850s] -- Up-to-date: /home/james/Desktop/Team-D_group_project/group_d_ros2_ws/install/cam_interface/share/cam_interface/environment/pythonpath.sh
[8.850s] -- Installing: /home/james/Desktop/Team-D_group_project/group_d_ros2_ws/install/cam_interface/share/cam_interface/environment/pythonpath.dsv
[8.851s] -- Installing: /home/james/Desktop/Team-D_group_project/group_d_ros2_ws/install/cam_interface/lib/python3.8/site-packages/cam_interface/__init__.py
[8.981s] Compiling '/home/james/Desktop/Team-D_group_project/group_d_ros2_ws/install/cam_interface/lib/python3.8/site-packages/cam_interface/__init__.py'...
[8.986s] -- Up-to-date: /home/james/Desktop/Team-D_group_project/group_d_ros2_ws/install/cam_interface/lib/python3.8/site-packages/cam_interface/msg
[8.986s] -- Up-to-date: /home/james/Desktop/Team-D_group_project/group_d_ros2_ws/install/cam_interface/lib/python3.8/site-packages/cam_interface/msg/_cam_topic.py
[8.987s] -- Up-to-date: /home/james/Desktop/Team-D_group_project/group_d_ros2_ws/install/cam_interface/lib/python3.8/site-packages/cam_interface/msg/__init__.py
[8.987s] -- Up-to-date: /home/james/Desktop/Team-D_group_project/group_d_ros2_ws/install/cam_interface/lib/python3.8/site-packages/cam_interface/msg/_cam_topic_s.c
[8.987s] -- Up-to-date: /home/james/Desktop/Team-D_group_project/group_d_ros2_ws/install/cam_interface/lib/python3.8/site-packages/cam_interface/cam_interface_s__rosidl_typesupport_fastrtps_c.cpython-38-x86_64-linux-gnu.so
[8.989s] -- Up-to-date: /home/james/Desktop/Team-D_group_project/group_d_ros2_ws/install/cam_interface/lib/python3.8/site-packages/cam_interface/cam_interface_s__rosidl_typesupport_introspection_c.cpython-38-x86_64-linux-gnu.so
[8.990s] -- Up-to-date: /home/james/Desktop/Team-D_group_project/group_d_ros2_ws/install/cam_interface/lib/python3.8/site-packages/cam_interface/cam_interface_s__rosidl_typesupport_c.cpython-38-x86_64-linux-gnu.so
[8.991s] -- Up-to-date: /home/james/Desktop/Team-D_group_project/group_d_ros2_ws/install/cam_interface/lib/libcam_interface__python.so
[8.992s] -- Up-to-date: /home/james/Desktop/Team-D_group_project/group_d_ros2_ws/install/cam_interface/share/cam_interface/msg/CamTopic.idl
[8.992s] -- Up-to-date: /home/james/Desktop/Team-D_group_project/group_d_ros2_ws/install/cam_interface/share/cam_interface/msg/CamTopic.msg
[8.993s] -- Up-to-date: /home/james/Desktop/Team-D_group_project/group_d_ros2_ws/install/cam_interface/share/ament_index/resource_index/package_run_dependencies/cam_interface
[8.993s] -- Up-to-date: /home/james/Desktop/Team-D_group_project/group_d_ros2_ws/install/cam_interface/share/ament_index/resource_index/parent_prefix_path/cam_interface
[8.994s] -- Up-to-date: /home/james/Desktop/Team-D_group_project/group_d_ros2_ws/install/cam_interface/share/cam_interface/environment/ament_prefix_path.sh
[8.994s] -- Installing: /home/james/Desktop/Team-D_group_project/group_d_ros2_ws/install/cam_interface/share/cam_interface/environment/ament_prefix_path.dsv
[9.000s] -- Up-to-date: /home/james/Desktop/Team-D_group_project/group_d_ros2_ws/install/cam_interface/share/cam_interface/environment/path.sh
[9.000s] -- Installing: /home/james/Desktop/Team-D_group_project/group_d_ros2_ws/install/cam_interface/share/cam_interface/environment/path.dsv
[9.001s] -- Up-to-date: /home/james/Desktop/Team-D_group_project/group_d_ros2_ws/install/cam_interface/share/cam_interface/local_setup.bash
[9.002s] -- Up-to-date: /home/james/Desktop/Team-D_group_project/group_d_ros2_ws/install/cam_interface/share/cam_interface/local_setup.sh
[9.002s] -- Up-to-date: /home/james/Desktop/Team-D_group_project/group_d_ros2_ws/install/cam_interface/share/cam_interface/local_setup.zsh
[9.002s] -- Installing: /home/james/Desktop/Team-D_group_project/group_d_ros2_ws/install/cam_interface/share/cam_interface/local_setup.dsv
[9.004s] -- Installing: /home/james/Desktop/Team-D_group_project/group_d_ros2_ws/install/cam_interface/share/cam_interface/package.dsv
[9.004s] -- Up-to-date: /home/james/Desktop/Team-D_group_project/group_d_ros2_ws/install/cam_interface/share/ament_index/resource_index/packages/cam_interface
[9.005s] -- Up-to-date: /home/james/Desktop/Team-D_group_project/group_d_ros2_ws/install/cam_interface/share/cam_interface/cmake/cam_interface__rosidl_generator_cExport.cmake
[9.005s] -- Installing: /home/james/Desktop/Team-D_group_project/group_d_ros2_ws/install/cam_interface/share/cam_interface/cmake/cam_interface__rosidl_generator_cExport-noconfig.cmake
[9.006s] -- Up-to-date: /home/james/Desktop/Team-D_group_project/group_d_ros2_ws/install/cam_interface/share/cam_interface/cmake/cam_interface__rosidl_typesupport_introspection_cExport.cmake
[9.007s] -- Installing: /home/james/Desktop/Team-D_group_project/group_d_ros2_ws/install/cam_interface/share/cam_interface/cmake/cam_interface__rosidl_typesupport_introspection_cExport-noconfig.cmake
[9.009s] -- Up-to-date: /home/james/Desktop/Team-D_group_project/group_d_ros2_ws/install/cam_interface/share/cam_interface/cmake/cam_interface__rosidl_typesupport_cExport.cmake
[9.009s] -- Installing: /home/james/Desktop/Team-D_group_project/group_d_ros2_ws/install/cam_interface/share/cam_interface/cmake/cam_interface__rosidl_typesupport_cExport-noconfig.cmake
[9.011s] -- Up-to-date: /home/james/Desktop/Team-D_group_project/group_d_ros2_ws/install/cam_interface/share/cam_interface/cmake/cam_interface__rosidl_generator_cppExport.cmake
[9.011s] -- Up-to-date: /home/james/Desktop/Team-D_group_project/group_d_ros2_ws/install/cam_interface/share/cam_interface/cmake/cam_interface__rosidl_typesupport_introspection_cppExport.cmake
[9.012s] -- Installing: /home/james/Desktop/Team-D_group_project/group_d_ros2_ws/install/cam_interface/share/cam_interface/cmake/cam_interface__rosidl_typesupport_introspection_cppExport-noconfig.cmake
[9.016s] -- Up-to-date: /home/james/Desktop/Team-D_group_project/group_d_ros2_ws/install/cam_interface/share/cam_interface/cmake/cam_interface__rosidl_typesupport_cppExport.cmake
[9.016s] -- Installing: /home/james/Desktop/Team-D_group_project/group_d_ros2_ws/install/cam_interface/share/cam_interface/cmake/cam_interface__rosidl_typesupport_cppExport-noconfig.cmake
[9.018s] -- Up-to-date: /home/james/Desktop/Team-D_group_project/group_d_ros2_ws/install/cam_interface/share/cam_interface/cmake/rosidl_cmake-extras.cmake
[9.018s] -- Up-to-date: /home/james/Desktop/Team-D_group_project/group_d_ros2_ws/install/cam_interface/share/cam_interface/cmake/ament_cmake_export_dependencies-extras.cmake
[9.018s] -- Up-to-date: /home/james/Desktop/Team-D_group_project/group_d_ros2_ws/install/cam_interface/share/cam_interface/cmake/ament_cmake_export_libraries-extras.cmake
[9.019s] -- Up-to-date: /home/james/Desktop/Team-D_group_project/group_d_ros2_ws/install/cam_interface/share/cam_interface/cmake/ament_cmake_export_targets-extras.cmake
[9.019s] -- Up-to-date: /home/james/Desktop/Team-D_group_project/group_d_ros2_ws/install/cam_interface/share/cam_interface/cmake/ament_cmake_export_include_directories-extras.cmake
[9.020s] -- Up-to-date: /home/james/Desktop/Team-D_group_project/group_d_ros2_ws/install/cam_interface/share/cam_interface/cmake/rosidl_cmake_export_typesupport_libraries-extras.cmake
[9.020s] -- Up-to-date: /home/james/Desktop/Team-D_group_project/group_d_ros2_ws/install/cam_interface/share/cam_interface/cmake/rosidl_cmake_export_typesupport_targets-extras.cmake
[9.020s] -- Up-to-date: /home/james/Desktop/Team-D_group_project/group_d_ros2_ws/install/cam_interface/share/cam_interface/cmake/cam_interfaceConfig.cmake
[9.021s] -- Up-to-date: /home/james/Desktop/Team-D_group_project/group_d_ros2_ws/install/cam_interface/share/cam_interface/cmake/cam_interfaceConfig-version.cmake
[9.021s] -- Up-to-date: /home/james/Desktop/Team-D_group_project/group_d_ros2_ws/install/cam_interface/share/cam_interface/package.xml
[9.033s] Invoked command in '/home/james/Desktop/Team-D_group_project/group_d_ros2_ws/build/cam_interface' returned '0': CMAKE_PREFIX_PATH=/home/james/colcon_ws/install/obstackle_avoidance:/opt/ros/foxy /usr/bin/cmake --install /home/james/Desktop/Team-D_group_project/group_d_ros2_ws/build/cam_interface
