[2.697s] Invoking command in '/home/james/Desktop/Team-D_group_project/group_d_ros2_ws/src/ros2_weather_talk': PYTHONPATH=/home/james/Desktop/Team-D_group_project/group_d_ros2_ws/build/ros2_weather_talk/prefix_override:/home/james/Desktop/Team-D_group_project/group_d_ros2_ws/install/ros2_weather_talk/lib/python3.8/site-packages:${PYTHONPATH} /usr/bin/python3 setup.py egg_info --egg-base ../../build/ros2_weather_talk build --build-base /home/james/Desktop/Team-D_group_project/group_d_ros2_ws/build/ros2_weather_talk/build install --record /home/james/Desktop/Team-D_group_project/group_d_ros2_ws/build/ros2_weather_talk/install.log --install-scripts $base/lib/ros2_weather_talk --single-version-externally-managed
[3.195s] running egg_info
[3.197s] creating ../../build/ros2_weather_talk/ros2_weather_talk.egg-info
[3.198s] writing ../../build/ros2_weather_talk/ros2_weather_talk.egg-info/PKG-INFO
[3.204s] writing dependency_links to ../../build/ros2_weather_talk/ros2_weather_talk.egg-info/dependency_links.txt
[3.204s] writing entry points to ../../build/ros2_weather_talk/ros2_weather_talk.egg-info/entry_points.txt
[3.204s] writing requirements to ../../build/ros2_weather_talk/ros2_weather_talk.egg-info/requires.txt
[3.204s] writing top-level names to ../../build/ros2_weather_talk/ros2_weather_talk.egg-info/top_level.txt
[3.204s] writing manifest file '../../build/ros2_weather_talk/ros2_weather_talk.egg-info/SOURCES.txt'
[3.255s] reading manifest file '../../build/ros2_weather_talk/ros2_weather_talk.egg-info/SOURCES.txt'
[3.255s] writing manifest file '../../build/ros2_weather_talk/ros2_weather_talk.egg-info/SOURCES.txt'
[3.256s] running build
[3.256s] running build_py
[3.256s] creating /home/james/Desktop/Team-D_group_project/group_d_ros2_ws/build/ros2_weather_talk/build
[3.256s] creating /home/james/Desktop/Team-D_group_project/group_d_ros2_ws/build/ros2_weather_talk/build/lib
[3.256s] creating /home/james/Desktop/Team-D_group_project/group_d_ros2_ws/build/ros2_weather_talk/build/lib/ros2_weather_talk
[3.256s] copying ros2_weather_talk/__init__.py -> /home/james/Desktop/Team-D_group_project/group_d_ros2_ws/build/ros2_weather_talk/build/lib/ros2_weather_talk
[3.256s] copying ros2_weather_talk/weather_talk_publisher.py -> /home/james/Desktop/Team-D_group_project/group_d_ros2_ws/build/ros2_weather_talk/build/lib/ros2_weather_talk
[3.256s] copying ros2_weather_talk/weather_talk_subscriber.py -> /home/james/Desktop/Team-D_group_project/group_d_ros2_ws/build/ros2_weather_talk/build/lib/ros2_weather_talk
[3.256s] running install
[3.256s] running install_lib
[3.256s] creating /home/james/Desktop/Team-D_group_project/group_d_ros2_ws/install/ros2_weather_talk/lib/python3.8/site-packages/ros2_weather_talk
[3.256s] copying /home/james/Desktop/Team-D_group_project/group_d_ros2_ws/build/ros2_weather_talk/build/lib/ros2_weather_talk/__init__.py -> /home/james/Desktop/Team-D_group_project/group_d_ros2_ws/install/ros2_weather_talk/lib/python3.8/site-packages/ros2_weather_talk
[3.257s] copying /home/james/Desktop/Team-D_group_project/group_d_ros2_ws/build/ros2_weather_talk/build/lib/ros2_weather_talk/weather_talk_publisher.py -> /home/james/Desktop/Team-D_group_project/group_d_ros2_ws/install/ros2_weather_talk/lib/python3.8/site-packages/ros2_weather_talk
[3.257s] copying /home/james/Desktop/Team-D_group_project/group_d_ros2_ws/build/ros2_weather_talk/build/lib/ros2_weather_talk/weather_talk_subscriber.py -> /home/james/Desktop/Team-D_group_project/group_d_ros2_ws/install/ros2_weather_talk/lib/python3.8/site-packages/ros2_weather_talk
[3.257s] byte-compiling /home/james/Desktop/Team-D_group_project/group_d_ros2_ws/install/ros2_weather_talk/lib/python3.8/site-packages/ros2_weather_talk/__init__.py to __init__.cpython-38.pyc
[3.263s] byte-compiling /home/james/Desktop/Team-D_group_project/group_d_ros2_ws/install/ros2_weather_talk/lib/python3.8/site-packages/ros2_weather_talk/weather_talk_publisher.py to weather_talk_publisher.cpython-38.pyc
[3.263s] byte-compiling /home/james/Desktop/Team-D_group_project/group_d_ros2_ws/install/ros2_weather_talk/lib/python3.8/site-packages/ros2_weather_talk/weather_talk_subscriber.py to weather_talk_subscriber.cpython-38.pyc
[3.263s] running install_data
[3.264s] creating /home/james/Desktop/Team-D_group_project/group_d_ros2_ws/install/ros2_weather_talk/share/ament_index
[3.264s] creating /home/james/Desktop/Team-D_group_project/group_d_ros2_ws/install/ros2_weather_talk/share/ament_index/resource_index
[3.264s] creating /home/james/Desktop/Team-D_group_project/group_d_ros2_ws/install/ros2_weather_talk/share/ament_index/resource_index/packages
[3.264s] copying resource/ros2_weather_talk -> /home/james/Desktop/Team-D_group_project/group_d_ros2_ws/install/ros2_weather_talk/share/ament_index/resource_index/packages
[3.264s] copying package.xml -> /home/james/Desktop/Team-D_group_project/group_d_ros2_ws/install/ros2_weather_talk/share/ros2_weather_talk
[3.264s] copying launch/weather_talk_launch.py -> /home/james/Desktop/Team-D_group_project/group_d_ros2_ws/install/ros2_weather_talk/share/ros2_weather_talk
[3.264s] running install_egg_info
[3.264s] Copying ../../build/ros2_weather_talk/ros2_weather_talk.egg-info to /home/james/Desktop/Team-D_group_project/group_d_ros2_ws/install/ros2_weather_talk/lib/python3.8/site-packages/ros2_weather_talk-0.0.0-py3.8.egg-info
[3.265s] running install_scripts
[3.322s] Installing weather_talk_publisher script to /home/james/Desktop/Team-D_group_project/group_d_ros2_ws/install/ros2_weather_talk/lib/ros2_weather_talk
[3.323s] Installing weather_talk_subscriber script to /home/james/Desktop/Team-D_group_project/group_d_ros2_ws/install/ros2_weather_talk/lib/ros2_weather_talk
[3.323s] writing list of installed files to '/home/james/Desktop/Team-D_group_project/group_d_ros2_ws/build/ros2_weather_talk/install.log'
[3.374s] Invoked command in '/home/james/Desktop/Team-D_group_project/group_d_ros2_ws/src/ros2_weather_talk' returned '0': PYTHONPATH=/home/james/Desktop/Team-D_group_project/group_d_ros2_ws/build/ros2_weather_talk/prefix_override:/home/james/Desktop/Team-D_group_project/group_d_ros2_ws/install/ros2_weather_talk/lib/python3.8/site-packages:${PYTHONPATH} /usr/bin/python3 setup.py egg_info --egg-base ../../build/ros2_weather_talk build --build-base /home/james/Desktop/Team-D_group_project/group_d_ros2_ws/build/ros2_weather_talk/build install --record /home/james/Desktop/Team-D_group_project/group_d_ros2_ws/build/ros2_weather_talk/install.log --install-scripts $base/lib/ros2_weather_talk --single-version-externally-managed
