[3.228s] Invoking command in '/home/james/Desktop/Team-D_group_project/group_d_ros2_ws/src/battery_monitoring_12200335': PYTHONPATH=/home/james/Desktop/Team-D_group_project/group_d_ros2_ws/build/battery_monitoring_12200335/prefix_override:/home/james/Desktop/Team-D_group_project/group_d_ros2_ws/install/battery_monitoring_12200335/lib/python3.8/site-packages:${PYTHONPATH} /usr/bin/python3 setup.py egg_info --egg-base ../../build/battery_monitoring_12200335 build --build-base /home/james/Desktop/Team-D_group_project/group_d_ros2_ws/build/battery_monitoring_12200335/build install --record /home/james/Desktop/Team-D_group_project/group_d_ros2_ws/build/battery_monitoring_12200335/install.log --install-scripts $base/lib/battery_monitoring_12200335 --single-version-externally-managed
[3.950s] running egg_info
[3.952s] writing ../../build/battery_monitoring_12200335/battery_monitoring_12200335.egg-info/PKG-INFO
[3.954s] writing dependency_links to ../../build/battery_monitoring_12200335/battery_monitoring_12200335.egg-info/dependency_links.txt
[3.954s] writing entry points to ../../build/battery_monitoring_12200335/battery_monitoring_12200335.egg-info/entry_points.txt
[3.957s] writing requirements to ../../build/battery_monitoring_12200335/battery_monitoring_12200335.egg-info/requires.txt
[3.959s] writing top-level names to ../../build/battery_monitoring_12200335/battery_monitoring_12200335.egg-info/top_level.txt
[4.123s] reading manifest file '../../build/battery_monitoring_12200335/battery_monitoring_12200335.egg-info/SOURCES.txt'
[4.124s] writing manifest file '../../build/battery_monitoring_12200335/battery_monitoring_12200335.egg-info/SOURCES.txt'
[4.124s] running build
[4.124s] running build_py
[4.124s] running install
[4.125s] running install_lib
[4.130s] running install_data
[4.130s] running install_egg_info
[4.158s] removing '/home/james/Desktop/Team-D_group_project/group_d_ros2_ws/install/battery_monitoring_12200335/lib/python3.8/site-packages/battery_monitoring_12200335-0.0.0-py3.8.egg-info' (and everything under it)
[4.159s] Copying ../../build/battery_monitoring_12200335/battery_monitoring_12200335.egg-info to /home/james/Desktop/Team-D_group_project/group_d_ros2_ws/install/battery_monitoring_12200335/lib/python3.8/site-packages/battery_monitoring_12200335-0.0.0-py3.8.egg-info
[4.159s] running install_scripts
[4.218s] Installing battery_checker script to /home/james/Desktop/Team-D_group_project/group_d_ros2_ws/install/battery_monitoring_12200335/lib/battery_monitoring_12200335
[4.218s] writing list of installed files to '/home/james/Desktop/Team-D_group_project/group_d_ros2_ws/build/battery_monitoring_12200335/install.log'
[4.482s] Invoked command in '/home/james/Desktop/Team-D_group_project/group_d_ros2_ws/src/battery_monitoring_12200335' returned '0': PYTHONPATH=/home/james/Desktop/Team-D_group_project/group_d_ros2_ws/build/battery_monitoring_12200335/prefix_override:/home/james/Desktop/Team-D_group_project/group_d_ros2_ws/install/battery_monitoring_12200335/lib/python3.8/site-packages:${PYTHONPATH} /usr/bin/python3 setup.py egg_info --egg-base ../../build/battery_monitoring_12200335 build --build-base /home/james/Desktop/Team-D_group_project/group_d_ros2_ws/build/battery_monitoring_12200335/build install --record /home/james/Desktop/Team-D_group_project/group_d_ros2_ws/build/battery_monitoring_12200335/install.log --install-scripts $base/lib/battery_monitoring_12200335 --single-version-externally-managed
