[2.731s] Invoking command in '/home/james/Desktop/Team-D_group_project/group_d_ros2_ws/src/cam_pub_sub': AMENT_PREFIX_PATH=/home/james/Desktop/Team-D_group_project/group_d_ros2_ws/install/cam_interface:${AMENT_PREFIX_PATH} CMAKE_PREFIX_PATH=/home/james/Desktop/Team-D_group_project/group_d_ros2_ws/install/cam_interface LD_LIBRARY_PATH=/home/james/Desktop/Team-D_group_project/group_d_ros2_ws/install/cam_interface/lib:${LD_LIBRARY_PATH} PYTHONPATH=/home/james/Desktop/Team-D_group_project/group_d_ros2_ws/build/cam_pub_sub/prefix_override:/home/james/Desktop/Team-D_group_project/group_d_ros2_ws/install/cam_pub_sub/lib/python3.8/site-packages:/home/james/Desktop/Team-D_group_project/group_d_ros2_ws/install/cam_interface/lib/python3.8/site-packages:${PYTHONPATH} /usr/bin/python3 setup.py egg_info --egg-base ../../build/cam_pub_sub build --build-base /home/james/Desktop/Team-D_group_project/group_d_ros2_ws/build/cam_pub_sub/build install --record /home/james/Desktop/Team-D_group_project/group_d_ros2_ws/build/cam_pub_sub/install.log --single-version-externally-managed
[3.125s] running egg_info
[3.128s] writing ../../build/cam_pub_sub/cam_pub_sub.egg-info/PKG-INFO
[3.129s] writing dependency_links to ../../build/cam_pub_sub/cam_pub_sub.egg-info/dependency_links.txt
[3.130s] writing entry points to ../../build/cam_pub_sub/cam_pub_sub.egg-info/entry_points.txt
[3.131s] writing requirements to ../../build/cam_pub_sub/cam_pub_sub.egg-info/requires.txt
[3.132s] writing top-level names to ../../build/cam_pub_sub/cam_pub_sub.egg-info/top_level.txt
[3.186s] reading manifest file '../../build/cam_pub_sub/cam_pub_sub.egg-info/SOURCES.txt'
[3.188s] writing manifest file '../../build/cam_pub_sub/cam_pub_sub.egg-info/SOURCES.txt'
[3.189s] running build
[3.190s] running build_py
[3.191s] running install
[3.192s] running install_lib
[3.195s] byte-compiling /home/james/Desktop/Team-D_group_project/group_d_ros2_ws/install/cam_pub_sub/lib/python3.8/site-packages/cam_pub_sub/cam_pub.py to cam_pub.cpython-38.pyc
[3.197s] byte-compiling /home/james/Desktop/Team-D_group_project/group_d_ros2_ws/install/cam_pub_sub/lib/python3.8/site-packages/cam_pub_sub/__init__.py to __init__.cpython-38.pyc
[3.198s] byte-compiling /home/james/Desktop/Team-D_group_project/group_d_ros2_ws/install/cam_pub_sub/lib/python3.8/site-packages/cam_pub_sub/cam_sub.py to cam_sub.cpython-38.pyc
[3.200s] running install_data
[3.201s] running install_egg_info
[3.204s] removing '/home/james/Desktop/Team-D_group_project/group_d_ros2_ws/install/cam_pub_sub/lib/python3.8/site-packages/cam_pub_sub-0.0.0-py3.8.egg-info' (and everything under it)
[3.205s] Copying ../../build/cam_pub_sub/cam_pub_sub.egg-info to /home/james/Desktop/Team-D_group_project/group_d_ros2_ws/install/cam_pub_sub/lib/python3.8/site-packages/cam_pub_sub-0.0.0-py3.8.egg-info
[3.206s] running install_scripts
[3.260s] Installing cam_pub script to /home/james/Desktop/Team-D_group_project/group_d_ros2_ws/install/cam_pub_sub/lib/cam_pub_sub
[3.261s] Installing cam_sub script to /home/james/Desktop/Team-D_group_project/group_d_ros2_ws/install/cam_pub_sub/lib/cam_pub_sub
[3.263s] writing list of installed files to '/home/james/Desktop/Team-D_group_project/group_d_ros2_ws/build/cam_pub_sub/install.log'
[3.327s] Invoked command in '/home/james/Desktop/Team-D_group_project/group_d_ros2_ws/src/cam_pub_sub' returned '0': AMENT_PREFIX_PATH=/home/james/Desktop/Team-D_group_project/group_d_ros2_ws/install/cam_interface:${AMENT_PREFIX_PATH} CMAKE_PREFIX_PATH=/home/james/Desktop/Team-D_group_project/group_d_ros2_ws/install/cam_interface LD_LIBRARY_PATH=/home/james/Desktop/Team-D_group_project/group_d_ros2_ws/install/cam_interface/lib:${LD_LIBRARY_PATH} PYTHONPATH=/home/james/Desktop/Team-D_group_project/group_d_ros2_ws/build/cam_pub_sub/prefix_override:/home/james/Desktop/Team-D_group_project/group_d_ros2_ws/install/cam_pub_sub/lib/python3.8/site-packages:/home/james/Desktop/Team-D_group_project/group_d_ros2_ws/install/cam_interface/lib/python3.8/site-packages:${PYTHONPATH} /usr/bin/python3 setup.py egg_info --egg-base ../../build/cam_pub_sub build --build-base /home/james/Desktop/Team-D_group_project/group_d_ros2_ws/build/cam_pub_sub/build install --record /home/james/Desktop/Team-D_group_project/group_d_ros2_ws/build/cam_pub_sub/install.log --single-version-externally-managed
